<?xml version="1.0" encoding="UTF-8"?>
<coverage generated="1700890397147" clover="3.2.0">
  <project timestamp="1700890397147" name="All files">
    <metrics statements="1056" coveredstatements="829" conditionals="325" coveredconditionals="211" methods="128" coveredmethods="116" elements="1509" coveredelements="1156" complexity="0" loc="1056" ncloc="1056" packages="6" files="34" classes="34"/>
    <package name="Data">
      <metrics statements="337" coveredstatements="263" conditionals="161" coveredconditionals="115" methods="37" coveredmethods="35"/>
      <file name="Applications.js" path="C:\Users\HP\Desktop\BUGfix\Group18\backend\Data\Applications.js">
        <metrics statements="70" coveredstatements="36" conditionals="43" coveredconditionals="14" methods="6" coveredmethods="6"/>
        <line num="3" count="1" type="stmt"/>
        <line num="12" count="2" type="stmt"/>
        <line num="13" count="2" type="stmt"/>
        <line num="14" count="2" type="stmt"/>
        <line num="16" count="2" type="cond" truecount="2" falsecount="0"/>
        <line num="17" count="1" type="stmt"/>
        <line num="20" count="1" type="stmt"/>
        <line num="34" count="1" type="stmt"/>
        <line num="36" count="0" type="stmt"/>
        <line num="37" count="0" type="stmt"/>
        <line num="49" count="2" type="stmt"/>
        <line num="50" count="2" type="cond" truecount="4" falsecount="1"/>
        <line num="52" count="0" type="stmt"/>
        <line num="53" count="0" type="cond" truecount="0" falsecount="4"/>
        <line num="54" count="0" type="stmt"/>
        <line num="55" count="0" type="stmt"/>
        <line num="56" count="0" type="cond" truecount="0" falsecount="4"/>
        <line num="57" count="0" type="stmt"/>
        <line num="62" count="0" type="cond" truecount="0" falsecount="2"/>
        <line num="63" count="0" type="stmt"/>
        <line num="65" count="0" type="cond" truecount="0" falsecount="2"/>
        <line num="66" count="0" type="stmt"/>
        <line num="71" count="0" type="stmt"/>
        <line num="72" count="0" type="stmt"/>
        <line num="81" count="0" type="stmt"/>
        <line num="82" count="0" type="stmt"/>
        <line num="86" count="0" type="stmt"/>
        <line num="90" count="0" type="stmt"/>
        <line num="93" count="0" type="stmt"/>
        <line num="94" count="0" type="stmt"/>
        <line num="97" count="2" type="stmt"/>
        <line num="98" count="2" type="stmt"/>
        <line num="101" count="0" type="stmt"/>
        <line num="102" count="0" type="stmt"/>
        <line num="113" count="5" type="stmt"/>
        <line num="114" count="5" type="stmt"/>
        <line num="116" count="5" type="cond" truecount="2" falsecount="0"/>
        <line num="117" count="3" type="stmt"/>
        <line num="118" count="3" type="stmt"/>
        <line num="120" count="1" type="cond" truecount="3" falsecount="1"/>
        <line num="121" count="1" type="stmt"/>
        <line num="122" count="0" type="cond" truecount="0" falsecount="4"/>
        <line num="123" count="0" type="stmt"/>
        <line num="125" count="0" type="stmt"/>
        <line num="128" count="2" type="stmt"/>
        <line num="131" count="2" type="stmt"/>
        <line num="132" count="2" type="stmt"/>
        <line num="143" count="2" type="stmt"/>
        <line num="144" count="2" type="stmt"/>
        <line num="146" count="0" type="cond" truecount="0" falsecount="2"/>
        <line num="147" count="0" type="stmt"/>
        <line num="148" count="0" type="stmt"/>
        <line num="150" count="0" type="cond" truecount="0" falsecount="4"/>
        <line num="151" count="0" type="stmt"/>
        <line num="153" count="0" type="stmt"/>
        <line num="157" count="2" type="stmt"/>
        <line num="158" count="2" type="stmt"/>
        <line num="168" count="1" type="stmt"/>
        <line num="169" count="1" type="stmt"/>
        <line num="171" count="1" type="cond" truecount="1" falsecount="1"/>
        <line num="172" count="1" type="stmt"/>
        <line num="173" count="1" type="stmt"/>
        <line num="175" count="0" type="cond" truecount="0" falsecount="4"/>
        <line num="176" count="0" type="stmt"/>
        <line num="178" count="0" type="stmt"/>
        <line num="182" count="1" type="stmt"/>
        <line num="183" count="1" type="stmt"/>
        <line num="193" count="9" type="stmt"/>
        <line num="194" count="7" type="cond" truecount="2" falsecount="0"/>
        <line num="197" count="1" type="stmt"/>
      </file>
      <file name="Buildings.js" path="C:\Users\HP\Desktop\BUGfix\Group18\backend\Data\Buildings.js">
        <metrics statements="94" coveredstatements="62" conditionals="36" coveredconditionals="26" methods="8" coveredmethods="6"/>
        <line num="1" count="2" type="stmt"/>
        <line num="15" count="5" type="stmt"/>
        <line num="16" count="5" type="cond" truecount="2" falsecount="0"/>
        <line num="17" count="4" type="stmt"/>
        <line num="18" count="3" type="cond" truecount="2" falsecount="0"/>
        <line num="19" count="1" type="stmt"/>
        <line num="20" count="1" type="cond" truecount="1" falsecount="1"/>
        <line num="22" count="2" type="stmt"/>
        <line num="25" count="1" type="stmt"/>
        <line num="28" count="1" type="stmt"/>
        <line num="29" count="1" type="stmt"/>
        <line num="44" count="4" type="stmt"/>
        <line num="45" count="4" type="cond" truecount="2" falsecount="0"/>
        <line num="46" count="3" type="stmt"/>
        <line num="47" count="2" type="cond" truecount="2" falsecount="0"/>
        <line num="48" count="1" type="stmt"/>
        <line num="49" count="1" type="cond" truecount="1" falsecount="1"/>
        <line num="51" count="1" type="stmt"/>
        <line num="54" count="1" type="stmt"/>
        <line num="57" count="1" type="stmt"/>
        <line num="58" count="1" type="stmt"/>
        <line num="75" count="4" type="stmt"/>
        <line num="76" count="4" type="cond" truecount="2" falsecount="0"/>
        <line num="77" count="3" type="stmt"/>
        <line num="78" count="2" type="cond" truecount="2" falsecount="0"/>
        <line num="79" count="1" type="stmt"/>
        <line num="81" count="1" type="cond" truecount="1" falsecount="1"/>
        <line num="82" count="0" type="stmt"/>
        <line num="88" count="0" type="stmt"/>
        <line num="90" count="1" type="stmt"/>
        <line num="93" count="1" type="stmt"/>
        <line num="96" count="1" type="stmt"/>
        <line num="99" count="1" type="stmt"/>
        <line num="100" count="1" type="stmt"/>
        <line num="116" count="5" type="stmt"/>
        <line num="117" count="5" type="cond" truecount="2" falsecount="0"/>
        <line num="118" count="4" type="stmt"/>
        <line num="119" count="3" type="cond" truecount="2" falsecount="0"/>
        <line num="120" count="1" type="stmt"/>
        <line num="122" count="1" type="cond" truecount="1" falsecount="1"/>
        <line num="123" count="1" type="stmt"/>
        <line num="128" count="1" type="stmt"/>
        <line num="130" count="0" type="stmt"/>
        <line num="133" count="2" type="stmt"/>
        <line num="136" count="1" type="stmt"/>
        <line num="139" count="1" type="stmt"/>
        <line num="140" count="1" type="stmt"/>
        <line num="159" count="5" type="stmt"/>
        <line num="160" count="5" type="cond" truecount="2" falsecount="0"/>
        <line num="161" count="4" type="stmt"/>
        <line num="162" count="3" type="cond" truecount="2" falsecount="0"/>
        <line num="163" count="1" type="stmt"/>
        <line num="165" count="1" type="cond" truecount="1" falsecount="1"/>
        <line num="166" count="1" type="stmt"/>
        <line num="170" count="1" type="stmt"/>
        <line num="172" count="0" type="stmt"/>
        <line num="175" count="2" type="stmt"/>
        <line num="178" count="1" type="stmt"/>
        <line num="181" count="1" type="stmt"/>
        <line num="182" count="1" type="stmt"/>
        <line num="195" count="2" type="stmt"/>
        <line num="197" count="2" type="stmt"/>
        <line num="200" count="1" type="cond" truecount="1" falsecount="1"/>
        <line num="202" count="1" type="stmt"/>
        <line num="203" count="1" type="stmt"/>
        <line num="208" count="0" type="stmt"/>
        <line num="210" count="0" type="stmt"/>
        <line num="212" count="0" type="stmt"/>
        <line num="213" count="0" type="stmt"/>
        <line num="215" count="0" type="cond" truecount="0" falsecount="2"/>
        <line num="216" count="0" type="stmt"/>
        <line num="219" count="0" type="stmt"/>
        <line num="220" count="0" type="stmt"/>
        <line num="222" count="0" type="stmt"/>
        <line num="223" count="0" type="stmt"/>
        <line num="225" count="0" type="stmt"/>
        <line num="226" count="0" type="stmt"/>
        <line num="227" count="0" type="stmt"/>
        <line num="229" count="0" type="stmt"/>
        <line num="230" count="0" type="stmt"/>
        <line num="231" count="0" type="stmt"/>
        <line num="232" count="0" type="stmt"/>
        <line num="233" count="0" type="stmt"/>
        <line num="234" count="0" type="stmt"/>
        <line num="235" count="0" type="stmt"/>
        <line num="236" count="0" type="stmt"/>
        <line num="237" count="0" type="stmt"/>
        <line num="238" count="0" type="stmt"/>
        <line num="245" count="0" type="stmt"/>
        <line num="251" count="0" type="stmt"/>
        <line num="252" count="0" type="stmt"/>
        <line num="262" count="0" type="stmt"/>
        <line num="263" count="0" type="cond" truecount="0" falsecount="2"/>
        <line num="267" count="2" type="stmt"/>
      </file>
      <file name="Listings.js" path="C:\Users\HP\Desktop\BUGfix\Group18\backend\Data\Listings.js">
        <metrics statements="63" coveredstatements="56" conditionals="34" coveredconditionals="28" methods="7" coveredmethods="7"/>
        <line num="1" count="3" type="stmt"/>
        <line num="16" count="5" type="stmt"/>
        <line num="17" count="5" type="cond" truecount="2" falsecount="0"/>
        <line num="18" count="4" type="stmt"/>
        <line num="19" count="4" type="stmt"/>
        <line num="22" count="4" type="cond" truecount="3" falsecount="1"/>
        <line num="23" count="4" type="stmt"/>
        <line num="34" count="3" type="stmt"/>
        <line num="36" count="0" type="stmt"/>
        <line num="39" count="1" type="stmt"/>
        <line num="42" count="1" type="stmt"/>
        <line num="43" count="1" type="stmt"/>
        <line num="59" count="5" type="stmt"/>
        <line num="60" count="5" type="cond" truecount="2" falsecount="0"/>
        <line num="61" count="4" type="stmt"/>
        <line num="62" count="4" type="stmt"/>
        <line num="65" count="3" type="cond" truecount="3" falsecount="1"/>
        <line num="66" count="3" type="stmt"/>
        <line num="68" count="0" type="stmt"/>
        <line num="71" count="1" type="stmt"/>
        <line num="74" count="1" type="stmt"/>
        <line num="75" count="1" type="stmt"/>
        <line num="88" count="4" type="stmt"/>
        <line num="89" count="4" type="stmt"/>
        <line num="94" count="3" type="cond" truecount="2" falsecount="0"/>
        <line num="95" count="2" type="stmt"/>
        <line num="106" count="1" type="stmt"/>
        <line num="108" count="2" type="stmt"/>
        <line num="111" count="1" type="stmt"/>
        <line num="112" count="1" type="stmt"/>
        <line num="128" count="4" type="stmt"/>
        <line num="129" count="4" type="cond" truecount="2" falsecount="0"/>
        <line num="130" count="3" type="stmt"/>
        <line num="131" count="2" type="stmt"/>
        <line num="134" count="2" type="cond" truecount="3" falsecount="1"/>
        <line num="135" count="2" type="stmt"/>
        <line num="137" count="0" type="stmt"/>
        <line num="140" count="1" type="stmt"/>
        <line num="143" count="1" type="stmt"/>
        <line num="144" count="1" type="stmt"/>
        <line num="161" count="5" type="stmt"/>
        <line num="162" count="5" type="cond" truecount="2" falsecount="0"/>
        <line num="163" count="3" type="stmt"/>
        <line num="164" count="3" type="stmt"/>
        <line num="167" count="3" type="cond" truecount="3" falsecount="1"/>
        <line num="168" count="3" type="stmt"/>
        <line num="180" count="3" type="stmt"/>
        <line num="182" count="0" type="stmt"/>
        <line num="185" count="2" type="stmt"/>
        <line num="188" count="0" type="stmt"/>
        <line num="189" count="0" type="stmt"/>
        <line num="205" count="5" type="stmt"/>
        <line num="206" count="5" type="cond" truecount="2" falsecount="0"/>
        <line num="207" count="3" type="stmt"/>
        <line num="208" count="3" type="stmt"/>
        <line num="211" count="3" type="cond" truecount="3" falsecount="1"/>
        <line num="212" count="3" type="stmt"/>
        <line num="217" count="2" type="stmt"/>
        <line num="219" count="0" type="stmt"/>
        <line num="222" count="2" type="stmt"/>
        <line num="225" count="1" type="stmt"/>
        <line num="226" count="1" type="stmt"/>
        <line num="230" count="3" type="stmt"/>
      </file>
      <file name="Notices.js" path="C:\Users\HP\Desktop\BUGfix\Group18\backend\Data\Notices.js">
        <metrics statements="87" coveredstatements="86" conditionals="48" coveredconditionals="47" methods="6" coveredmethods="6"/>
        <line num="2" count="3" type="stmt"/>
        <line num="16" count="11" type="stmt"/>
        <line num="17" count="11" type="cond" truecount="2" falsecount="0"/>
        <line num="18" count="5" type="stmt"/>
        <line num="20" count="4" type="cond" truecount="2" falsecount="0"/>
        <line num="21" count="2" type="stmt"/>
        <line num="23" count="2" type="cond" truecount="1" falsecount="1"/>
        <line num="24" count="2" type="stmt"/>
        <line num="26" count="0" type="stmt"/>
        <line num="29" count="2" type="stmt"/>
        <line num="31" count="6" type="cond" truecount="2" falsecount="0"/>
        <line num="32" count="5" type="stmt"/>
        <line num="34" count="4" type="cond" truecount="2" falsecount="0"/>
        <line num="35" count="2" type="stmt"/>
        <line num="36" count="2" type="stmt"/>
        <line num="38" count="2" type="cond" truecount="2" falsecount="0"/>
        <line num="39" count="1" type="stmt"/>
        <line num="41" count="1" type="stmt"/>
        <line num="44" count="2" type="stmt"/>
        <line num="47" count="1" type="stmt"/>
        <line num="50" count="2" type="stmt"/>
        <line num="51" count="2" type="stmt"/>
        <line num="66" count="7" type="stmt"/>
        <line num="67" count="7" type="cond" truecount="2" falsecount="0"/>
        <line num="68" count="5" type="stmt"/>
        <line num="70" count="4" type="cond" truecount="2" falsecount="0"/>
        <line num="71" count="2" type="stmt"/>
        <line num="72" count="2" type="stmt"/>
        <line num="74" count="2" type="cond" truecount="4" falsecount="0"/>
        <line num="75" count="1" type="stmt"/>
        <line num="77" count="1" type="stmt"/>
        <line num="80" count="2" type="stmt"/>
        <line num="83" count="2" type="stmt"/>
        <line num="86" count="1" type="stmt"/>
        <line num="87" count="1" type="stmt"/>
        <line num="103" count="5" type="stmt"/>
        <line num="104" count="5" type="cond" truecount="2" falsecount="0"/>
        <line num="105" count="4" type="stmt"/>
        <line num="107" count="3" type="cond" truecount="2" falsecount="0"/>
        <line num="108" count="2" type="stmt"/>
        <line num="110" count="2" type="cond" truecount="4" falsecount="0"/>
        <line num="111" count="1" type="stmt"/>
        <line num="113" count="1" type="stmt"/>
        <line num="116" count="1" type="stmt"/>
        <line num="119" count="1" type="stmt"/>
        <line num="122" count="1" type="stmt"/>
        <line num="123" count="1" type="stmt"/>
        <line num="140" count="8" type="stmt"/>
        <line num="141" count="8" type="cond" truecount="2" falsecount="0"/>
        <line num="142" count="6" type="stmt"/>
        <line num="144" count="5" type="cond" truecount="2" falsecount="0"/>
        <line num="145" count="3" type="stmt"/>
        <line num="147" count="3" type="cond" truecount="4" falsecount="0"/>
        <line num="148" count="2" type="stmt"/>
        <line num="156" count="2" type="stmt"/>
        <line num="158" count="1" type="stmt"/>
        <line num="161" count="2" type="stmt"/>
        <line num="164" count="2" type="stmt"/>
        <line num="167" count="1" type="stmt"/>
        <line num="168" count="1" type="stmt"/>
        <line num="184" count="8" type="stmt"/>
        <line num="185" count="8" type="cond" truecount="2" falsecount="0"/>
        <line num="186" count="6" type="stmt"/>
        <line num="188" count="5" type="cond" truecount="2" falsecount="0"/>
        <line num="189" count="3" type="stmt"/>
        <line num="191" count="3" type="cond" truecount="2" falsecount="0"/>
        <line num="192" count="2" type="stmt"/>
        <line num="197" count="2" type="stmt"/>
        <line num="199" count="1" type="stmt"/>
        <line num="202" count="2" type="stmt"/>
        <line num="205" count="2" type="stmt"/>
        <line num="208" count="1" type="stmt"/>
        <line num="209" count="1" type="stmt"/>
        <line num="228" count="8" type="stmt"/>
        <line num="229" count="8" type="cond" truecount="2" falsecount="0"/>
        <line num="230" count="6" type="stmt"/>
        <line num="232" count="5" type="cond" truecount="2" falsecount="0"/>
        <line num="233" count="3" type="stmt"/>
        <line num="235" count="3" type="cond" truecount="2" falsecount="0"/>
        <line num="236" count="2" type="stmt"/>
        <line num="240" count="2" type="stmt"/>
        <line num="242" count="1" type="stmt"/>
        <line num="245" count="2" type="stmt"/>
        <line num="248" count="2" type="stmt"/>
        <line num="251" count="1" type="stmt"/>
        <line num="252" count="1" type="stmt"/>
        <line num="257" count="3" type="stmt"/>
      </file>
      <file name="Users.js" path="C:\Users\HP\Desktop\BUGfix\Group18\backend\Data\Users.js">
        <metrics statements="14" coveredstatements="14" conditionals="0" coveredconditionals="0" methods="2" coveredmethods="2"/>
        <line num="1" count="3" type="stmt"/>
        <line num="2" count="3" type="stmt"/>
        <line num="14" count="3" type="stmt"/>
        <line num="15" count="3" type="stmt"/>
        <line num="16" count="2" type="stmt"/>
        <line num="18" count="1" type="stmt"/>
        <line num="19" count="1" type="stmt"/>
        <line num="37" count="2" type="stmt"/>
        <line num="39" count="2" type="stmt"/>
        <line num="42" count="2" type="stmt"/>
        <line num="49" count="1" type="stmt"/>
        <line num="51" count="1" type="stmt"/>
        <line num="52" count="1" type="stmt"/>
        <line num="57" count="3" type="stmt"/>
      </file>
      <file name="WishList.js" path="C:\Users\HP\Desktop\BUGfix\Group18\backend\Data\WishList.js">
        <metrics statements="9" coveredstatements="9" conditionals="0" coveredconditionals="0" methods="8" coveredmethods="8"/>
        <line num="2" count="3" type="stmt"/>
        <line num="10" count="3" type="stmt"/>
        <line num="22" count="2" type="stmt"/>
        <line num="31" count="2" type="stmt"/>
        <line num="45" count="3" type="stmt"/>
        <line num="58" count="5" type="stmt"/>
        <line num="68" count="4" type="stmt"/>
        <line num="78" count="2" type="stmt"/>
        <line num="81" count="3" type="stmt"/>
      </file>
    </package>
    <package name="Middleware">
      <metrics statements="11" coveredstatements="11" conditionals="4" coveredconditionals="3" methods="1" coveredmethods="1"/>
      <file name="middleware.js" path="C:\Users\HP\Desktop\BUGfix\Group18\backend\Middleware\middleware.js">
        <metrics statements="11" coveredstatements="11" conditionals="4" coveredconditionals="3" methods="1" coveredmethods="1"/>
        <line num="1" count="6" type="stmt"/>
        <line num="3" count="6" type="stmt"/>
        <line num="4" count="46" type="stmt"/>
        <line num="6" count="46" type="cond" truecount="2" falsecount="0"/>
        <line num="8" count="45" type="stmt"/>
        <line num="9" count="45" type="stmt"/>
        <line num="10" count="40" type="stmt"/>
        <line num="11" count="40" type="cond" truecount="1" falsecount="1"/>
        <line num="12" count="40" type="stmt"/>
        <line num="15" count="5" type="stmt"/>
        <line num="19" count="6" type="stmt"/>
      </file>
    </package>
    <package name="Service">
      <metrics statements="148" coveredstatements="144" conditionals="30" coveredconditionals="27" methods="30" coveredmethods="30"/>
      <file name="Applications.js" path="C:\Users\HP\Desktop\BUGfix\Group18\backend\Service\Applications.js">
        <metrics statements="9" coveredstatements="9" conditionals="0" coveredconditionals="0" methods="5" coveredmethods="5"/>
        <line num="3" count="1" type="stmt"/>
        <line num="12" count="1" type="stmt"/>
        <line num="23" count="1" type="stmt"/>
        <line num="24" count="1" type="stmt"/>
        <line num="25" count="1" type="stmt"/>
        <line num="35" count="1" type="stmt"/>
        <line num="45" count="1" type="stmt"/>
        <line num="54" count="1" type="stmt"/>
        <line num="57" count="1" type="stmt"/>
      </file>
      <file name="Buildings.js" path="C:\Users\HP\Desktop\BUGfix\Group18\backend\Service\Buildings.js">
        <metrics statements="29" coveredstatements="29" conditionals="0" coveredconditionals="0" methods="7" coveredmethods="7"/>
        <line num="1" count="1" type="stmt"/>
        <line num="15" count="2" type="stmt"/>
        <line num="16" count="2" type="stmt"/>
        <line num="18" count="1" type="stmt"/>
        <line num="19" count="1" type="stmt"/>
        <line num="34" count="2" type="stmt"/>
        <line num="35" count="2" type="stmt"/>
        <line num="37" count="1" type="stmt"/>
        <line num="38" count="1" type="stmt"/>
        <line num="55" count="2" type="stmt"/>
        <line num="56" count="2" type="stmt"/>
        <line num="58" count="1" type="stmt"/>
        <line num="59" count="1" type="stmt"/>
        <line num="75" count="2" type="stmt"/>
        <line num="76" count="2" type="stmt"/>
        <line num="78" count="1" type="stmt"/>
        <line num="79" count="1" type="stmt"/>
        <line num="98" count="2" type="stmt"/>
        <line num="99" count="2" type="stmt"/>
        <line num="101" count="1" type="stmt"/>
        <line num="102" count="1" type="stmt"/>
        <line num="115" count="2" type="stmt"/>
        <line num="116" count="2" type="stmt"/>
        <line num="118" count="1" type="stmt"/>
        <line num="119" count="1" type="stmt"/>
        <line num="125" count="2" type="stmt"/>
        <line num="126" count="1" type="stmt"/>
        <line num="127" count="1" type="stmt"/>
        <line num="131" count="1" type="stmt"/>
      </file>
      <file name="Listings.js" path="C:\Users\HP\Desktop\BUGfix\Group18\backend\Service\Listings.js">
        <metrics statements="8" coveredstatements="8" conditionals="0" coveredconditionals="0" methods="6" coveredmethods="6"/>
        <line num="1" count="2" type="stmt"/>
        <line num="16" count="3" type="stmt"/>
        <line num="32" count="1" type="stmt"/>
        <line num="44" count="1" type="stmt"/>
        <line num="59" count="2" type="stmt"/>
        <line num="75" count="2" type="stmt"/>
        <line num="90" count="3" type="stmt"/>
        <line num="93" count="2" type="stmt"/>
      </file>
      <file name="Notices.js" path="C:\Users\HP\Desktop\BUGfix\Group18\backend\Service\Notices.js">
        <metrics statements="26" coveredstatements="26" conditionals="0" coveredconditionals="0" methods="6" coveredmethods="6"/>
        <line num="1" count="2" type="stmt"/>
        <line num="15" count="4" type="stmt"/>
        <line num="16" count="4" type="stmt"/>
        <line num="18" count="1" type="stmt"/>
        <line num="19" count="1" type="stmt"/>
        <line num="34" count="4" type="stmt"/>
        <line num="35" count="4" type="stmt"/>
        <line num="37" count="1" type="stmt"/>
        <line num="38" count="1" type="stmt"/>
        <line num="54" count="2" type="stmt"/>
        <line num="55" count="2" type="stmt"/>
        <line num="57" count="1" type="stmt"/>
        <line num="58" count="1" type="stmt"/>
        <line num="75" count="5" type="stmt"/>
        <line num="76" count="5" type="stmt"/>
        <line num="78" count="1" type="stmt"/>
        <line num="79" count="1" type="stmt"/>
        <line num="95" count="5" type="stmt"/>
        <line num="96" count="5" type="stmt"/>
        <line num="98" count="1" type="stmt"/>
        <line num="99" count="1" type="stmt"/>
        <line num="118" count="5" type="stmt"/>
        <line num="119" count="5" type="stmt"/>
        <line num="121" count="1" type="stmt"/>
        <line num="122" count="1" type="stmt"/>
        <line num="127" count="2" type="stmt"/>
      </file>
      <file name="Users.js" path="C:\Users\HP\Desktop\BUGfix\Group18\backend\Service\Users.js">
        <metrics statements="42" coveredstatements="39" conditionals="20" coveredconditionals="18" methods="2" coveredmethods="2"/>
        <line num="1" count="2" type="stmt"/>
        <line num="2" count="2" type="stmt"/>
        <line num="3" count="2" type="stmt"/>
        <line num="4" count="2" type="stmt"/>
        <line num="35" count="5" type="stmt"/>
        <line num="36" count="5" type="stmt"/>
        <line num="38" count="5" type="cond" truecount="2" falsecount="0"/>
        <line num="39" count="1" type="stmt"/>
        <line num="43" count="4" type="cond" truecount="2" falsecount="0"/>
        <line num="44" count="1" type="stmt"/>
        <line num="45" count="1" type="stmt"/>
        <line num="47" count="1" type="cond" truecount="3" falsecount="1"/>
        <line num="48" count="1" type="stmt"/>
        <line num="49" count="1" type="stmt"/>
        <line num="50" count="1" type="stmt"/>
        <line num="51" count="1" type="stmt"/>
        <line num="53" count="0" type="stmt"/>
        <line num="55" count="3" type="cond" truecount="4" falsecount="0"/>
        <line num="56" count="2" type="stmt"/>
        <line num="58" count="2" type="cond" truecount="2" falsecount="0"/>
        <line num="59" count="1" type="stmt"/>
        <line num="60" count="1" type="stmt"/>
        <line num="61" count="1" type="cond" truecount="1" falsecount="1"/>
        <line num="62" count="1" type="stmt"/>
        <line num="63" count="1" type="stmt"/>
        <line num="66" count="2" type="stmt"/>
        <line num="68" count="1" type="stmt"/>
        <line num="71" count="3" type="stmt"/>
        <line num="73" count="0" type="stmt"/>
        <line num="74" count="0" type="stmt"/>
        <line num="90" count="6" type="stmt"/>
        <line num="91" count="6" type="stmt"/>
        <line num="93" count="5" type="cond" truecount="2" falsecount="0"/>
        <line num="94" count="2" type="stmt"/>
        <line num="97" count="3" type="stmt"/>
        <line num="99" count="3" type="cond" truecount="2" falsecount="0"/>
        <line num="100" count="1" type="stmt"/>
        <line num="103" count="2" type="stmt"/>
        <line num="108" count="1" type="stmt"/>
        <line num="117" count="2" type="stmt"/>
        <line num="118" count="2" type="stmt"/>
        <line num="122" count="2" type="stmt"/>
      </file>
      <file name="Wishlist.js" path="C:\Users\HP\Desktop\BUGfix\Group18\backend\Service\Wishlist.js">
        <metrics statements="34" coveredstatements="33" conditionals="10" coveredconditionals="9" methods="4" coveredmethods="4"/>
        <line num="2" count="2" type="stmt"/>
        <line num="3" count="2" type="stmt"/>
        <line num="12" count="3" type="stmt"/>
        <line num="13" count="3" type="stmt"/>
        <line num="14" count="3" type="stmt"/>
        <line num="15" count="2" type="stmt"/>
        <line num="16" count="2" type="stmt"/>
        <line num="18" count="2" type="cond" truecount="1" falsecount="1"/>
        <line num="19" count="3" type="stmt"/>
        <line num="31" count="2" type="stmt"/>
        <line num="37" count="0" type="stmt"/>
        <line num="43" count="1" type="stmt"/>
        <line num="44" count="1" type="stmt"/>
        <line num="58" count="5" type="stmt"/>
        <line num="59" count="5" type="stmt"/>
        <line num="60" count="5" type="stmt"/>
        <line num="61" count="5" type="stmt"/>
        <line num="63" count="4" type="cond" truecount="4" falsecount="0"/>
        <line num="64" count="2" type="stmt"/>
        <line num="66" count="2" type="stmt"/>
        <line num="71" count="2" type="stmt"/>
        <line num="77" count="1" type="stmt"/>
        <line num="78" count="1" type="stmt"/>
        <line num="92" count="5" type="stmt"/>
        <line num="93" count="5" type="stmt"/>
        <line num="94" count="5" type="stmt"/>
        <line num="95" count="5" type="stmt"/>
        <line num="97" count="4" type="cond" truecount="2" falsecount="0"/>
        <line num="98" count="2" type="stmt"/>
        <line num="100" count="2" type="stmt"/>
        <line num="105" count="2" type="stmt"/>
        <line num="111" count="1" type="stmt"/>
        <line num="112" count="1" type="stmt"/>
        <line num="119" count="2" type="stmt"/>
      </file>
    </package>
    <package name="models">
      <metrics statements="96" coveredstatements="90" conditionals="10" coveredconditionals="8" methods="24" coveredmethods="22"/>
      <file name="Applications.js" path="C:\Users\HP\Desktop\BUGfix\Group18\backend\models\Applications.js">
        <metrics statements="3" coveredstatements="3" conditionals="0" coveredconditionals="0" methods="1" coveredmethods="1"/>
        <line num="1" count="17" type="stmt"/>
        <line num="2" count="17" type="stmt"/>
        <line num="44" count="17" type="stmt"/>
      </file>
      <file name="Buildings.js" path="C:\Users\HP\Desktop\BUGfix\Group18\backend\models\Buildings.js">
        <metrics statements="8" coveredstatements="8" conditionals="0" coveredconditionals="0" methods="2" coveredmethods="2"/>
        <line num="1" count="17" type="stmt"/>
        <line num="2" count="17" type="stmt"/>
        <line num="18" count="17" type="stmt"/>
        <line num="19" count="17" type="stmt"/>
        <line num="23" count="17" type="stmt"/>
        <line num="26" count="17" type="stmt"/>
        <line num="29" count="17" type="stmt"/>
        <line num="35" count="17" type="stmt"/>
      </file>
      <file name="Guests.js" path="C:\Users\HP\Desktop\BUGfix\Group18\backend\models\Guests.js">
        <metrics statements="5" coveredstatements="5" conditionals="0" coveredconditionals="0" methods="2" coveredmethods="2"/>
        <line num="1" count="17" type="stmt"/>
        <line num="2" count="17" type="stmt"/>
        <line num="14" count="17" type="stmt"/>
        <line num="15" count="17" type="stmt"/>
        <line num="19" count="17" type="stmt"/>
      </file>
      <file name="Listings.js" path="C:\Users\HP\Desktop\BUGfix\Group18\backend\models\Listings.js">
        <metrics statements="10" coveredstatements="10" conditionals="0" coveredconditionals="0" methods="2" coveredmethods="2"/>
        <line num="1" count="17" type="stmt"/>
        <line num="2" count="17" type="stmt"/>
        <line num="3" count="17" type="stmt"/>
        <line num="4" count="17" type="stmt"/>
        <line num="38" count="17" type="stmt"/>
        <line num="39" count="17" type="stmt"/>
        <line num="44" count="17" type="stmt"/>
        <line num="47" count="17" type="stmt"/>
        <line num="48" count="17" type="stmt"/>
        <line num="53" count="17" type="stmt"/>
      </file>
      <file name="Manager.js" path="C:\Users\HP\Desktop\BUGfix\Group18\backend\models\Manager.js">
        <metrics statements="9" coveredstatements="9" conditionals="0" coveredconditionals="0" methods="2" coveredmethods="2"/>
        <line num="1" count="17" type="stmt"/>
        <line num="2" count="17" type="stmt"/>
        <line num="15" count="17" type="stmt"/>
        <line num="16" count="17" type="stmt"/>
        <line num="19" count="17" type="stmt"/>
        <line num="22" count="17" type="stmt"/>
        <line num="25" count="17" type="stmt"/>
        <line num="28" count="17" type="stmt"/>
        <line num="33" count="17" type="stmt"/>
      </file>
      <file name="NewsFeeds.js" path="C:\Users\HP\Desktop\BUGfix\Group18\backend\models\NewsFeeds.js">
        <metrics statements="12" coveredstatements="7" conditionals="0" coveredconditionals="0" methods="4" coveredmethods="2"/>
        <line num="2" count="17" type="stmt"/>
        <line num="3" count="0" type="stmt"/>
        <line num="24" count="0" type="stmt"/>
        <line num="26" count="0" type="stmt"/>
        <line num="27" count="0" type="stmt"/>
        <line num="30" count="0" type="stmt"/>
        <line num="33" count="17" type="stmt"/>
        <line num="34" count="17" type="stmt"/>
        <line num="55" count="17" type="stmt"/>
        <line num="57" count="17" type="stmt"/>
        <line num="58" count="17" type="stmt"/>
        <line num="61" count="17" type="stmt"/>
      </file>
      <file name="Notices.js" path="C:\Users\HP\Desktop\BUGfix\Group18\backend\models\Notices.js">
        <metrics statements="3" coveredstatements="3" conditionals="0" coveredconditionals="0" methods="1" coveredmethods="1"/>
        <line num="1" count="17" type="stmt"/>
        <line num="2" count="17" type="stmt"/>
        <line num="23" count="17" type="stmt"/>
      </file>
      <file name="Payments.js" path="C:\Users\HP\Desktop\BUGfix\Group18\backend\models\Payments.js">
        <metrics statements="3" coveredstatements="3" conditionals="0" coveredconditionals="0" methods="1" coveredmethods="1"/>
        <line num="1" count="17" type="stmt"/>
        <line num="2" count="17" type="stmt"/>
        <line num="21" count="17" type="stmt"/>
      </file>
      <file name="Tenants.js" path="C:\Users\HP\Desktop\BUGfix\Group18\backend\models\Tenants.js">
        <metrics statements="7" coveredstatements="7" conditionals="0" coveredconditionals="0" methods="2" coveredmethods="2"/>
        <line num="1" count="17" type="stmt"/>
        <line num="2" count="17" type="stmt"/>
        <line num="18" count="17" type="stmt"/>
        <line num="19" count="17" type="stmt"/>
        <line num="20" count="17" type="stmt"/>
        <line num="23" count="17" type="stmt"/>
        <line num="30" count="17" type="stmt"/>
      </file>
      <file name="WishList.js" path="C:\Users\HP\Desktop\BUGfix\Group18\backend\models\WishList.js">
        <metrics statements="6" coveredstatements="6" conditionals="0" coveredconditionals="0" methods="2" coveredmethods="2"/>
        <line num="1" count="17" type="stmt"/>
        <line num="2" count="17" type="stmt"/>
        <line num="8" count="17" type="stmt"/>
        <line num="9" count="17" type="stmt"/>
        <line num="10" count="17" type="stmt"/>
        <line num="13" count="17" type="stmt"/>
      </file>
      <file name="index.js" path="C:\Users\HP\Desktop\BUGfix\Group18\backend\models\index.js">
        <metrics statements="21" coveredstatements="20" conditionals="10" coveredconditionals="8" methods="3" coveredmethods="3"/>
        <line num="3" count="17" type="stmt"/>
        <line num="4" count="17" type="stmt"/>
        <line num="5" count="17" type="stmt"/>
        <line num="6" count="17" type="stmt"/>
        <line num="7" count="17" type="stmt"/>
        <line num="8" count="17" type="cond" truecount="1" falsecount="1"/>
        <line num="9" count="17" type="stmt"/>
        <line num="10" count="17" type="stmt"/>
        <line num="13" count="17" type="cond" truecount="1" falsecount="1"/>
        <line num="14" count="0" type="stmt"/>
        <line num="16" count="17" type="stmt"/>
        <line num="19" count="17" type="stmt"/>
        <line num="22" count="221" type="stmt"/>
        <line num="30" count="187" type="stmt"/>
        <line num="31" count="187" type="stmt"/>
        <line num="34" count="17" type="stmt"/>
        <line num="35" count="187" type="cond" truecount="2" falsecount="0"/>
        <line num="36" count="136" type="stmt"/>
        <line num="40" count="17" type="stmt"/>
        <line num="41" count="17" type="stmt"/>
        <line num="43" count="17" type="stmt"/>
      </file>
      <file name="users.js" path="C:\Users\HP\Desktop\BUGfix\Group18\backend\models\users.js">
        <metrics statements="9" coveredstatements="9" conditionals="0" coveredconditionals="0" methods="2" coveredmethods="2"/>
        <line num="1" count="17" type="stmt"/>
        <line num="2" count="17" type="stmt"/>
        <line num="23" count="17" type="stmt"/>
        <line num="24" count="17" type="stmt"/>
        <line num="25" count="17" type="stmt"/>
        <line num="26" count="17" type="stmt"/>
        <line num="27" count="17" type="stmt"/>
        <line num="30" count="17" type="stmt"/>
        <line num="36" count="17" type="stmt"/>
      </file>
    </package>
    <package name="routes">
      <metrics statements="440" coveredstatements="297" conditionals="112" coveredconditionals="50" methods="35" coveredmethods="27"/>
      <file name="Applications.js" path="C:\Users\HP\Desktop\BUGfix\Group18\backend\routes\Applications.js">
        <metrics statements="60" coveredstatements="47" conditionals="10" coveredconditionals="5" methods="5" coveredmethods="5"/>
        <line num="6" count="2" type="stmt"/>
        <line num="7" count="2" type="stmt"/>
        <line num="8" count="2" type="stmt"/>
        <line num="9" count="2" type="stmt"/>
        <line num="21" count="2" type="stmt"/>
        <line num="22" count="2" type="stmt"/>
        <line num="24" count="2" type="stmt"/>
        <line num="25" count="2" type="stmt"/>
        <line num="26" count="2" type="stmt"/>
        <line num="27" count="2" type="stmt"/>
        <line num="28" count="2" type="stmt"/>
        <line num="30" count="2" type="stmt"/>
        <line num="33" count="2" type="cond" truecount="1" falsecount="1"/>
        <line num="34" count="2" type="stmt"/>
        <line num="36" count="0" type="stmt"/>
        <line num="39" count="0" type="stmt"/>
        <line num="40" count="0" type="stmt"/>
        <line num="54" count="2" type="stmt"/>
        <line num="55" count="2" type="stmt"/>
        <line num="57" count="2" type="stmt"/>
        <line num="58" count="2" type="stmt"/>
        <line num="59" count="2" type="stmt"/>
        <line num="62" count="2" type="stmt"/>
        <line num="63" count="1" type="stmt"/>
        <line num="65" count="1" type="cond" truecount="1" falsecount="1"/>
        <line num="66" count="1" type="stmt"/>
        <line num="68" count="0" type="stmt"/>
        <line num="71" count="1" type="stmt"/>
        <line num="72" count="1" type="stmt"/>
        <line num="86" count="2" type="stmt"/>
        <line num="87" count="2" type="stmt"/>
        <line num="89" count="2" type="stmt"/>
        <line num="90" count="2" type="stmt"/>
        <line num="91" count="2" type="stmt"/>
        <line num="94" count="2" type="stmt"/>
        <line num="97" count="2" type="cond" truecount="1" falsecount="1"/>
        <line num="98" count="2" type="stmt"/>
        <line num="100" count="0" type="stmt"/>
        <line num="103" count="0" type="stmt"/>
        <line num="104" count="0" type="stmt"/>
        <line num="118" count="2" type="stmt"/>
        <line num="119" count="2" type="stmt"/>
        <line num="121" count="2" type="stmt"/>
        <line num="122" count="2" type="stmt"/>
        <line num="125" count="2" type="stmt"/>
        <line num="128" count="2" type="cond" truecount="1" falsecount="1"/>
        <line num="129" count="2" type="stmt"/>
        <line num="131" count="0" type="stmt"/>
        <line num="134" count="0" type="stmt"/>
        <line num="135" count="0" type="stmt"/>
        <line num="149" count="2" type="stmt"/>
        <line num="150" count="2" type="stmt"/>
        <line num="152" count="2" type="stmt"/>
        <line num="155" count="2" type="stmt"/>
        <line num="158" count="2" type="cond" truecount="1" falsecount="1"/>
        <line num="159" count="2" type="stmt"/>
        <line num="161" count="0" type="stmt"/>
        <line num="164" count="0" type="stmt"/>
        <line num="165" count="0" type="stmt"/>
        <line num="169" count="2" type="stmt"/>
      </file>
      <file name="Buildings.js" path="C:\Users\HP\Desktop\BUGfix\Group18\backend\routes\Buildings.js">
        <metrics statements="82" coveredstatements="48" conditionals="18" coveredconditionals="5" methods="7" coveredmethods="5"/>
        <line num="6" count="1" type="stmt"/>
        <line num="7" count="1" type="stmt"/>
        <line num="8" count="1" type="stmt"/>
        <line num="9" count="1" type="stmt"/>
        <line num="10" count="1" type="stmt"/>
        <line num="22" count="1" type="stmt"/>
        <line num="23" count="0" type="stmt"/>
        <line num="24" count="0" type="stmt"/>
        <line num="25" count="0" type="cond" truecount="0" falsecount="2"/>
        <line num="26" count="0" type="stmt"/>
        <line num="27" count="0" type="stmt"/>
        <line num="28" count="0" type="cond" truecount="0" falsecount="4"/>
        <line num="29" count="0" type="stmt"/>
        <line num="33" count="0" type="stmt"/>
        <line num="37" count="0" type="stmt"/>
        <line num="41" count="1" type="stmt"/>
        <line num="42" count="1" type="stmt"/>
        <line num="43" count="1" type="stmt"/>
        <line num="45" count="1" type="stmt"/>
        <line num="46" count="1" type="stmt"/>
        <line num="49" count="1" type="cond" truecount="1" falsecount="1"/>
        <line num="50" count="1" type="stmt"/>
        <line num="52" count="0" type="stmt"/>
        <line num="55" count="0" type="stmt"/>
        <line num="56" count="0" type="stmt"/>
        <line num="70" count="1" type="stmt"/>
        <line num="71" count="0" type="stmt"/>
        <line num="72" count="0" type="stmt"/>
        <line num="74" count="0" type="stmt"/>
        <line num="75" count="0" type="stmt"/>
        <line num="78" count="0" type="stmt"/>
        <line num="81" count="0" type="cond" truecount="0" falsecount="2"/>
        <line num="82" count="0" type="stmt"/>
        <line num="84" count="0" type="stmt"/>
        <line num="87" count="0" type="stmt"/>
        <line num="88" count="0" type="stmt"/>
        <line num="102" count="1" type="stmt"/>
        <line num="103" count="1" type="stmt"/>
        <line num="105" count="1" type="stmt"/>
        <line num="106" count="1" type="stmt"/>
        <line num="107" count="1" type="stmt"/>
        <line num="108" count="1" type="stmt"/>
        <line num="111" count="1" type="stmt"/>
        <line num="114" count="1" type="cond" truecount="1" falsecount="1"/>
        <line num="115" count="1" type="stmt"/>
        <line num="117" count="0" type="stmt"/>
        <line num="120" count="0" type="stmt"/>
        <line num="121" count="0" type="stmt"/>
        <line num="135" count="1" type="stmt"/>
        <line num="136" count="5" type="stmt"/>
        <line num="138" count="5" type="stmt"/>
        <line num="139" count="5" type="stmt"/>
        <line num="140" count="5" type="stmt"/>
        <line num="143" count="5" type="stmt"/>
        <line num="146" count="5" type="cond" truecount="1" falsecount="1"/>
        <line num="147" count="5" type="stmt"/>
        <line num="149" count="0" type="stmt"/>
        <line num="152" count="0" type="stmt"/>
        <line num="153" count="0" type="stmt"/>
        <line num="167" count="1" type="stmt"/>
        <line num="168" count="5" type="stmt"/>
        <line num="170" count="5" type="stmt"/>
        <line num="171" count="5" type="stmt"/>
        <line num="172" count="5" type="stmt"/>
        <line num="173" count="5" type="stmt"/>
        <line num="174" count="5" type="stmt"/>
        <line num="175" count="5" type="stmt"/>
        <line num="178" count="5" type="stmt"/>
        <line num="181" count="5" type="cond" truecount="1" falsecount="1"/>
        <line num="182" count="5" type="stmt"/>
        <line num="184" count="0" type="stmt"/>
        <line num="187" count="0" type="stmt"/>
        <line num="188" count="0" type="stmt"/>
        <line num="201" count="1" type="stmt"/>
        <line num="202" count="5" type="stmt"/>
        <line num="204" count="5" type="stmt"/>
        <line num="207" count="5" type="cond" truecount="1" falsecount="1"/>
        <line num="208" count="5" type="stmt"/>
        <line num="210" count="0" type="stmt"/>
        <line num="213" count="0" type="stmt"/>
        <line num="214" count="0" type="stmt"/>
        <line num="218" count="1" type="stmt"/>
      </file>
      <file name="Listings.js" path="C:\Users\HP\Desktop\BUGfix\Group18\backend\routes\Listings.js">
        <metrics statements="90" coveredstatements="44" conditionals="25" coveredconditionals="5" methods="8" coveredmethods="4"/>
        <line num="6" count="1" type="stmt"/>
        <line num="7" count="1" type="stmt"/>
        <line num="8" count="1" type="stmt"/>
        <line num="9" count="1" type="stmt"/>
        <line num="21" count="1" type="stmt"/>
        <line num="22" count="2" type="stmt"/>
        <line num="24" count="2" type="stmt"/>
        <line num="25" count="2" type="stmt"/>
        <line num="26" count="2" type="stmt"/>
        <line num="27" count="2" type="stmt"/>
        <line num="30" count="2" type="stmt"/>
        <line num="33" count="2" type="cond" truecount="1" falsecount="1"/>
        <line num="34" count="2" type="stmt"/>
        <line num="36" count="0" type="stmt"/>
        <line num="39" count="0" type="stmt"/>
        <line num="40" count="0" type="stmt"/>
        <line num="50" count="1" type="stmt"/>
        <line num="51" count="0" type="stmt"/>
        <line num="52" count="0" type="stmt"/>
        <line num="53" count="0" type="cond" truecount="0" falsecount="2"/>
        <line num="54" count="0" type="stmt"/>
        <line num="55" count="0" type="stmt"/>
        <line num="56" count="0" type="cond" truecount="0" falsecount="4"/>
        <line num="57" count="0" type="stmt"/>
        <line num="61" count="0" type="stmt"/>
        <line num="68" count="1" type="stmt"/>
        <line num="69" count="0" type="stmt"/>
        <line num="70" count="0" type="stmt"/>
        <line num="71" count="0" type="stmt"/>
        <line num="72" count="0" type="cond" truecount="0" falsecount="2"/>
        <line num="73" count="0" type="stmt"/>
        <line num="74" count="0" type="stmt"/>
        <line num="75" count="0" type="stmt"/>
        <line num="76" count="0" type="cond" truecount="0" falsecount="5"/>
        <line num="77" count="0" type="stmt"/>
        <line num="81" count="0" type="stmt"/>
        <line num="152" count="1" type="stmt"/>
        <line num="153" count="0" type="stmt"/>
        <line num="155" count="0" type="stmt"/>
        <line num="156" count="0" type="stmt"/>
        <line num="157" count="0" type="stmt"/>
        <line num="160" count="0" type="stmt"/>
        <line num="163" count="0" type="cond" truecount="0" falsecount="2"/>
        <line num="164" count="0" type="stmt"/>
        <line num="166" count="0" type="stmt"/>
        <line num="169" count="0" type="stmt"/>
        <line num="170" count="0" type="stmt"/>
        <line num="183" count="1" type="stmt"/>
        <line num="184" count="0" type="stmt"/>
        <line num="186" count="0" type="stmt"/>
        <line num="189" count="0" type="cond" truecount="0" falsecount="2"/>
        <line num="190" count="0" type="stmt"/>
        <line num="192" count="0" type="stmt"/>
        <line num="195" count="0" type="stmt"/>
        <line num="196" count="0" type="stmt"/>
        <line num="210" count="1" type="stmt"/>
        <line num="211" count="1" type="stmt"/>
        <line num="213" count="1" type="stmt"/>
        <line num="214" count="1" type="stmt"/>
        <line num="215" count="1" type="stmt"/>
        <line num="218" count="1" type="stmt"/>
        <line num="221" count="1" type="cond" truecount="1" falsecount="1"/>
        <line num="222" count="1" type="stmt"/>
        <line num="224" count="0" type="stmt"/>
        <line num="227" count="0" type="stmt"/>
        <line num="228" count="0" type="stmt"/>
        <line num="242" count="1" type="stmt"/>
        <line num="243" count="1" type="stmt"/>
        <line num="245" count="1" type="stmt"/>
        <line num="246" count="1" type="stmt"/>
        <line num="247" count="1" type="stmt"/>
        <line num="248" count="1" type="stmt"/>
        <line num="251" count="1" type="stmt"/>
        <line num="254" count="1" type="cond" truecount="1" falsecount="1"/>
        <line num="255" count="1" type="stmt"/>
        <line num="257" count="0" type="stmt"/>
        <line num="260" count="0" type="stmt"/>
        <line num="261" count="0" type="stmt"/>
        <line num="275" count="1" type="stmt"/>
        <line num="276" count="2" type="stmt"/>
        <line num="278" count="2" type="stmt"/>
        <line num="279" count="2" type="stmt"/>
        <line num="280" count="2" type="stmt"/>
        <line num="283" count="2" type="stmt"/>
        <line num="286" count="2" type="cond" truecount="2" falsecount="0"/>
        <line num="287" count="1" type="stmt"/>
        <line num="289" count="1" type="stmt"/>
        <line num="292" count="0" type="stmt"/>
        <line num="293" count="0" type="stmt"/>
        <line num="297" count="1" type="stmt"/>
      </file>
      <file name="Newsfeeds.js" path="C:\Users\HP\Desktop\BUGfix\Group18\backend\routes\Newsfeeds.js">
        <metrics statements="108" coveredstatements="79" conditionals="47" coveredconditionals="26" methods="7" coveredmethods="6"/>
        <line num="1" count="1" type="stmt"/>
        <line num="2" count="1" type="stmt"/>
        <line num="3" count="1" type="stmt"/>
        <line num="4" count="1" type="stmt"/>
        <line num="8" count="1" type="stmt"/>
        <line num="9" count="0" type="stmt"/>
        <line num="10" count="0" type="stmt"/>
        <line num="11" count="0" type="stmt"/>
        <line num="12" count="0" type="cond" truecount="0" falsecount="2"/>
        <line num="13" count="0" type="stmt"/>
        <line num="14" count="0" type="stmt"/>
        <line num="15" count="0" type="stmt"/>
        <line num="16" count="0" type="cond" truecount="0" falsecount="5"/>
        <line num="17" count="0" type="stmt"/>
        <line num="21" count="0" type="stmt"/>
        <line num="24" count="0" type="cond" truecount="0" falsecount="2"/>
        <line num="25" count="0" type="stmt"/>
        <line num="26" count="0" type="stmt"/>
        <line num="27" count="0" type="stmt"/>
        <line num="28" count="0" type="cond" truecount="0" falsecount="5"/>
        <line num="29" count="0" type="stmt"/>
        <line num="33" count="0" type="stmt"/>
        <line num="37" count="0" type="stmt"/>
        <line num="43" count="1" type="stmt"/>
        <line num="44" count="2" type="stmt"/>
        <line num="45" count="2" type="stmt"/>
        <line num="46" count="2" type="stmt"/>
        <line num="47" count="2" type="cond" truecount="2" falsecount="0"/>
        <line num="48" count="1" type="stmt"/>
        <line num="49" count="1" type="stmt"/>
        <line num="51" count="1" type="cond" truecount="1" falsecount="1"/>
        <line num="52" count="1" type="stmt"/>
        <line num="58" count="0" type="stmt"/>
        <line num="64" count="1" type="stmt"/>
        <line num="70" count="0" type="stmt"/>
        <line num="71" count="0" type="stmt"/>
        <line num="80" count="1" type="stmt"/>
        <line num="81" count="3" type="stmt"/>
        <line num="82" count="3" type="stmt"/>
        <line num="83" count="3" type="stmt"/>
        <line num="84" count="3" type="cond" truecount="2" falsecount="0"/>
        <line num="85" count="2" type="stmt"/>
        <line num="86" count="2" type="stmt"/>
        <line num="87" count="1" type="stmt"/>
        <line num="89" count="1" type="cond" truecount="1" falsecount="1"/>
        <line num="90" count="1" type="stmt"/>
        <line num="96" count="0" type="stmt"/>
        <line num="102" count="1" type="stmt"/>
        <line num="108" count="1" type="stmt"/>
        <line num="109" count="1" type="stmt"/>
        <line num="119" count="1" type="stmt"/>
        <line num="120" count="2" type="stmt"/>
        <line num="121" count="2" type="stmt"/>
        <line num="122" count="2" type="stmt"/>
        <line num="123" count="2" type="stmt"/>
        <line num="124" count="2" type="cond" truecount="1" falsecount="1"/>
        <line num="125" count="2" type="stmt"/>
        <line num="126" count="2" type="stmt"/>
        <line num="127" count="2" type="stmt"/>
        <line num="128" count="2" type="cond" truecount="5" falsecount="0"/>
        <line num="129" count="1" type="stmt"/>
        <line num="130" count="1" type="cond" truecount="1" falsecount="1"/>
        <line num="131" count="1" type="stmt"/>
        <line num="137" count="0" type="stmt"/>
        <line num="144" count="1" type="stmt"/>
        <line num="154" count="0" type="stmt"/>
        <line num="161" count="0" type="stmt"/>
        <line num="162" count="0" type="stmt"/>
        <line num="170" count="1" type="stmt"/>
        <line num="171" count="2" type="stmt"/>
        <line num="172" count="2" type="stmt"/>
        <line num="173" count="2" type="stmt"/>
        <line num="174" count="2" type="cond" truecount="2" falsecount="0"/>
        <line num="175" count="1" type="stmt"/>
        <line num="176" count="1" type="cond" truecount="1" falsecount="1"/>
        <line num="179" count="1" type="stmt"/>
        <line num="187" count="1" type="stmt"/>
        <line num="194" count="0" type="stmt"/>
        <line num="198" count="1" type="stmt"/>
        <line num="207" count="1" type="stmt"/>
        <line num="208" count="3" type="stmt"/>
        <line num="209" count="3" type="stmt"/>
        <line num="210" count="3" type="stmt"/>
        <line num="211" count="3" type="cond" truecount="2" falsecount="0"/>
        <line num="212" count="1" type="stmt"/>
        <line num="213" count="1" type="stmt"/>
        <line num="214" count="1" type="cond" truecount="3" falsecount="1"/>
        <line num="215" count="1" type="stmt"/>
        <line num="220" count="1" type="stmt"/>
        <line num="224" count="0" type="stmt"/>
        <line num="228" count="2" type="stmt"/>
        <line num="234" count="1" type="stmt"/>
        <line num="235" count="3" type="stmt"/>
        <line num="236" count="3" type="stmt"/>
        <line num="237" count="3" type="stmt"/>
        <line num="238" count="3" type="stmt"/>
        <line num="239" count="3" type="stmt"/>
        <line num="240" count="3" type="stmt"/>
        <line num="241" count="3" type="stmt"/>
        <line num="242" count="3" type="cond" truecount="2" falsecount="0"/>
        <line num="243" count="1" type="stmt"/>
        <line num="244" count="1" type="stmt"/>
        <line num="245" count="1" type="cond" truecount="3" falsecount="1"/>
        <line num="246" count="1" type="stmt"/>
        <line num="250" count="1" type="stmt"/>
        <line num="254" count="0" type="stmt"/>
        <line num="258" count="2" type="stmt"/>
        <line num="264" count="1" type="stmt"/>
      </file>
      <file name="Notices.js" path="C:\Users\HP\Desktop\BUGfix\Group18\backend\routes\Notices.js">
        <metrics statements="75" coveredstatements="54" conditionals="12" coveredconditionals="9" methods="6" coveredmethods="5"/>
        <line num="6" count="1" type="stmt"/>
        <line num="7" count="1" type="stmt"/>
        <line num="8" count="1" type="stmt"/>
        <line num="9" count="1" type="stmt"/>
        <line num="21" count="1" type="stmt"/>
        <line num="22" count="2" type="stmt"/>
        <line num="23" count="2" type="stmt"/>
        <line num="24" count="2" type="stmt"/>
        <line num="25" count="2" type="stmt"/>
        <line num="28" count="2" type="stmt"/>
        <line num="31" count="2" type="cond" truecount="2" falsecount="0"/>
        <line num="32" count="1" type="stmt"/>
        <line num="34" count="1" type="stmt"/>
        <line num="40" count="0" type="stmt"/>
        <line num="41" count="0" type="stmt"/>
        <line num="55" count="1" type="stmt"/>
        <line num="56" count="2" type="stmt"/>
        <line num="57" count="2" type="stmt"/>
        <line num="58" count="2" type="stmt"/>
        <line num="61" count="2" type="stmt"/>
        <line num="64" count="2" type="cond" truecount="1" falsecount="1"/>
        <line num="65" count="0" type="stmt"/>
        <line num="67" count="2" type="stmt"/>
        <line num="70" count="0" type="stmt"/>
        <line num="71" count="0" type="stmt"/>
        <line num="85" count="1" type="stmt"/>
        <line num="86" count="0" type="stmt"/>
        <line num="87" count="0" type="stmt"/>
        <line num="88" count="0" type="stmt"/>
        <line num="89" count="0" type="stmt"/>
        <line num="92" count="0" type="stmt"/>
        <line num="95" count="0" type="cond" truecount="0" falsecount="2"/>
        <line num="96" count="0" type="stmt"/>
        <line num="98" count="0" type="stmt"/>
        <line num="101" count="0" type="stmt"/>
        <line num="102" count="0" type="stmt"/>
        <line num="116" count="1" type="stmt"/>
        <line num="117" count="3" type="stmt"/>
        <line num="118" count="3" type="stmt"/>
        <line num="119" count="3" type="stmt"/>
        <line num="120" count="3" type="stmt"/>
        <line num="121" count="3" type="stmt"/>
        <line num="124" count="3" type="stmt"/>
        <line num="127" count="3" type="cond" truecount="2" falsecount="0"/>
        <line num="128" count="1" type="stmt"/>
        <line num="130" count="2" type="stmt"/>
        <line num="136" count="0" type="stmt"/>
        <line num="137" count="0" type="stmt"/>
        <line num="151" count="1" type="stmt"/>
        <line num="152" count="3" type="stmt"/>
        <line num="153" count="3" type="stmt"/>
        <line num="154" count="3" type="stmt"/>
        <line num="155" count="3" type="stmt"/>
        <line num="158" count="3" type="stmt"/>
        <line num="161" count="3" type="cond" truecount="2" falsecount="0"/>
        <line num="162" count="1" type="stmt"/>
        <line num="164" count="2" type="stmt"/>
        <line num="167" count="0" type="stmt"/>
        <line num="168" count="0" type="stmt"/>
        <line num="182" count="1" type="stmt"/>
        <line num="183" count="3" type="stmt"/>
        <line num="184" count="3" type="stmt"/>
        <line num="185" count="3" type="stmt"/>
        <line num="186" count="3" type="stmt"/>
        <line num="187" count="3" type="stmt"/>
        <line num="188" count="3" type="stmt"/>
        <line num="189" count="3" type="stmt"/>
        <line num="190" count="3" type="stmt"/>
        <line num="193" count="3" type="stmt"/>
        <line num="204" count="3" type="cond" truecount="2" falsecount="0"/>
        <line num="205" count="1" type="stmt"/>
        <line num="207" count="2" type="stmt"/>
        <line num="210" count="0" type="stmt"/>
        <line num="211" count="0" type="stmt"/>
        <line num="216" count="1" type="stmt"/>
      </file>
      <file name="WishList.js" path="C:\Users\HP\Desktop\BUGfix\Group18\backend\routes\WishList.js">
        <metrics statements="9" coveredstatements="9" conditionals="0" coveredconditionals="0" methods="0" coveredmethods="0"/>
        <line num="2" count="1" type="stmt"/>
        <line num="3" count="1" type="stmt"/>
        <line num="4" count="1" type="stmt"/>
        <line num="5" count="1" type="stmt"/>
        <line num="6" count="1" type="stmt"/>
        <line num="8" count="1" type="stmt"/>
        <line num="10" count="1" type="stmt"/>
        <line num="12" count="1" type="stmt"/>
        <line num="14" count="1" type="stmt"/>
      </file>
      <file name="users.js" path="C:\Users\HP\Desktop\BUGfix\Group18\backend\routes\users.js">
        <metrics statements="16" coveredstatements="16" conditionals="0" coveredconditionals="0" methods="2" coveredmethods="2"/>
        <line num="6" count="1" type="stmt"/>
        <line num="7" count="1" type="stmt"/>
        <line num="8" count="1" type="stmt"/>
        <line num="19" count="1" type="stmt"/>
        <line num="20" count="2" type="stmt"/>
        <line num="21" count="2" type="stmt"/>
        <line num="22" count="1" type="stmt"/>
        <line num="24" count="1" type="stmt"/>
        <line num="25" count="1" type="stmt"/>
        <line num="41" count="1" type="stmt"/>
        <line num="42" count="2" type="stmt"/>
        <line num="43" count="2" type="stmt"/>
        <line num="44" count="1" type="stmt"/>
        <line num="46" count="1" type="stmt"/>
        <line num="47" count="1" type="stmt"/>
        <line num="55" count="1" type="stmt"/>
      </file>
    </package>
    <package name="tests.mocks">
      <metrics statements="24" coveredstatements="24" conditionals="8" coveredconditionals="8" methods="1" coveredmethods="1"/>
      <file name="dbMock.js" path="C:\Users\HP\Desktop\BUGfix\Group18\backend\tests\mocks\dbMock.js">
        <metrics statements="11" coveredstatements="11" conditionals="0" coveredconditionals="0" methods="0" coveredmethods="0"/>
        <line num="1" count="4" type="stmt"/>
        <line num="4" count="4" type="stmt"/>
        <line num="14" count="4" type="stmt"/>
        <line num="24" count="4" type="stmt"/>
        <line num="34" count="4" type="stmt"/>
        <line num="42" count="4" type="stmt"/>
        <line num="52" count="4" type="stmt"/>
        <line num="62" count="4" type="stmt"/>
        <line num="71" count="4" type="stmt"/>
        <line num="79" count="4" type="stmt"/>
        <line num="89" count="4" type="stmt"/>
      </file>
      <file name="jwtMock.js" path="C:\Users\HP\Desktop\BUGfix\Group18\backend\tests\mocks\jwtMock.js">
        <metrics statements="13" coveredstatements="13" conditionals="8" coveredconditionals="8" methods="1" coveredmethods="1"/>
        <line num="1" count="4" type="stmt"/>
        <line num="4" count="4" type="stmt"/>
        <line num="5" count="42" type="cond" truecount="2" falsecount="0"/>
        <line num="6" count="24" type="stmt"/>
        <line num="8" count="18" type="cond" truecount="2" falsecount="0"/>
        <line num="9" count="8" type="stmt"/>
        <line num="11" count="10" type="cond" truecount="2" falsecount="0"/>
        <line num="12" count="3" type="stmt"/>
        <line num="14" count="7" type="cond" truecount="2" falsecount="0"/>
        <line num="16" count="4" type="stmt"/>
        <line num="19" count="3" type="stmt"/>
        <line num="24" count="4" type="stmt"/>
        <line num="26" count="4" type="stmt"/>
      </file>
    </package>
  </project>
</coverage>
