{"C:\\Users\\HP\\Desktop\\FinalBackendCode\\Group18\\backend\\Data\\Applications.js": {"path":"C:\\Users\\HP\\Desktop\\FinalBackendCode\\Group18\\backend\\Data\\Applications.js","statementMap":{"0":{"start":{"line":3,"column":60},"end":{"line":3,"column":80}},"1":{"start":{"line":12,"column":2},"end":{"line":38,"column":3}},"2":{"start":{"line":13,"column":19},"end":{"line":13,"column":31}},"3":{"start":{"line":14,"column":20},"end":{"line":14,"column":84}},"4":{"start":{"line":16,"column":4},"end":{"line":18,"column":5}},"5":{"start":{"line":17,"column":6},"end":{"line":17,"column":77}},"6":{"start":{"line":20,"column":4},"end":{"line":32,"column":7}},"7":{"start":{"line":34,"column":4},"end":{"line":34,"column":100}},"8":{"start":{"line":36,"column":4},"end":{"line":36,"column":56}},"9":{"start":{"line":37,"column":4},"end":{"line":37,"column":89}},"10":{"start":{"line":49,"column":2},"end":{"line":103,"column":3}},"11":{"start":{"line":50,"column":4},"end":{"line":99,"column":5}},"12":{"start":{"line":52,"column":19},"end":{"line":52,"column":49}},"13":{"start":{"line":53,"column":6},"end":{"line":95,"column":7}},"14":{"start":{"line":54,"column":24},"end":{"line":54,"column":78}},"15":{"start":{"line":55,"column":28},"end":{"line":55,"column":88}},"16":{"start":{"line":56,"column":8},"end":{"line":91,"column":9}},"17":{"start":{"line":57,"column":10},"end":{"line":60,"column":12}},"18":{"start":{"line":62,"column":10},"end":{"line":88,"column":11}},"19":{"start":{"line":63,"column":30},"end":{"line":63,"column":88}},"20":{"start":{"line":65,"column":12},"end":{"line":87,"column":13}},"21":{"start":{"line":66,"column":14},"end":{"line":69,"column":16}},"22":{"start":{"line":71,"column":30},"end":{"line":71,"column":94}},"23":{"start":{"line":72,"column":29},"end":{"line":80,"column":15}},"24":{"start":{"line":81,"column":14},"end":{"line":81,"column":43}},"25":{"start":{"line":82,"column":14},"end":{"line":84,"column":16}},"26":{"start":{"line":86,"column":14},"end":{"line":86,"column":72}},"27":{"start":{"line":90,"column":10},"end":{"line":90,"column":58}},"28":{"start":{"line":93,"column":8},"end":{"line":93,"column":42}},"29":{"start":{"line":94,"column":8},"end":{"line":94,"column":113}},"30":{"start":{"line":97,"column":6},"end":{"line":97,"column":66}},"31":{"start":{"line":98,"column":6},"end":{"line":98,"column":85}},"32":{"start":{"line":101,"column":4},"end":{"line":101,"column":67}},"33":{"start":{"line":102,"column":4},"end":{"line":102,"column":96}},"34":{"start":{"line":113,"column":2},"end":{"line":133,"column":3}},"35":{"start":{"line":114,"column":17},"end":{"line":114,"column":47}},"36":{"start":{"line":116,"column":4},"end":{"line":129,"column":5}},"37":{"start":{"line":117,"column":22},"end":{"line":117,"column":76}},"38":{"start":{"line":118,"column":40},"end":{"line":118,"column":103}},"39":{"start":{"line":120,"column":6},"end":{"line":126,"column":7}},"40":{"start":{"line":121,"column":8},"end":{"line":121,"column":101}},"41":{"start":{"line":122,"column":13},"end":{"line":126,"column":7}},"42":{"start":{"line":123,"column":8},"end":{"line":123,"column":110}},"43":{"start":{"line":125,"column":8},"end":{"line":125,"column":77}},"44":{"start":{"line":128,"column":6},"end":{"line":128,"column":81}},"45":{"start":{"line":131,"column":4},"end":{"line":131,"column":67}},"46":{"start":{"line":132,"column":4},"end":{"line":132,"column":62}},"47":{"start":{"line":143,"column":2},"end":{"line":159,"column":3}},"48":{"start":{"line":144,"column":17},"end":{"line":144,"column":47}},"49":{"start":{"line":146,"column":4},"end":{"line":155,"column":5}},"50":{"start":{"line":147,"column":22},"end":{"line":147,"column":76}},"51":{"start":{"line":148,"column":26},"end":{"line":148,"column":103}},"52":{"start":{"line":150,"column":6},"end":{"line":154,"column":7}},"53":{"start":{"line":151,"column":8},"end":{"line":151,"column":87}},"54":{"start":{"line":153,"column":8},"end":{"line":153,"column":77}},"55":{"start":{"line":157,"column":4},"end":{"line":157,"column":57}},"56":{"start":{"line":158,"column":4},"end":{"line":158,"column":62}},"57":{"start":{"line":168,"column":2},"end":{"line":184,"column":3}},"58":{"start":{"line":169,"column":17},"end":{"line":169,"column":47}},"59":{"start":{"line":171,"column":4},"end":{"line":180,"column":5}},"60":{"start":{"line":172,"column":22},"end":{"line":172,"column":76}},"61":{"start":{"line":173,"column":30},"end":{"line":173,"column":58}},"62":{"start":{"line":175,"column":6},"end":{"line":179,"column":7}},"63":{"start":{"line":176,"column":8},"end":{"line":176,"column":91}},"64":{"start":{"line":178,"column":8},"end":{"line":178,"column":77}},"65":{"start":{"line":182,"column":4},"end":{"line":182,"column":57}},"66":{"start":{"line":183,"column":4},"end":{"line":183,"column":62}},"67":{"start":{"line":193,"column":15},"end":{"line":193,"column":62}},"68":{"start":{"line":194,"column":2},"end":{"line":194,"column":33}},"69":{"start":{"line":197,"column":0},"end":{"line":204,"column":2}}},"fnMap":{"0":{"name":"createApplication","decl":{"start":{"line":11,"column":15},"end":{"line":11,"column":32}},"loc":{"start":{"line":11,"column":74},"end":{"line":39,"column":1}},"line":11},"1":{"name":"updateStatusApplication","decl":{"start":{"line":48,"column":15},"end":{"line":48,"column":38}},"loc":{"start":{"line":48,"column":71},"end":{"line":104,"column":1}},"line":48},"2":{"name":"getAllApplicationsForListing","decl":{"start":{"line":112,"column":15},"end":{"line":112,"column":43}},"loc":{"start":{"line":112,"column":64},"end":{"line":134,"column":1}},"line":112},"3":{"name":"getApplicationById","decl":{"start":{"line":142,"column":15},"end":{"line":142,"column":33}},"loc":{"start":{"line":142,"column":58},"end":{"line":160,"column":1}},"line":142},"4":{"name":"getAllApplications","decl":{"start":{"line":167,"column":15},"end":{"line":167,"column":33}},"loc":{"start":{"line":167,"column":43},"end":{"line":185,"column":1}},"line":167},"5":{"name":"getRoleByUserId","decl":{"start":{"line":192,"column":15},"end":{"line":192,"column":30}},"loc":{"start":{"line":192,"column":40},"end":{"line":195,"column":1}},"line":192}},"branchMap":{"0":{"loc":{"start":{"line":16,"column":4},"end":{"line":18,"column":5}},"type":"if","locations":[{"start":{"line":16,"column":4},"end":{"line":18,"column":5}},{"start":{},"end":{}}],"line":16},"1":{"loc":{"start":{"line":50,"column":4},"end":{"line":99,"column":5}},"type":"if","locations":[{"start":{"line":50,"column":4},"end":{"line":99,"column":5}},{"start":{"line":96,"column":11},"end":{"line":99,"column":5}}],"line":50},"2":{"loc":{"start":{"line":50,"column":8},"end":{"line":50,"column":78}},"type":"binary-expr","locations":[{"start":{"line":50,"column":8},"end":{"line":50,"column":28}},{"start":{"line":50,"column":32},"end":{"line":50,"column":52}},{"start":{"line":50,"column":56},"end":{"line":50,"column":78}}],"line":50},"3":{"loc":{"start":{"line":53,"column":6},"end":{"line":95,"column":7}},"type":"if","locations":[{"start":{"line":53,"column":6},"end":{"line":95,"column":7}},{"start":{"line":92,"column":13},"end":{"line":95,"column":7}}],"line":53},"4":{"loc":{"start":{"line":53,"column":10},"end":{"line":53,"column":36}},"type":"binary-expr","locations":[{"start":{"line":53,"column":10},"end":{"line":53,"column":14}},{"start":{"line":53,"column":18},"end":{"line":53,"column":36}}],"line":53},"5":{"loc":{"start":{"line":56,"column":8},"end":{"line":91,"column":9}},"type":"if","locations":[{"start":{"line":56,"column":8},"end":{"line":91,"column":9}},{"start":{"line":89,"column":15},"end":{"line":91,"column":9}}],"line":56},"6":{"loc":{"start":{"line":56,"column":12},"end":{"line":56,"column":34}},"type":"binary-expr","locations":[{"start":{"line":56,"column":12},"end":{"line":56,"column":19}},{"start":{"line":56,"column":23},"end":{"line":56,"column":34}}],"line":56},"7":{"loc":{"start":{"line":62,"column":10},"end":{"line":88,"column":11}},"type":"if","locations":[{"start":{"line":62,"column":10},"end":{"line":88,"column":11}},{"start":{},"end":{}}],"line":62},"8":{"loc":{"start":{"line":65,"column":12},"end":{"line":87,"column":13}},"type":"if","locations":[{"start":{"line":65,"column":12},"end":{"line":87,"column":13}},{"start":{},"end":{}}],"line":65},"9":{"loc":{"start":{"line":116,"column":4},"end":{"line":129,"column":5}},"type":"if","locations":[{"start":{"line":116,"column":4},"end":{"line":129,"column":5}},{"start":{"line":127,"column":11},"end":{"line":129,"column":5}}],"line":116},"10":{"loc":{"start":{"line":120,"column":6},"end":{"line":126,"column":7}},"type":"if","locations":[{"start":{"line":120,"column":6},"end":{"line":126,"column":7}},{"start":{"line":122,"column":13},"end":{"line":126,"column":7}}],"line":120},"11":{"loc":{"start":{"line":120,"column":10},"end":{"line":120,"column":46}},"type":"binary-expr","locations":[{"start":{"line":120,"column":10},"end":{"line":120,"column":17}},{"start":{"line":120,"column":21},"end":{"line":120,"column":46}}],"line":120},"12":{"loc":{"start":{"line":122,"column":13},"end":{"line":126,"column":7}},"type":"if","locations":[{"start":{"line":122,"column":13},"end":{"line":126,"column":7}},{"start":{"line":124,"column":13},"end":{"line":126,"column":7}}],"line":122},"13":{"loc":{"start":{"line":122,"column":17},"end":{"line":122,"column":61}},"type":"binary-expr","locations":[{"start":{"line":122,"column":17},"end":{"line":122,"column":24}},{"start":{"line":122,"column":28},"end":{"line":122,"column":61}}],"line":122},"14":{"loc":{"start":{"line":146,"column":4},"end":{"line":155,"column":5}},"type":"if","locations":[{"start":{"line":146,"column":4},"end":{"line":155,"column":5}},{"start":{},"end":{}}],"line":146},"15":{"loc":{"start":{"line":150,"column":6},"end":{"line":154,"column":7}},"type":"if","locations":[{"start":{"line":150,"column":6},"end":{"line":154,"column":7}},{"start":{"line":152,"column":13},"end":{"line":154,"column":7}}],"line":150},"16":{"loc":{"start":{"line":150,"column":10},"end":{"line":150,"column":32}},"type":"binary-expr","locations":[{"start":{"line":150,"column":10},"end":{"line":150,"column":17}},{"start":{"line":150,"column":21},"end":{"line":150,"column":32}}],"line":150},"17":{"loc":{"start":{"line":171,"column":4},"end":{"line":180,"column":5}},"type":"if","locations":[{"start":{"line":171,"column":4},"end":{"line":180,"column":5}},{"start":{},"end":{}}],"line":171},"18":{"loc":{"start":{"line":175,"column":6},"end":{"line":179,"column":7}},"type":"if","locations":[{"start":{"line":175,"column":6},"end":{"line":179,"column":7}},{"start":{"line":177,"column":13},"end":{"line":179,"column":7}}],"line":175},"19":{"loc":{"start":{"line":175,"column":10},"end":{"line":175,"column":36}},"type":"binary-expr","locations":[{"start":{"line":175,"column":10},"end":{"line":175,"column":17}},{"start":{"line":175,"column":21},"end":{"line":175,"column":36}}],"line":175},"20":{"loc":{"start":{"line":194,"column":9},"end":{"line":194,"column":32}},"type":"cond-expr","locations":[{"start":{"line":194,"column":16},"end":{"line":194,"column":25}},{"start":{"line":194,"column":28},"end":{"line":194,"column":32}}],"line":194}},"s":{"0":1,"1":2,"2":2,"3":2,"4":2,"5":1,"6":1,"7":1,"8":0,"9":0,"10":2,"11":2,"12":0,"13":0,"14":0,"15":0,"16":0,"17":0,"18":0,"19":0,"20":0,"21":0,"22":0,"23":0,"24":0,"25":0,"26":0,"27":0,"28":0,"29":0,"30":2,"31":2,"32":0,"33":0,"34":5,"35":5,"36":5,"37":3,"38":3,"39":1,"40":1,"41":0,"42":0,"43":0,"44":2,"45":2,"46":2,"47":2,"48":2,"49":0,"50":0,"51":0,"52":0,"53":0,"54":0,"55":2,"56":2,"57":1,"58":1,"59":1,"60":1,"61":1,"62":0,"63":0,"64":0,"65":1,"66":1,"67":9,"68":7,"69":1},"f":{"0":2,"1":2,"2":5,"3":2,"4":1,"5":9},"b":{"0":[1,1],"1":[0,2],"2":[2,2,2],"3":[0,0],"4":[0,0],"5":[0,0],"6":[0,0],"7":[0,0],"8":[0,0],"9":[3,2],"10":[1,0],"11":[1,1],"12":[0,0],"13":[0,0],"14":[0,0],"15":[0,0],"16":[0,0],"17":[1,0],"18":[0,0],"19":[0,0],"20":[5,2]},"_coverageSchema":"1a1c01bbd47fc00a2c39e90264f33305004495a9","hash":"e7a6a404042966c656f758a72eee3a59c4e46f5a"}
,"C:\\Users\\HP\\Desktop\\FinalBackendCode\\Group18\\backend\\Data\\Buildings.js": {"path":"C:\\Users\\HP\\Desktop\\FinalBackendCode\\Group18\\backend\\Data\\Buildings.js","statementMap":{"0":{"start":{"line":1,"column":58},"end":{"line":1,"column":78}},"1":{"start":{"line":15,"column":2},"end":{"line":30,"column":3}},"2":{"start":{"line":16,"column":4},"end":{"line":26,"column":5}},"3":{"start":{"line":17,"column":22},"end":{"line":17,"column":76}},"4":{"start":{"line":18,"column":6},"end":{"line":23,"column":7}},"5":{"start":{"line":19,"column":25},"end":{"line":19,"column":102}},"6":{"start":{"line":20,"column":8},"end":{"line":20,"column":42}},"7":{"start":{"line":22,"column":8},"end":{"line":22,"column":20}},"8":{"start":{"line":25,"column":6},"end":{"line":25,"column":18}},"9":{"start":{"line":28,"column":4},"end":{"line":28,"column":54}},"10":{"start":{"line":29,"column":4},"end":{"line":29,"column":16}},"11":{"start":{"line":44,"column":2},"end":{"line":59,"column":3}},"12":{"start":{"line":45,"column":4},"end":{"line":55,"column":5}},"13":{"start":{"line":46,"column":22},"end":{"line":46,"column":76}},"14":{"start":{"line":47,"column":6},"end":{"line":52,"column":7}},"15":{"start":{"line":48,"column":30},"end":{"line":48,"column":91}},"16":{"start":{"line":49,"column":8},"end":{"line":49,"column":52}},"17":{"start":{"line":51,"column":8},"end":{"line":51,"column":20}},"18":{"start":{"line":54,"column":6},"end":{"line":54,"column":18}},"19":{"start":{"line":57,"column":4},"end":{"line":57,"column":54}},"20":{"start":{"line":58,"column":4},"end":{"line":58,"column":16}},"21":{"start":{"line":75,"column":2},"end":{"line":101,"column":3}},"22":{"start":{"line":76,"column":4},"end":{"line":97,"column":5}},"23":{"start":{"line":77,"column":22},"end":{"line":77,"column":76}},"24":{"start":{"line":78,"column":6},"end":{"line":94,"column":7}},"25":{"start":{"line":79,"column":33},"end":{"line":79,"column":122}},"26":{"start":{"line":81,"column":8},"end":{"line":91,"column":9}},"27":{"start":{"line":82,"column":10},"end":{"line":87,"column":13}},"28":{"start":{"line":88,"column":10},"end":{"line":88,"column":22}},"29":{"start":{"line":90,"column":10},"end":{"line":90,"column":23}},"30":{"start":{"line":93,"column":8},"end":{"line":93,"column":21}},"31":{"start":{"line":96,"column":6},"end":{"line":96,"column":19}},"32":{"start":{"line":99,"column":4},"end":{"line":99,"column":53}},"33":{"start":{"line":100,"column":4},"end":{"line":100,"column":16}},"34":{"start":{"line":116,"column":2},"end":{"line":141,"column":3}},"35":{"start":{"line":117,"column":4},"end":{"line":137,"column":5}},"36":{"start":{"line":118,"column":22},"end":{"line":118,"column":76}},"37":{"start":{"line":119,"column":6},"end":{"line":134,"column":7}},"38":{"start":{"line":120,"column":25},"end":{"line":120,"column":102}},"39":{"start":{"line":122,"column":8},"end":{"line":131,"column":9}},"40":{"start":{"line":123,"column":10},"end":{"line":127,"column":13}},"41":{"start":{"line":128,"column":10},"end":{"line":128,"column":22}},"42":{"start":{"line":130,"column":10},"end":{"line":130,"column":23}},"43":{"start":{"line":133,"column":8},"end":{"line":133,"column":21}},"44":{"start":{"line":136,"column":6},"end":{"line":136,"column":19}},"45":{"start":{"line":139,"column":4},"end":{"line":139,"column":53}},"46":{"start":{"line":140,"column":4},"end":{"line":140,"column":16}},"47":{"start":{"line":159,"column":2},"end":{"line":183,"column":3}},"48":{"start":{"line":160,"column":4},"end":{"line":179,"column":5}},"49":{"start":{"line":161,"column":22},"end":{"line":161,"column":76}},"50":{"start":{"line":162,"column":6},"end":{"line":176,"column":7}},"51":{"start":{"line":163,"column":25},"end":{"line":163,"column":102}},"52":{"start":{"line":165,"column":8},"end":{"line":173,"column":9}},"53":{"start":{"line":166,"column":10},"end":{"line":169,"column":12}},"54":{"start":{"line":170,"column":10},"end":{"line":170,"column":22}},"55":{"start":{"line":172,"column":10},"end":{"line":172,"column":23}},"56":{"start":{"line":175,"column":8},"end":{"line":175,"column":21}},"57":{"start":{"line":178,"column":6},"end":{"line":178,"column":19}},"58":{"start":{"line":181,"column":4},"end":{"line":181,"column":53}},"59":{"start":{"line":182,"column":4},"end":{"line":182,"column":16}},"60":{"start":{"line":195,"column":2},"end":{"line":204,"column":3}},"61":{"start":{"line":197,"column":26},"end":{"line":199,"column":6}},"62":{"start":{"line":200,"column":4},"end":{"line":200,"column":48}},"63":{"start":{"line":202,"column":4},"end":{"line":202,"column":54}},"64":{"start":{"line":203,"column":4},"end":{"line":203,"column":16}},"65":{"start":{"line":208,"column":2},"end":{"line":246,"column":3}},"66":{"start":{"line":209,"column":4},"end":{"line":209,"column":53}},"67":{"start":{"line":210,"column":19},"end":{"line":210,"column":72}},"68":{"start":{"line":211,"column":4},"end":{"line":242,"column":5}},"69":{"start":{"line":212,"column":23},"end":{"line":212,"column":84}},"70":{"start":{"line":214,"column":30},"end":{"line":214,"column":52}},"71":{"start":{"line":215,"column":27},"end":{"line":215,"column":48}},"72":{"start":{"line":217,"column":34},"end":{"line":217,"column":54}},"73":{"start":{"line":218,"column":24},"end":{"line":218,"column":40}},"74":{"start":{"line":219,"column":22},"end":{"line":219,"column":70}},"75":{"start":{"line":220,"column":22},"end":{"line":220,"column":78}},"76":{"start":{"line":221,"column":26},"end":{"line":221,"column":38}},"77":{"start":{"line":222,"column":22},"end":{"line":222,"column":37}},"78":{"start":{"line":223,"column":19},"end":{"line":223,"column":31}},"79":{"start":{"line":224,"column":19},"end":{"line":224,"column":40}},"80":{"start":{"line":225,"column":25},"end":{"line":225,"column":43}},"81":{"start":{"line":226,"column":26},"end":{"line":226,"column":45}},"82":{"start":{"line":227,"column":21},"end":{"line":227,"column":35}},"83":{"start":{"line":228,"column":19},"end":{"line":228,"column":31}},"84":{"start":{"line":229,"column":25},"end":{"line":229,"column":150}},"85":{"start":{"line":230,"column":6},"end":{"line":230,"column":44}},"86":{"start":{"line":231,"column":6},"end":{"line":235,"column":8}},"87":{"start":{"line":238,"column":6},"end":{"line":241,"column":8}},"88":{"start":{"line":244,"column":4},"end":{"line":244,"column":61}},"89":{"start":{"line":245,"column":4},"end":{"line":245,"column":16}},"90":{"start":{"line":255,"column":15},"end":{"line":255,"column":62}},"91":{"start":{"line":256,"column":2},"end":{"line":256,"column":33}},"92":{"start":{"line":260,"column":0},"end":{"line":269,"column":2}}},"fnMap":{"0":{"name":"getBuildingById","decl":{"start":{"line":14,"column":15},"end":{"line":14,"column":30}},"loc":{"start":{"line":14,"column":58},"end":{"line":31,"column":1}},"line":14},"1":{"name":"getAllBuildings","decl":{"start":{"line":43,"column":15},"end":{"line":43,"column":30}},"loc":{"start":{"line":43,"column":46},"end":{"line":60,"column":1}},"line":43},"2":{"name":"createBuilding","decl":{"start":{"line":74,"column":15},"end":{"line":74,"column":29}},"loc":{"start":{"line":74,"column":65},"end":{"line":102,"column":1}},"line":74},"3":{"name":"deleteBuilding","decl":{"start":{"line":115,"column":15},"end":{"line":115,"column":29}},"loc":{"start":{"line":115,"column":57},"end":{"line":142,"column":1}},"line":115},"4":{"name":"updateBuilding","decl":{"start":{"line":158,"column":15},"end":{"line":158,"column":29}},"loc":{"start":{"line":158,"column":93},"end":{"line":184,"column":1}},"line":158},"5":{"name":"getAllBuildingsForSignUp","decl":{"start":{"line":194,"column":15},"end":{"line":194,"column":39}},"loc":{"start":{"line":194,"column":42},"end":{"line":205,"column":1}},"line":194},"6":{"name":"getBuildingInfo","decl":{"start":{"line":207,"column":15},"end":{"line":207,"column":30}},"loc":{"start":{"line":207,"column":40},"end":{"line":247,"column":1}},"line":207},"7":{"name":"getRoleByUserId","decl":{"start":{"line":254,"column":15},"end":{"line":254,"column":30}},"loc":{"start":{"line":254,"column":40},"end":{"line":257,"column":1}},"line":254}},"branchMap":{"0":{"loc":{"start":{"line":16,"column":4},"end":{"line":26,"column":5}},"type":"if","locations":[{"start":{"line":16,"column":4},"end":{"line":26,"column":5}},{"start":{"line":24,"column":11},"end":{"line":26,"column":5}}],"line":16},"1":{"loc":{"start":{"line":18,"column":6},"end":{"line":23,"column":7}},"type":"if","locations":[{"start":{"line":18,"column":6},"end":{"line":23,"column":7}},{"start":{"line":21,"column":13},"end":{"line":23,"column":7}}],"line":18},"2":{"loc":{"start":{"line":20,"column":15},"end":{"line":20,"column":41}},"type":"cond-expr","locations":[{"start":{"line":20,"column":26},"end":{"line":20,"column":34}},{"start":{"line":20,"column":37},"end":{"line":20,"column":41}}],"line":20},"3":{"loc":{"start":{"line":45,"column":4},"end":{"line":55,"column":5}},"type":"if","locations":[{"start":{"line":45,"column":4},"end":{"line":55,"column":5}},{"start":{"line":53,"column":11},"end":{"line":55,"column":5}}],"line":45},"4":{"loc":{"start":{"line":47,"column":6},"end":{"line":52,"column":7}},"type":"if","locations":[{"start":{"line":47,"column":6},"end":{"line":52,"column":7}},{"start":{"line":50,"column":13},"end":{"line":52,"column":7}}],"line":47},"5":{"loc":{"start":{"line":49,"column":15},"end":{"line":49,"column":51}},"type":"cond-expr","locations":[{"start":{"line":49,"column":31},"end":{"line":49,"column":44}},{"start":{"line":49,"column":47},"end":{"line":49,"column":51}}],"line":49},"6":{"loc":{"start":{"line":76,"column":4},"end":{"line":97,"column":5}},"type":"if","locations":[{"start":{"line":76,"column":4},"end":{"line":97,"column":5}},{"start":{"line":95,"column":11},"end":{"line":97,"column":5}}],"line":76},"7":{"loc":{"start":{"line":78,"column":6},"end":{"line":94,"column":7}},"type":"if","locations":[{"start":{"line":78,"column":6},"end":{"line":94,"column":7}},{"start":{"line":92,"column":13},"end":{"line":94,"column":7}}],"line":78},"8":{"loc":{"start":{"line":81,"column":8},"end":{"line":91,"column":9}},"type":"if","locations":[{"start":{"line":81,"column":8},"end":{"line":91,"column":9}},{"start":{"line":89,"column":15},"end":{"line":91,"column":9}}],"line":81},"9":{"loc":{"start":{"line":117,"column":4},"end":{"line":137,"column":5}},"type":"if","locations":[{"start":{"line":117,"column":4},"end":{"line":137,"column":5}},{"start":{"line":135,"column":11},"end":{"line":137,"column":5}}],"line":117},"10":{"loc":{"start":{"line":119,"column":6},"end":{"line":134,"column":7}},"type":"if","locations":[{"start":{"line":119,"column":6},"end":{"line":134,"column":7}},{"start":{"line":132,"column":13},"end":{"line":134,"column":7}}],"line":119},"11":{"loc":{"start":{"line":122,"column":8},"end":{"line":131,"column":9}},"type":"if","locations":[{"start":{"line":122,"column":8},"end":{"line":131,"column":9}},{"start":{"line":129,"column":15},"end":{"line":131,"column":9}}],"line":122},"12":{"loc":{"start":{"line":160,"column":4},"end":{"line":179,"column":5}},"type":"if","locations":[{"start":{"line":160,"column":4},"end":{"line":179,"column":5}},{"start":{"line":177,"column":11},"end":{"line":179,"column":5}}],"line":160},"13":{"loc":{"start":{"line":162,"column":6},"end":{"line":176,"column":7}},"type":"if","locations":[{"start":{"line":162,"column":6},"end":{"line":176,"column":7}},{"start":{"line":174,"column":13},"end":{"line":176,"column":7}}],"line":162},"14":{"loc":{"start":{"line":165,"column":8},"end":{"line":173,"column":9}},"type":"if","locations":[{"start":{"line":165,"column":8},"end":{"line":173,"column":9}},{"start":{"line":171,"column":15},"end":{"line":173,"column":9}}],"line":165},"15":{"loc":{"start":{"line":200,"column":11},"end":{"line":200,"column":47}},"type":"cond-expr","locations":[{"start":{"line":200,"column":27},"end":{"line":200,"column":40}},{"start":{"line":200,"column":43},"end":{"line":200,"column":47}}],"line":200},"16":{"loc":{"start":{"line":211,"column":4},"end":{"line":242,"column":5}},"type":"if","locations":[{"start":{"line":211,"column":4},"end":{"line":242,"column":5}},{"start":{"line":237,"column":11},"end":{"line":242,"column":5}}],"line":211},"17":{"loc":{"start":{"line":256,"column":9},"end":{"line":256,"column":32}},"type":"cond-expr","locations":[{"start":{"line":256,"column":16},"end":{"line":256,"column":25}},{"start":{"line":256,"column":28},"end":{"line":256,"column":32}}],"line":256}},"s":{"0":2,"1":5,"2":5,"3":4,"4":3,"5":1,"6":1,"7":2,"8":1,"9":1,"10":1,"11":4,"12":4,"13":3,"14":2,"15":1,"16":1,"17":1,"18":1,"19":1,"20":1,"21":4,"22":4,"23":3,"24":2,"25":1,"26":1,"27":0,"28":0,"29":1,"30":1,"31":1,"32":1,"33":1,"34":5,"35":5,"36":4,"37":3,"38":1,"39":1,"40":1,"41":1,"42":0,"43":2,"44":1,"45":1,"46":1,"47":5,"48":5,"49":4,"50":3,"51":1,"52":1,"53":1,"54":1,"55":0,"56":2,"57":1,"58":1,"59":1,"60":2,"61":2,"62":1,"63":1,"64":1,"65":0,"66":0,"67":0,"68":0,"69":0,"70":0,"71":0,"72":0,"73":0,"74":0,"75":0,"76":0,"77":0,"78":0,"79":0,"80":0,"81":0,"82":0,"83":0,"84":0,"85":0,"86":0,"87":0,"88":0,"89":0,"90":0,"91":0,"92":2},"f":{"0":5,"1":4,"2":4,"3":5,"4":5,"5":2,"6":0,"7":0},"b":{"0":[4,1],"1":[1,2],"2":[1,0],"3":[3,1],"4":[1,1],"5":[1,0],"6":[3,1],"7":[1,1],"8":[0,1],"9":[4,1],"10":[1,2],"11":[1,0],"12":[4,1],"13":[1,2],"14":[1,0],"15":[1,0],"16":[0,0],"17":[0,0]},"_coverageSchema":"1a1c01bbd47fc00a2c39e90264f33305004495a9","hash":"c05f3906527a6782e899a067ae2f45feea979076"}
,"C:\\Users\\HP\\Desktop\\FinalBackendCode\\Group18\\backend\\Data\\Listings.js": {"path":"C:\\Users\\HP\\Desktop\\FinalBackendCode\\Group18\\backend\\Data\\Listings.js","statementMap":{"0":{"start":{"line":1,"column":42},"end":{"line":1,"column":62}},"1":{"start":{"line":16,"column":2},"end":{"line":44,"column":3}},"2":{"start":{"line":17,"column":4},"end":{"line":40,"column":5}},"3":{"start":{"line":18,"column":22},"end":{"line":18,"column":76}},"4":{"start":{"line":19,"column":23},"end":{"line":19,"column":112}},"5":{"start":{"line":22,"column":6},"end":{"line":37,"column":7}},"6":{"start":{"line":23,"column":8},"end":{"line":33,"column":11}},"7":{"start":{"line":34,"column":8},"end":{"line":34,"column":20}},"8":{"start":{"line":36,"column":8},"end":{"line":36,"column":21}},"9":{"start":{"line":39,"column":6},"end":{"line":39,"column":19}},"10":{"start":{"line":42,"column":4},"end":{"line":42,"column":52}},"11":{"start":{"line":43,"column":4},"end":{"line":43,"column":16}},"12":{"start":{"line":59,"column":2},"end":{"line":76,"column":3}},"13":{"start":{"line":60,"column":4},"end":{"line":72,"column":5}},"14":{"start":{"line":61,"column":22},"end":{"line":61,"column":76}},"15":{"start":{"line":62,"column":27},"end":{"line":62,"column":111}},"16":{"start":{"line":65,"column":6},"end":{"line":69,"column":7}},"17":{"start":{"line":66,"column":8},"end":{"line":66,"column":28}},"18":{"start":{"line":68,"column":8},"end":{"line":68,"column":20}},"19":{"start":{"line":71,"column":6},"end":{"line":71,"column":18}},"20":{"start":{"line":74,"column":4},"end":{"line":74,"column":64}},"21":{"start":{"line":75,"column":4},"end":{"line":75,"column":16}},"22":{"start":{"line":88,"column":2},"end":{"line":113,"column":3}},"23":{"start":{"line":89,"column":25},"end":{"line":91,"column":6}},"24":{"start":{"line":94,"column":4},"end":{"line":109,"column":5}},"25":{"start":{"line":95,"column":27},"end":{"line":105,"column":9}},"26":{"start":{"line":95,"column":58},"end":{"line":105,"column":7}},"27":{"start":{"line":106,"column":6},"end":{"line":106,"column":26}},"28":{"start":{"line":108,"column":6},"end":{"line":108,"column":18}},"29":{"start":{"line":111,"column":4},"end":{"line":111,"column":66}},"30":{"start":{"line":112,"column":4},"end":{"line":112,"column":16}},"31":{"start":{"line":128,"column":2},"end":{"line":145,"column":3}},"32":{"start":{"line":129,"column":4},"end":{"line":141,"column":5}},"33":{"start":{"line":130,"column":22},"end":{"line":130,"column":76}},"34":{"start":{"line":131,"column":22},"end":{"line":131,"column":97}},"35":{"start":{"line":134,"column":6},"end":{"line":138,"column":7}},"36":{"start":{"line":135,"column":8},"end":{"line":135,"column":23}},"37":{"start":{"line":137,"column":8},"end":{"line":137,"column":20}},"38":{"start":{"line":140,"column":6},"end":{"line":140,"column":18}},"39":{"start":{"line":143,"column":4},"end":{"line":143,"column":53}},"40":{"start":{"line":144,"column":4},"end":{"line":144,"column":16}},"41":{"start":{"line":161,"column":2},"end":{"line":190,"column":3}},"42":{"start":{"line":162,"column":4},"end":{"line":186,"column":5}},"43":{"start":{"line":163,"column":22},"end":{"line":163,"column":76}},"44":{"start":{"line":164,"column":22},"end":{"line":164,"column":97}},"45":{"start":{"line":167,"column":6},"end":{"line":183,"column":7}},"46":{"start":{"line":168,"column":8},"end":{"line":179,"column":10}},"47":{"start":{"line":180,"column":8},"end":{"line":180,"column":20}},"48":{"start":{"line":182,"column":8},"end":{"line":182,"column":21}},"49":{"start":{"line":185,"column":6},"end":{"line":185,"column":19}},"50":{"start":{"line":188,"column":4},"end":{"line":188,"column":52}},"51":{"start":{"line":189,"column":4},"end":{"line":189,"column":16}},"52":{"start":{"line":205,"column":2},"end":{"line":227,"column":3}},"53":{"start":{"line":206,"column":4},"end":{"line":223,"column":5}},"54":{"start":{"line":207,"column":22},"end":{"line":207,"column":76}},"55":{"start":{"line":208,"column":22},"end":{"line":208,"column":97}},"56":{"start":{"line":211,"column":6},"end":{"line":220,"column":7}},"57":{"start":{"line":212,"column":8},"end":{"line":216,"column":11}},"58":{"start":{"line":217,"column":8},"end":{"line":217,"column":20}},"59":{"start":{"line":219,"column":8},"end":{"line":219,"column":21}},"60":{"start":{"line":222,"column":6},"end":{"line":222,"column":19}},"61":{"start":{"line":225,"column":4},"end":{"line":225,"column":52}},"62":{"start":{"line":226,"column":4},"end":{"line":226,"column":16}},"63":{"start":{"line":230,"column":0},"end":{"line":237,"column":2}}},"fnMap":{"0":{"name":"createListing","decl":{"start":{"line":15,"column":15},"end":{"line":15,"column":28}},"loc":{"start":{"line":15,"column":67},"end":{"line":45,"column":1}},"line":15},"1":{"name":"getAllListingsForBuilding","decl":{"start":{"line":58,"column":15},"end":{"line":58,"column":40}},"loc":{"start":{"line":58,"column":68},"end":{"line":77,"column":1}},"line":58},"2":{"name":"getAllListingsForPublicView","decl":{"start":{"line":87,"column":15},"end":{"line":87,"column":42}},"loc":{"start":{"line":87,"column":45},"end":{"line":114,"column":1}},"line":87},"3":{"name":"(anonymous_3)","decl":{"start":{"line":95,"column":44},"end":{"line":95,"column":45}},"loc":{"start":{"line":95,"column":58},"end":{"line":105,"column":7}},"line":95},"4":{"name":"getListingById","decl":{"start":{"line":127,"column":15},"end":{"line":127,"column":29}},"loc":{"start":{"line":127,"column":56},"end":{"line":146,"column":1}},"line":127},"5":{"name":"updateListing","decl":{"start":{"line":160,"column":15},"end":{"line":160,"column":28}},"loc":{"start":{"line":160,"column":61},"end":{"line":191,"column":1}},"line":160},"6":{"name":"deleteListing","decl":{"start":{"line":204,"column":15},"end":{"line":204,"column":28}},"loc":{"start":{"line":204,"column":55},"end":{"line":228,"column":1}},"line":204}},"branchMap":{"0":{"loc":{"start":{"line":17,"column":4},"end":{"line":40,"column":5}},"type":"if","locations":[{"start":{"line":17,"column":4},"end":{"line":40,"column":5}},{"start":{"line":38,"column":11},"end":{"line":40,"column":5}}],"line":17},"1":{"loc":{"start":{"line":22,"column":6},"end":{"line":37,"column":7}},"type":"if","locations":[{"start":{"line":22,"column":6},"end":{"line":37,"column":7}},{"start":{"line":35,"column":13},"end":{"line":37,"column":7}}],"line":22},"2":{"loc":{"start":{"line":22,"column":10},"end":{"line":22,"column":29}},"type":"binary-expr","locations":[{"start":{"line":22,"column":10},"end":{"line":22,"column":17}},{"start":{"line":22,"column":21},"end":{"line":22,"column":29}}],"line":22},"3":{"loc":{"start":{"line":60,"column":4},"end":{"line":72,"column":5}},"type":"if","locations":[{"start":{"line":60,"column":4},"end":{"line":72,"column":5}},{"start":{"line":70,"column":11},"end":{"line":72,"column":5}}],"line":60},"4":{"loc":{"start":{"line":65,"column":6},"end":{"line":69,"column":7}},"type":"if","locations":[{"start":{"line":65,"column":6},"end":{"line":69,"column":7}},{"start":{"line":67,"column":13},"end":{"line":69,"column":7}}],"line":65},"5":{"loc":{"start":{"line":65,"column":10},"end":{"line":65,"column":33}},"type":"binary-expr","locations":[{"start":{"line":65,"column":10},"end":{"line":65,"column":17}},{"start":{"line":65,"column":21},"end":{"line":65,"column":33}}],"line":65},"6":{"loc":{"start":{"line":94,"column":4},"end":{"line":109,"column":5}},"type":"if","locations":[{"start":{"line":94,"column":4},"end":{"line":109,"column":5}},{"start":{"line":107,"column":11},"end":{"line":109,"column":5}}],"line":94},"7":{"loc":{"start":{"line":104,"column":22},"end":{"line":104,"column":77}},"type":"cond-expr","locations":[{"start":{"line":104,"column":41},"end":{"line":104,"column":70}},{"start":{"line":104,"column":73},"end":{"line":104,"column":77}}],"line":104},"8":{"loc":{"start":{"line":129,"column":4},"end":{"line":141,"column":5}},"type":"if","locations":[{"start":{"line":129,"column":4},"end":{"line":141,"column":5}},{"start":{"line":139,"column":11},"end":{"line":141,"column":5}}],"line":129},"9":{"loc":{"start":{"line":134,"column":6},"end":{"line":138,"column":7}},"type":"if","locations":[{"start":{"line":134,"column":6},"end":{"line":138,"column":7}},{"start":{"line":136,"column":13},"end":{"line":138,"column":7}}],"line":134},"10":{"loc":{"start":{"line":134,"column":10},"end":{"line":134,"column":28}},"type":"binary-expr","locations":[{"start":{"line":134,"column":10},"end":{"line":134,"column":17}},{"start":{"line":134,"column":21},"end":{"line":134,"column":28}}],"line":134},"11":{"loc":{"start":{"line":162,"column":4},"end":{"line":186,"column":5}},"type":"if","locations":[{"start":{"line":162,"column":4},"end":{"line":186,"column":5}},{"start":{"line":184,"column":11},"end":{"line":186,"column":5}}],"line":162},"12":{"loc":{"start":{"line":167,"column":6},"end":{"line":183,"column":7}},"type":"if","locations":[{"start":{"line":167,"column":6},"end":{"line":183,"column":7}},{"start":{"line":181,"column":13},"end":{"line":183,"column":7}}],"line":167},"13":{"loc":{"start":{"line":167,"column":10},"end":{"line":167,"column":28}},"type":"binary-expr","locations":[{"start":{"line":167,"column":10},"end":{"line":167,"column":17}},{"start":{"line":167,"column":21},"end":{"line":167,"column":28}}],"line":167},"14":{"loc":{"start":{"line":206,"column":4},"end":{"line":223,"column":5}},"type":"if","locations":[{"start":{"line":206,"column":4},"end":{"line":223,"column":5}},{"start":{"line":221,"column":11},"end":{"line":223,"column":5}}],"line":206},"15":{"loc":{"start":{"line":211,"column":6},"end":{"line":220,"column":7}},"type":"if","locations":[{"start":{"line":211,"column":6},"end":{"line":220,"column":7}},{"start":{"line":218,"column":13},"end":{"line":220,"column":7}}],"line":211},"16":{"loc":{"start":{"line":211,"column":10},"end":{"line":211,"column":28}},"type":"binary-expr","locations":[{"start":{"line":211,"column":10},"end":{"line":211,"column":17}},{"start":{"line":211,"column":21},"end":{"line":211,"column":28}}],"line":211}},"s":{"0":3,"1":5,"2":5,"3":4,"4":4,"5":4,"6":4,"7":3,"8":0,"9":1,"10":1,"11":1,"12":5,"13":5,"14":4,"15":4,"16":3,"17":3,"18":0,"19":1,"20":1,"21":1,"22":4,"23":4,"24":3,"25":1,"26":2,"27":1,"28":2,"29":1,"30":1,"31":4,"32":4,"33":3,"34":2,"35":2,"36":2,"37":0,"38":1,"39":1,"40":1,"41":5,"42":5,"43":3,"44":3,"45":3,"46":3,"47":3,"48":0,"49":2,"50":0,"51":0,"52":5,"53":5,"54":3,"55":3,"56":3,"57":3,"58":2,"59":0,"60":2,"61":1,"62":1,"63":3},"f":{"0":5,"1":5,"2":4,"3":2,"4":4,"5":5,"6":5},"b":{"0":[4,1],"1":[4,0],"2":[4,4],"3":[4,1],"4":[3,0],"5":[3,3],"6":[1,2],"7":[2,0],"8":[3,1],"9":[2,0],"10":[2,2],"11":[3,2],"12":[3,0],"13":[3,3],"14":[3,2],"15":[3,0],"16":[3,3]},"_coverageSchema":"1a1c01bbd47fc00a2c39e90264f33305004495a9","hash":"43df8a566c6af4ed54877d518a66680dd06ae077"}
,"C:\\Users\\HP\\Desktop\\FinalBackendCode\\Group18\\backend\\Data\\Notices.js": {"path":"C:\\Users\\HP\\Desktop\\FinalBackendCode\\Group18\\backend\\Data\\Notices.js","statementMap":{"0":{"start":{"line":2,"column":57},"end":{"line":2,"column":77}},"1":{"start":{"line":16,"column":2},"end":{"line":52,"column":3}},"2":{"start":{"line":17,"column":4},"end":{"line":48,"column":5}},"3":{"start":{"line":18,"column":22},"end":{"line":18,"column":76}},"4":{"start":{"line":20,"column":6},"end":{"line":30,"column":7}},"5":{"start":{"line":21,"column":23},"end":{"line":21,"column":96}},"6":{"start":{"line":23,"column":8},"end":{"line":27,"column":9}},"7":{"start":{"line":24,"column":10},"end":{"line":24,"column":24}},"8":{"start":{"line":26,"column":10},"end":{"line":26,"column":22}},"9":{"start":{"line":29,"column":8},"end":{"line":29,"column":20}},"10":{"start":{"line":31,"column":11},"end":{"line":48,"column":5}},"11":{"start":{"line":32,"column":21},"end":{"line":32,"column":74}},"12":{"start":{"line":34,"column":6},"end":{"line":45,"column":7}},"13":{"start":{"line":35,"column":28},"end":{"line":35,"column":45}},"14":{"start":{"line":36,"column":23},"end":{"line":36,"column":98}},"15":{"start":{"line":38,"column":8},"end":{"line":42,"column":9}},"16":{"start":{"line":39,"column":10},"end":{"line":39,"column":24}},"17":{"start":{"line":41,"column":10},"end":{"line":41,"column":22}},"18":{"start":{"line":44,"column":8},"end":{"line":44,"column":20}},"19":{"start":{"line":47,"column":6},"end":{"line":47,"column":18}},"20":{"start":{"line":50,"column":4},"end":{"line":50,"column":52}},"21":{"start":{"line":51,"column":4},"end":{"line":51,"column":16}},"22":{"start":{"line":66,"column":2},"end":{"line":88,"column":3}},"23":{"start":{"line":67,"column":4},"end":{"line":84,"column":5}},"24":{"start":{"line":68,"column":21},"end":{"line":68,"column":74}},"25":{"start":{"line":70,"column":6},"end":{"line":81,"column":7}},"26":{"start":{"line":71,"column":28},"end":{"line":71,"column":45}},"27":{"start":{"line":72,"column":28},"end":{"line":72,"column":89}},"28":{"start":{"line":74,"column":8},"end":{"line":78,"column":9}},"29":{"start":{"line":75,"column":10},"end":{"line":75,"column":29}},"30":{"start":{"line":77,"column":10},"end":{"line":77,"column":22}},"31":{"start":{"line":80,"column":8},"end":{"line":80,"column":20}},"32":{"start":{"line":83,"column":6},"end":{"line":83,"column":18}},"33":{"start":{"line":86,"column":4},"end":{"line":86,"column":58}},"34":{"start":{"line":87,"column":4},"end":{"line":87,"column":16}},"35":{"start":{"line":103,"column":2},"end":{"line":124,"column":3}},"36":{"start":{"line":104,"column":4},"end":{"line":120,"column":5}},"37":{"start":{"line":105,"column":22},"end":{"line":105,"column":76}},"38":{"start":{"line":107,"column":6},"end":{"line":117,"column":7}},"39":{"start":{"line":108,"column":28},"end":{"line":108,"column":88}},"40":{"start":{"line":110,"column":8},"end":{"line":114,"column":9}},"41":{"start":{"line":111,"column":10},"end":{"line":111,"column":29}},"42":{"start":{"line":113,"column":10},"end":{"line":113,"column":22}},"43":{"start":{"line":116,"column":8},"end":{"line":116,"column":20}},"44":{"start":{"line":119,"column":6},"end":{"line":119,"column":18}},"45":{"start":{"line":122,"column":4},"end":{"line":122,"column":59}},"46":{"start":{"line":123,"column":4},"end":{"line":123,"column":16}},"47":{"start":{"line":140,"column":2},"end":{"line":169,"column":3}},"48":{"start":{"line":141,"column":4},"end":{"line":165,"column":5}},"49":{"start":{"line":142,"column":22},"end":{"line":142,"column":76}},"50":{"start":{"line":144,"column":6},"end":{"line":162,"column":7}},"51":{"start":{"line":145,"column":25},"end":{"line":145,"column":114}},"52":{"start":{"line":147,"column":8},"end":{"line":159,"column":9}},"53":{"start":{"line":148,"column":10},"end":{"line":155,"column":13}},"54":{"start":{"line":156,"column":10},"end":{"line":156,"column":22}},"55":{"start":{"line":158,"column":10},"end":{"line":158,"column":23}},"56":{"start":{"line":161,"column":8},"end":{"line":161,"column":21}},"57":{"start":{"line":164,"column":6},"end":{"line":164,"column":19}},"58":{"start":{"line":167,"column":4},"end":{"line":167,"column":51}},"59":{"start":{"line":168,"column":4},"end":{"line":168,"column":16}},"60":{"start":{"line":184,"column":2},"end":{"line":210,"column":3}},"61":{"start":{"line":185,"column":4},"end":{"line":206,"column":5}},"62":{"start":{"line":186,"column":22},"end":{"line":186,"column":76}},"63":{"start":{"line":188,"column":6},"end":{"line":203,"column":7}},"64":{"start":{"line":189,"column":23},"end":{"line":189,"column":96}},"65":{"start":{"line":191,"column":8},"end":{"line":200,"column":9}},"66":{"start":{"line":192,"column":10},"end":{"line":196,"column":13}},"67":{"start":{"line":197,"column":10},"end":{"line":197,"column":22}},"68":{"start":{"line":199,"column":10},"end":{"line":199,"column":23}},"69":{"start":{"line":202,"column":8},"end":{"line":202,"column":21}},"70":{"start":{"line":205,"column":6},"end":{"line":205,"column":19}},"71":{"start":{"line":208,"column":4},"end":{"line":208,"column":51}},"72":{"start":{"line":209,"column":4},"end":{"line":209,"column":16}},"73":{"start":{"line":228,"column":2},"end":{"line":253,"column":3}},"74":{"start":{"line":229,"column":4},"end":{"line":249,"column":5}},"75":{"start":{"line":230,"column":22},"end":{"line":230,"column":76}},"76":{"start":{"line":232,"column":6},"end":{"line":246,"column":7}},"77":{"start":{"line":233,"column":23},"end":{"line":233,"column":96}},"78":{"start":{"line":235,"column":8},"end":{"line":243,"column":9}},"79":{"start":{"line":236,"column":10},"end":{"line":239,"column":12}},"80":{"start":{"line":240,"column":10},"end":{"line":240,"column":22}},"81":{"start":{"line":242,"column":10},"end":{"line":242,"column":23}},"82":{"start":{"line":245,"column":8},"end":{"line":245,"column":21}},"83":{"start":{"line":248,"column":6},"end":{"line":248,"column":19}},"84":{"start":{"line":251,"column":4},"end":{"line":251,"column":51}},"85":{"start":{"line":252,"column":4},"end":{"line":252,"column":16}},"86":{"start":{"line":257,"column":0},"end":{"line":264,"column":2}}},"fnMap":{"0":{"name":"getNoticeById","decl":{"start":{"line":15,"column":15},"end":{"line":15,"column":28}},"loc":{"start":{"line":15,"column":54},"end":{"line":53,"column":1}},"line":15},"1":{"name":"getAllNoticesTenant","decl":{"start":{"line":65,"column":15},"end":{"line":65,"column":34}},"loc":{"start":{"line":65,"column":50},"end":{"line":89,"column":1}},"line":65},"2":{"name":"getAllNoticesManager","decl":{"start":{"line":102,"column":15},"end":{"line":102,"column":35}},"loc":{"start":{"line":102,"column":63},"end":{"line":125,"column":1}},"line":102},"3":{"name":"createNotice","decl":{"start":{"line":139,"column":15},"end":{"line":139,"column":27}},"loc":{"start":{"line":139,"column":65},"end":{"line":170,"column":1}},"line":139},"4":{"name":"deleteNotice","decl":{"start":{"line":183,"column":15},"end":{"line":183,"column":27}},"loc":{"start":{"line":183,"column":53},"end":{"line":211,"column":1}},"line":183},"5":{"name":"updateNotice","decl":{"start":{"line":227,"column":15},"end":{"line":227,"column":27}},"loc":{"start":{"line":227,"column":95},"end":{"line":254,"column":1}},"line":227}},"branchMap":{"0":{"loc":{"start":{"line":17,"column":4},"end":{"line":48,"column":5}},"type":"if","locations":[{"start":{"line":17,"column":4},"end":{"line":48,"column":5}},{"start":{"line":31,"column":11},"end":{"line":48,"column":5}}],"line":17},"1":{"loc":{"start":{"line":20,"column":6},"end":{"line":30,"column":7}},"type":"if","locations":[{"start":{"line":20,"column":6},"end":{"line":30,"column":7}},{"start":{"line":28,"column":13},"end":{"line":30,"column":7}}],"line":20},"2":{"loc":{"start":{"line":23,"column":8},"end":{"line":27,"column":9}},"type":"if","locations":[{"start":{"line":23,"column":8},"end":{"line":27,"column":9}},{"start":{"line":25,"column":15},"end":{"line":27,"column":9}}],"line":23},"3":{"loc":{"start":{"line":31,"column":11},"end":{"line":48,"column":5}},"type":"if","locations":[{"start":{"line":31,"column":11},"end":{"line":48,"column":5}},{"start":{"line":46,"column":11},"end":{"line":48,"column":5}}],"line":31},"4":{"loc":{"start":{"line":34,"column":6},"end":{"line":45,"column":7}},"type":"if","locations":[{"start":{"line":34,"column":6},"end":{"line":45,"column":7}},{"start":{"line":43,"column":13},"end":{"line":45,"column":7}}],"line":34},"5":{"loc":{"start":{"line":38,"column":8},"end":{"line":42,"column":9}},"type":"if","locations":[{"start":{"line":38,"column":8},"end":{"line":42,"column":9}},{"start":{"line":40,"column":15},"end":{"line":42,"column":9}}],"line":38},"6":{"loc":{"start":{"line":67,"column":4},"end":{"line":84,"column":5}},"type":"if","locations":[{"start":{"line":67,"column":4},"end":{"line":84,"column":5}},{"start":{"line":82,"column":11},"end":{"line":84,"column":5}}],"line":67},"7":{"loc":{"start":{"line":70,"column":6},"end":{"line":81,"column":7}},"type":"if","locations":[{"start":{"line":70,"column":6},"end":{"line":81,"column":7}},{"start":{"line":79,"column":13},"end":{"line":81,"column":7}}],"line":70},"8":{"loc":{"start":{"line":74,"column":8},"end":{"line":78,"column":9}},"type":"if","locations":[{"start":{"line":74,"column":8},"end":{"line":78,"column":9}},{"start":{"line":76,"column":15},"end":{"line":78,"column":9}}],"line":74},"9":{"loc":{"start":{"line":74,"column":12},"end":{"line":74,"column":49}},"type":"binary-expr","locations":[{"start":{"line":74,"column":12},"end":{"line":74,"column":23}},{"start":{"line":74,"column":27},"end":{"line":74,"column":49}}],"line":74},"10":{"loc":{"start":{"line":104,"column":4},"end":{"line":120,"column":5}},"type":"if","locations":[{"start":{"line":104,"column":4},"end":{"line":120,"column":5}},{"start":{"line":118,"column":11},"end":{"line":120,"column":5}}],"line":104},"11":{"loc":{"start":{"line":107,"column":6},"end":{"line":117,"column":7}},"type":"if","locations":[{"start":{"line":107,"column":6},"end":{"line":117,"column":7}},{"start":{"line":115,"column":13},"end":{"line":117,"column":7}}],"line":107},"12":{"loc":{"start":{"line":110,"column":8},"end":{"line":114,"column":9}},"type":"if","locations":[{"start":{"line":110,"column":8},"end":{"line":114,"column":9}},{"start":{"line":112,"column":15},"end":{"line":114,"column":9}}],"line":110},"13":{"loc":{"start":{"line":110,"column":12},"end":{"line":110,"column":49}},"type":"binary-expr","locations":[{"start":{"line":110,"column":12},"end":{"line":110,"column":23}},{"start":{"line":110,"column":27},"end":{"line":110,"column":49}}],"line":110},"14":{"loc":{"start":{"line":141,"column":4},"end":{"line":165,"column":5}},"type":"if","locations":[{"start":{"line":141,"column":4},"end":{"line":165,"column":5}},{"start":{"line":163,"column":11},"end":{"line":165,"column":5}}],"line":141},"15":{"loc":{"start":{"line":144,"column":6},"end":{"line":162,"column":7}},"type":"if","locations":[{"start":{"line":144,"column":6},"end":{"line":162,"column":7}},{"start":{"line":160,"column":13},"end":{"line":162,"column":7}}],"line":144},"16":{"loc":{"start":{"line":147,"column":8},"end":{"line":159,"column":9}},"type":"if","locations":[{"start":{"line":147,"column":8},"end":{"line":159,"column":9}},{"start":{"line":157,"column":15},"end":{"line":159,"column":9}}],"line":147},"17":{"loc":{"start":{"line":147,"column":12},"end":{"line":147,"column":31}},"type":"binary-expr","locations":[{"start":{"line":147,"column":12},"end":{"line":147,"column":19}},{"start":{"line":147,"column":23},"end":{"line":147,"column":31}}],"line":147},"18":{"loc":{"start":{"line":185,"column":4},"end":{"line":206,"column":5}},"type":"if","locations":[{"start":{"line":185,"column":4},"end":{"line":206,"column":5}},{"start":{"line":204,"column":11},"end":{"line":206,"column":5}}],"line":185},"19":{"loc":{"start":{"line":188,"column":6},"end":{"line":203,"column":7}},"type":"if","locations":[{"start":{"line":188,"column":6},"end":{"line":203,"column":7}},{"start":{"line":201,"column":13},"end":{"line":203,"column":7}}],"line":188},"20":{"loc":{"start":{"line":191,"column":8},"end":{"line":200,"column":9}},"type":"if","locations":[{"start":{"line":191,"column":8},"end":{"line":200,"column":9}},{"start":{"line":198,"column":15},"end":{"line":200,"column":9}}],"line":191},"21":{"loc":{"start":{"line":229,"column":4},"end":{"line":249,"column":5}},"type":"if","locations":[{"start":{"line":229,"column":4},"end":{"line":249,"column":5}},{"start":{"line":247,"column":11},"end":{"line":249,"column":5}}],"line":229},"22":{"loc":{"start":{"line":232,"column":6},"end":{"line":246,"column":7}},"type":"if","locations":[{"start":{"line":232,"column":6},"end":{"line":246,"column":7}},{"start":{"line":244,"column":13},"end":{"line":246,"column":7}}],"line":232},"23":{"loc":{"start":{"line":235,"column":8},"end":{"line":243,"column":9}},"type":"if","locations":[{"start":{"line":235,"column":8},"end":{"line":243,"column":9}},{"start":{"line":241,"column":15},"end":{"line":243,"column":9}}],"line":235}},"s":{"0":3,"1":11,"2":11,"3":5,"4":4,"5":2,"6":2,"7":2,"8":0,"9":2,"10":6,"11":5,"12":4,"13":2,"14":2,"15":2,"16":1,"17":1,"18":2,"19":1,"20":2,"21":2,"22":7,"23":7,"24":5,"25":4,"26":2,"27":2,"28":2,"29":1,"30":1,"31":2,"32":2,"33":1,"34":1,"35":5,"36":5,"37":4,"38":3,"39":2,"40":2,"41":1,"42":1,"43":1,"44":1,"45":1,"46":1,"47":8,"48":8,"49":6,"50":5,"51":3,"52":3,"53":2,"54":2,"55":1,"56":2,"57":2,"58":1,"59":1,"60":8,"61":8,"62":6,"63":5,"64":3,"65":3,"66":2,"67":2,"68":1,"69":2,"70":2,"71":1,"72":1,"73":8,"74":8,"75":6,"76":5,"77":3,"78":3,"79":2,"80":2,"81":1,"82":2,"83":2,"84":1,"85":1,"86":3},"f":{"0":11,"1":7,"2":5,"3":8,"4":8,"5":8},"b":{"0":[5,6],"1":[2,2],"2":[2,0],"3":[5,1],"4":[2,2],"5":[1,1],"6":[5,2],"7":[2,2],"8":[1,1],"9":[2,2],"10":[4,1],"11":[2,1],"12":[1,1],"13":[2,2],"14":[6,2],"15":[3,2],"16":[2,1],"17":[3,3],"18":[6,2],"19":[3,2],"20":[2,1],"21":[6,2],"22":[3,2],"23":[2,1]},"_coverageSchema":"1a1c01bbd47fc00a2c39e90264f33305004495a9","hash":"9fa84fe866512d482ed9fe4abcdcc3cf12459755"}
,"C:\\Users\\HP\\Desktop\\FinalBackendCode\\Group18\\backend\\Data\\Users.js": {"path":"C:\\Users\\HP\\Desktop\\FinalBackendCode\\Group18\\backend\\Data\\Users.js","statementMap":{"0":{"start":{"line":1,"column":56},"end":{"line":1,"column":76}},"1":{"start":{"line":2,"column":15},"end":{"line":2,"column":32}},"2":{"start":{"line":14,"column":2},"end":{"line":20,"column":3}},"3":{"start":{"line":15,"column":17},"end":{"line":15,"column":65}},"4":{"start":{"line":16,"column":4},"end":{"line":16,"column":16}},"5":{"start":{"line":18,"column":4},"end":{"line":18,"column":53}},"6":{"start":{"line":19,"column":4},"end":{"line":19,"column":16}},"7":{"start":{"line":37,"column":2},"end":{"line":53,"column":3}},"8":{"start":{"line":39,"column":17},"end":{"line":39,"column":48}},"9":{"start":{"line":42,"column":20},"end":{"line":47,"column":6}},"10":{"start":{"line":49,"column":4},"end":{"line":49,"column":19}},"11":{"start":{"line":51,"column":4},"end":{"line":51,"column":49}},"12":{"start":{"line":52,"column":4},"end":{"line":52,"column":16}},"13":{"start":{"line":57,"column":0},"end":{"line":60,"column":2}}},"fnMap":{"0":{"name":"getUserByEmail","decl":{"start":{"line":13,"column":15},"end":{"line":13,"column":29}},"loc":{"start":{"line":13,"column":37},"end":{"line":21,"column":1}},"line":13},"1":{"name":"createUser","decl":{"start":{"line":36,"column":15},"end":{"line":36,"column":25}},"loc":{"start":{"line":36,"column":63},"end":{"line":54,"column":1}},"line":36}},"branchMap":{},"s":{"0":3,"1":3,"2":3,"3":3,"4":2,"5":1,"6":1,"7":2,"8":2,"9":2,"10":1,"11":1,"12":1,"13":3},"f":{"0":3,"1":2},"b":{},"_coverageSchema":"1a1c01bbd47fc00a2c39e90264f33305004495a9","hash":"ce47cb69c1725b3a76773f6d403f263a557bfcb8"}
,"C:\\Users\\HP\\Desktop\\FinalBackendCode\\Group18\\backend\\Data\\WishList.js": {"path":"C:\\Users\\HP\\Desktop\\FinalBackendCode\\Group18\\backend\\Data\\WishList.js","statementMap":{"0":{"start":{"line":2,"column":43},"end":{"line":2,"column":63}},"1":{"start":{"line":10,"column":2},"end":{"line":13,"column":5}},"2":{"start":{"line":22,"column":2},"end":{"line":22,"column":75}},"3":{"start":{"line":22,"column":53},"end":{"line":22,"column":71}},"4":{"start":{"line":31,"column":2},"end":{"line":34,"column":5}},"5":{"start":{"line":45,"column":2},"end":{"line":49,"column":5}},"6":{"start":{"line":58,"column":2},"end":{"line":58,"column":62}},"7":{"start":{"line":68,"column":2},"end":{"line":68,"column":67}},"8":{"start":{"line":78,"column":2},"end":{"line":78,"column":60}},"9":{"start":{"line":81,"column":0},"end":{"line":89,"column":2}}},"fnMap":{"0":{"name":"getUserWishlists","decl":{"start":{"line":9,"column":15},"end":{"line":9,"column":31}},"loc":{"start":{"line":9,"column":40},"end":{"line":14,"column":1}},"line":9},"1":{"name":"getUniqueListingIds","decl":{"start":{"line":21,"column":15},"end":{"line":21,"column":34}},"loc":{"start":{"line":21,"column":50},"end":{"line":23,"column":1}},"line":21},"2":{"name":"(anonymous_2)","decl":{"start":{"line":22,"column":39},"end":{"line":22,"column":40}},"loc":{"start":{"line":22,"column":53},"end":{"line":22,"column":71}},"line":22},"3":{"name":"getListingsByUniqueIds","decl":{"start":{"line":30,"column":15},"end":{"line":30,"column":37}},"loc":{"start":{"line":30,"column":56},"end":{"line":35,"column":1}},"line":30},"4":{"name":"createWishlistItem","decl":{"start":{"line":44,"column":15},"end":{"line":44,"column":33}},"loc":{"start":{"line":44,"column":61},"end":{"line":50,"column":1}},"line":44},"5":{"name":"findListingById","decl":{"start":{"line":57,"column":15},"end":{"line":57,"column":30}},"loc":{"start":{"line":57,"column":42},"end":{"line":59,"column":1}},"line":57},"6":{"name":"findWishlistItem","decl":{"start":{"line":67,"column":15},"end":{"line":67,"column":31}},"loc":{"start":{"line":67,"column":51},"end":{"line":69,"column":1}},"line":67},"7":{"name":"removeWishlistItem","decl":{"start":{"line":77,"column":15},"end":{"line":77,"column":33}},"loc":{"start":{"line":77,"column":53},"end":{"line":79,"column":1}},"line":77}},"branchMap":{},"s":{"0":3,"1":3,"2":1,"3":2,"4":2,"5":3,"6":5,"7":4,"8":2,"9":3},"f":{"0":3,"1":1,"2":2,"3":2,"4":3,"5":5,"6":4,"7":2},"b":{},"_coverageSchema":"1a1c01bbd47fc00a2c39e90264f33305004495a9","hash":"64e1edafc7ad900c899f5f6c4f8d00d888970248"}
,"C:\\Users\\HP\\Desktop\\FinalBackendCode\\Group18\\backend\\Middleware\\middleware.js": {"path":"C:\\Users\\HP\\Desktop\\FinalBackendCode\\Group18\\backend\\Middleware\\middleware.js","statementMap":{"0":{"start":{"line":1,"column":19},"end":{"line":1,"column":42}},"1":{"start":{"line":3,"column":22},"end":{"line":17,"column":1}},"2":{"start":{"line":4,"column":22},"end":{"line":4,"column":47}},"3":{"start":{"line":6,"column":2},"end":{"line":6,"column":70}},"4":{"start":{"line":6,"column":20},"end":{"line":6,"column":70}},"5":{"start":{"line":8,"column":2},"end":{"line":16,"column":3}},"6":{"start":{"line":9,"column":23},"end":{"line":9,"column":61}},"7":{"start":{"line":10,"column":4},"end":{"line":10,"column":26}},"8":{"start":{"line":11,"column":4},"end":{"line":13,"column":5}},"9":{"start":{"line":12,"column":6},"end":{"line":12,"column":20}},"10":{"start":{"line":15,"column":4},"end":{"line":15,"column":36}},"11":{"start":{"line":19,"column":0},"end":{"line":19,"column":35}}},"fnMap":{"0":{"name":"(anonymous_0)","decl":{"start":{"line":3,"column":22},"end":{"line":3,"column":23}},"loc":{"start":{"line":3,"column":42},"end":{"line":17,"column":1}},"line":3}},"branchMap":{"0":{"loc":{"start":{"line":6,"column":2},"end":{"line":6,"column":70}},"type":"if","locations":[{"start":{"line":6,"column":2},"end":{"line":6,"column":70}},{"start":{},"end":{}}],"line":6},"1":{"loc":{"start":{"line":11,"column":4},"end":{"line":13,"column":5}},"type":"if","locations":[{"start":{"line":11,"column":4},"end":{"line":13,"column":5}},{"start":{},"end":{}}],"line":11}},"s":{"0":6,"1":6,"2":46,"3":46,"4":1,"5":45,"6":45,"7":40,"8":40,"9":40,"10":5,"11":6},"f":{"0":46},"b":{"0":[1,45],"1":[40,0]},"_coverageSchema":"1a1c01bbd47fc00a2c39e90264f33305004495a9","hash":"e3110bb2bcdce43484f7c013b0d5348cbad71e1b"}
,"C:\\Users\\HP\\Desktop\\FinalBackendCode\\Group18\\backend\\Service\\Applications.js": {"path":"C:\\Users\\HP\\Desktop\\FinalBackendCode\\Group18\\backend\\Service\\Applications.js","statementMap":{"0":{"start":{"line":3,"column":13},"end":{"line":3,"column":44}},"1":{"start":{"line":12,"column":2},"end":{"line":12,"column":79}},"2":{"start":{"line":23,"column":16},"end":{"line":23,"column":82}},"3":{"start":{"line":24,"column":2},"end":{"line":24,"column":40}},"4":{"start":{"line":25,"column":2},"end":{"line":25,"column":14}},"5":{"start":{"line":35,"column":2},"end":{"line":35,"column":69}},"6":{"start":{"line":45,"column":2},"end":{"line":45,"column":63}},"7":{"start":{"line":54,"column":2},"end":{"line":54,"column":48}},"8":{"start":{"line":57,"column":0},"end":{"line":63,"column":2}}},"fnMap":{"0":{"name":"createApplication","decl":{"start":{"line":11,"column":15},"end":{"line":11,"column":32}},"loc":{"start":{"line":11,"column":74},"end":{"line":13,"column":1}},"line":11},"1":{"name":"updateStatusApplication","decl":{"start":{"line":22,"column":15},"end":{"line":22,"column":38}},"loc":{"start":{"line":22,"column":71},"end":{"line":26,"column":1}},"line":22},"2":{"name":"getAllApplicationsForListing","decl":{"start":{"line":34,"column":15},"end":{"line":34,"column":43}},"loc":{"start":{"line":34,"column":64},"end":{"line":36,"column":1}},"line":34},"3":{"name":"getApplicationById","decl":{"start":{"line":44,"column":15},"end":{"line":44,"column":33}},"loc":{"start":{"line":44,"column":58},"end":{"line":46,"column":1}},"line":44},"4":{"name":"getAllApplications","decl":{"start":{"line":53,"column":15},"end":{"line":53,"column":33}},"loc":{"start":{"line":53,"column":43},"end":{"line":55,"column":1}},"line":53}},"branchMap":{},"s":{"0":1,"1":1,"2":1,"3":1,"4":1,"5":1,"6":1,"7":1,"8":1},"f":{"0":1,"1":1,"2":1,"3":1,"4":1},"b":{},"_coverageSchema":"1a1c01bbd47fc00a2c39e90264f33305004495a9","hash":"824ecad3cac16e37e21655aec48ad04ec4c7d3b4"}
,"C:\\Users\\HP\\Desktop\\FinalBackendCode\\Group18\\backend\\Service\\Buildings.js": {"path":"C:\\Users\\HP\\Desktop\\FinalBackendCode\\Group18\\backend\\Service\\Buildings.js","statementMap":{"0":{"start":{"line":1,"column":18},"end":{"line":1,"column":46}},"1":{"start":{"line":15,"column":2},"end":{"line":20,"column":3}},"2":{"start":{"line":16,"column":4},"end":{"line":16,"column":70}},"3":{"start":{"line":18,"column":4},"end":{"line":18,"column":54}},"4":{"start":{"line":19,"column":4},"end":{"line":19,"column":16}},"5":{"start":{"line":34,"column":2},"end":{"line":39,"column":3}},"6":{"start":{"line":35,"column":4},"end":{"line":35,"column":58}},"7":{"start":{"line":37,"column":4},"end":{"line":37,"column":54}},"8":{"start":{"line":38,"column":4},"end":{"line":38,"column":16}},"9":{"start":{"line":55,"column":2},"end":{"line":60,"column":3}},"10":{"start":{"line":56,"column":4},"end":{"line":56,"column":77}},"11":{"start":{"line":58,"column":4},"end":{"line":58,"column":53}},"12":{"start":{"line":59,"column":4},"end":{"line":59,"column":16}},"13":{"start":{"line":75,"column":2},"end":{"line":80,"column":3}},"14":{"start":{"line":76,"column":4},"end":{"line":76,"column":69}},"15":{"start":{"line":78,"column":4},"end":{"line":78,"column":53}},"16":{"start":{"line":79,"column":4},"end":{"line":79,"column":16}},"17":{"start":{"line":98,"column":2},"end":{"line":103,"column":3}},"18":{"start":{"line":99,"column":4},"end":{"line":99,"column":105}},"19":{"start":{"line":101,"column":4},"end":{"line":101,"column":53}},"20":{"start":{"line":102,"column":4},"end":{"line":102,"column":16}},"21":{"start":{"line":115,"column":2},"end":{"line":120,"column":3}},"22":{"start":{"line":116,"column":4},"end":{"line":116,"column":54}},"23":{"start":{"line":118,"column":4},"end":{"line":118,"column":63}},"24":{"start":{"line":119,"column":4},"end":{"line":119,"column":16}},"25":{"start":{"line":124,"column":16},"end":{"line":124,"column":56}},"26":{"start":{"line":125,"column":2},"end":{"line":125,"column":40}},"27":{"start":{"line":126,"column":2},"end":{"line":126,"column":15}},"28":{"start":{"line":130,"column":0},"end":{"line":138,"column":2}}},"fnMap":{"0":{"name":"getBuildingById","decl":{"start":{"line":14,"column":15},"end":{"line":14,"column":30}},"loc":{"start":{"line":14,"column":58},"end":{"line":21,"column":1}},"line":14},"1":{"name":"getAllBuildings","decl":{"start":{"line":33,"column":15},"end":{"line":33,"column":30}},"loc":{"start":{"line":33,"column":46},"end":{"line":40,"column":1}},"line":33},"2":{"name":"createBuilding","decl":{"start":{"line":54,"column":15},"end":{"line":54,"column":29}},"loc":{"start":{"line":54,"column":65},"end":{"line":61,"column":1}},"line":54},"3":{"name":"deleteBuilding","decl":{"start":{"line":74,"column":15},"end":{"line":74,"column":29}},"loc":{"start":{"line":74,"column":57},"end":{"line":81,"column":1}},"line":74},"4":{"name":"updateBuilding","decl":{"start":{"line":97,"column":15},"end":{"line":97,"column":29}},"loc":{"start":{"line":97,"column":93},"end":{"line":104,"column":1}},"line":97},"5":{"name":"getAllBuildingsForSignUp","decl":{"start":{"line":114,"column":15},"end":{"line":114,"column":39}},"loc":{"start":{"line":114,"column":42},"end":{"line":121,"column":1}},"line":114},"6":{"name":"getBuildingInfo","decl":{"start":{"line":123,"column":15},"end":{"line":123,"column":30}},"loc":{"start":{"line":123,"column":40},"end":{"line":127,"column":1}},"line":123}},"branchMap":{},"s":{"0":1,"1":2,"2":2,"3":1,"4":1,"5":2,"6":2,"7":1,"8":1,"9":2,"10":2,"11":1,"12":1,"13":2,"14":2,"15":1,"16":1,"17":2,"18":2,"19":1,"20":1,"21":2,"22":2,"23":1,"24":1,"25":2,"26":1,"27":1,"28":1},"f":{"0":2,"1":2,"2":2,"3":2,"4":2,"5":2,"6":2},"b":{},"_coverageSchema":"1a1c01bbd47fc00a2c39e90264f33305004495a9","hash":"a24404f3e55c0a35036fbb639800f3ddbfb780af"}
,"C:\\Users\\HP\\Desktop\\FinalBackendCode\\Group18\\backend\\Service\\Listings.js": {"path":"C:\\Users\\HP\\Desktop\\FinalBackendCode\\Group18\\backend\\Service\\Listings.js","statementMap":{"0":{"start":{"line":1,"column":18},"end":{"line":1,"column":45}},"1":{"start":{"line":16,"column":2},"end":{"line":16,"column":77}},"2":{"start":{"line":32,"column":2},"end":{"line":32,"column":78}},"3":{"start":{"line":44,"column":2},"end":{"line":44,"column":55}},"4":{"start":{"line":59,"column":2},"end":{"line":59,"column":66}},"5":{"start":{"line":75,"column":2},"end":{"line":75,"column":71}},"6":{"start":{"line":90,"column":2},"end":{"line":90,"column":65}},"7":{"start":{"line":93,"column":0},"end":{"line":100,"column":2}}},"fnMap":{"0":{"name":"createListing","decl":{"start":{"line":15,"column":15},"end":{"line":15,"column":28}},"loc":{"start":{"line":15,"column":67},"end":{"line":17,"column":1}},"line":15},"1":{"name":"getAllListingsForBuilding","decl":{"start":{"line":30,"column":15},"end":{"line":30,"column":40}},"loc":{"start":{"line":30,"column":68},"end":{"line":33,"column":1}},"line":30},"2":{"name":"getAllListingsForPublicView","decl":{"start":{"line":43,"column":15},"end":{"line":43,"column":42}},"loc":{"start":{"line":43,"column":45},"end":{"line":45,"column":1}},"line":43},"3":{"name":"getListingById","decl":{"start":{"line":58,"column":15},"end":{"line":58,"column":29}},"loc":{"start":{"line":58,"column":56},"end":{"line":60,"column":1}},"line":58},"4":{"name":"updateListing","decl":{"start":{"line":74,"column":15},"end":{"line":74,"column":28}},"loc":{"start":{"line":74,"column":61},"end":{"line":76,"column":1}},"line":74},"5":{"name":"deleteListing","decl":{"start":{"line":89,"column":15},"end":{"line":89,"column":28}},"loc":{"start":{"line":89,"column":55},"end":{"line":91,"column":1}},"line":89}},"branchMap":{},"s":{"0":2,"1":3,"2":1,"3":1,"4":2,"5":2,"6":3,"7":2},"f":{"0":3,"1":1,"2":1,"3":2,"4":2,"5":3},"b":{},"_coverageSchema":"1a1c01bbd47fc00a2c39e90264f33305004495a9","hash":"be58d274470541bdbcd658f933d5bb6e1940ee91"}
,"C:\\Users\\HP\\Desktop\\FinalBackendCode\\Group18\\backend\\Service\\Notices.js": {"path":"C:\\Users\\HP\\Desktop\\FinalBackendCode\\Group18\\backend\\Service\\Notices.js","statementMap":{"0":{"start":{"line":1,"column":13},"end":{"line":1,"column":39}},"1":{"start":{"line":15,"column":2},"end":{"line":20,"column":3}},"2":{"start":{"line":16,"column":4},"end":{"line":16,"column":61}},"3":{"start":{"line":18,"column":4},"end":{"line":18,"column":52}},"4":{"start":{"line":19,"column":4},"end":{"line":19,"column":16}},"5":{"start":{"line":34,"column":2},"end":{"line":39,"column":3}},"6":{"start":{"line":35,"column":4},"end":{"line":35,"column":57}},"7":{"start":{"line":37,"column":4},"end":{"line":37,"column":58}},"8":{"start":{"line":38,"column":4},"end":{"line":38,"column":16}},"9":{"start":{"line":54,"column":2},"end":{"line":59,"column":3}},"10":{"start":{"line":55,"column":4},"end":{"line":55,"column":70}},"11":{"start":{"line":57,"column":4},"end":{"line":57,"column":59}},"12":{"start":{"line":58,"column":4},"end":{"line":58,"column":16}},"13":{"start":{"line":75,"column":2},"end":{"line":80,"column":3}},"14":{"start":{"line":76,"column":4},"end":{"line":76,"column":81}},"15":{"start":{"line":78,"column":4},"end":{"line":78,"column":51}},"16":{"start":{"line":79,"column":4},"end":{"line":79,"column":16}},"17":{"start":{"line":95,"column":2},"end":{"line":100,"column":3}},"18":{"start":{"line":96,"column":4},"end":{"line":96,"column":60}},"19":{"start":{"line":98,"column":4},"end":{"line":98,"column":51}},"20":{"start":{"line":99,"column":4},"end":{"line":99,"column":16}},"21":{"start":{"line":118,"column":2},"end":{"line":123,"column":3}},"22":{"start":{"line":119,"column":4},"end":{"line":119,"column":93}},"23":{"start":{"line":121,"column":4},"end":{"line":121,"column":51}},"24":{"start":{"line":122,"column":4},"end":{"line":122,"column":16}},"25":{"start":{"line":127,"column":0},"end":{"line":134,"column":2}}},"fnMap":{"0":{"name":"getNoticeById","decl":{"start":{"line":14,"column":15},"end":{"line":14,"column":28}},"loc":{"start":{"line":14,"column":54},"end":{"line":21,"column":1}},"line":14},"1":{"name":"getAllNoticesTenant","decl":{"start":{"line":33,"column":15},"end":{"line":33,"column":34}},"loc":{"start":{"line":33,"column":50},"end":{"line":40,"column":1}},"line":33},"2":{"name":"getAllNoticesManager","decl":{"start":{"line":53,"column":15},"end":{"line":53,"column":35}},"loc":{"start":{"line":53,"column":63},"end":{"line":60,"column":1}},"line":53},"3":{"name":"createNotice","decl":{"start":{"line":74,"column":15},"end":{"line":74,"column":27}},"loc":{"start":{"line":74,"column":74},"end":{"line":81,"column":1}},"line":74},"4":{"name":"deleteNotice","decl":{"start":{"line":94,"column":15},"end":{"line":94,"column":27}},"loc":{"start":{"line":94,"column":53},"end":{"line":101,"column":1}},"line":94},"5":{"name":"updateNotice","decl":{"start":{"line":117,"column":15},"end":{"line":117,"column":27}},"loc":{"start":{"line":117,"column":86},"end":{"line":124,"column":1}},"line":117}},"branchMap":{},"s":{"0":2,"1":4,"2":4,"3":1,"4":1,"5":4,"6":4,"7":1,"8":1,"9":2,"10":2,"11":1,"12":1,"13":5,"14":5,"15":1,"16":1,"17":5,"18":5,"19":1,"20":1,"21":5,"22":5,"23":1,"24":1,"25":2},"f":{"0":4,"1":4,"2":2,"3":5,"4":5,"5":5},"b":{},"_coverageSchema":"1a1c01bbd47fc00a2c39e90264f33305004495a9","hash":"e5328492e86f3fd515c2fc0e1e6d2a57a64ab893"}
,"C:\\Users\\HP\\Desktop\\FinalBackendCode\\Group18\\backend\\Service\\Users.js": {"path":"C:\\Users\\HP\\Desktop\\FinalBackendCode\\Group18\\backend\\Service\\Users.js","statementMap":{"0":{"start":{"line":1,"column":18},"end":{"line":1,"column":42}},"1":{"start":{"line":2,"column":15},"end":{"line":2,"column":32}},"2":{"start":{"line":3,"column":17},"end":{"line":3,"column":40}},"3":{"start":{"line":4,"column":49},"end":{"line":4,"column":69}},"4":{"start":{"line":35,"column":2},"end":{"line":75,"column":3}},"5":{"start":{"line":36,"column":25},"end":{"line":36,"column":62}},"6":{"start":{"line":38,"column":4},"end":{"line":40,"column":5}},"7":{"start":{"line":39,"column":6},"end":{"line":39,"column":70}},"8":{"start":{"line":43,"column":4},"end":{"line":69,"column":5}},"9":{"start":{"line":44,"column":23},"end":{"line":44,"column":89}},"10":{"start":{"line":45,"column":22},"end":{"line":45,"column":83}},"11":{"start":{"line":47,"column":6},"end":{"line":54,"column":7}},"12":{"start":{"line":48,"column":21},"end":{"line":48,"column":84}},"13":{"start":{"line":49,"column":23},"end":{"line":49,"column":135}},"14":{"start":{"line":50,"column":8},"end":{"line":50,"column":37}},"15":{"start":{"line":51,"column":8},"end":{"line":51,"column":23}},"16":{"start":{"line":53,"column":8},"end":{"line":53,"column":82}},"17":{"start":{"line":55,"column":11},"end":{"line":69,"column":5}},"18":{"start":{"line":56,"column":19},"end":{"line":56,"column":82}},"19":{"start":{"line":58,"column":6},"end":{"line":64,"column":7}},"20":{"start":{"line":59,"column":24},"end":{"line":59,"column":71}},"21":{"start":{"line":60,"column":8},"end":{"line":60,"column":39}},"22":{"start":{"line":61,"column":13},"end":{"line":64,"column":7}},"23":{"start":{"line":62,"column":22},"end":{"line":62,"column":60}},"24":{"start":{"line":63,"column":8},"end":{"line":63,"column":35}},"25":{"start":{"line":66,"column":6},"end":{"line":66,"column":21}},"26":{"start":{"line":68,"column":6},"end":{"line":68,"column":76}},"27":{"start":{"line":71,"column":4},"end":{"line":71,"column":87}},"28":{"start":{"line":73,"column":4},"end":{"line":73,"column":49}},"29":{"start":{"line":74,"column":4},"end":{"line":74,"column":16}},"30":{"start":{"line":90,"column":2},"end":{"line":119,"column":3}},"31":{"start":{"line":91,"column":17},"end":{"line":91,"column":54}},"32":{"start":{"line":93,"column":4},"end":{"line":95,"column":5}},"33":{"start":{"line":94,"column":6},"end":{"line":94,"column":65}},"34":{"start":{"line":97,"column":18},"end":{"line":97,"column":63}},"35":{"start":{"line":99,"column":4},"end":{"line":101,"column":5}},"36":{"start":{"line":100,"column":6},"end":{"line":100,"column":82}},"37":{"start":{"line":103,"column":24},"end":{"line":106,"column":5}},"38":{"start":{"line":108,"column":4},"end":{"line":115,"column":6}},"39":{"start":{"line":117,"column":4},"end":{"line":117,"column":48}},"40":{"start":{"line":118,"column":4},"end":{"line":118,"column":16}},"41":{"start":{"line":122,"column":0},"end":{"line":125,"column":2}}},"fnMap":{"0":{"name":"signUpUser","decl":{"start":{"line":24,"column":15},"end":{"line":24,"column":25}},"loc":{"start":{"line":34,"column":3},"end":{"line":76,"column":1}},"line":34},"1":{"name":"loginUser","decl":{"start":{"line":89,"column":15},"end":{"line":89,"column":24}},"loc":{"start":{"line":89,"column":46},"end":{"line":120,"column":1}},"line":89}},"branchMap":{"0":{"loc":{"start":{"line":38,"column":4},"end":{"line":40,"column":5}},"type":"if","locations":[{"start":{"line":38,"column":4},"end":{"line":40,"column":5}},{"start":{},"end":{}}],"line":38},"1":{"loc":{"start":{"line":43,"column":4},"end":{"line":69,"column":5}},"type":"if","locations":[{"start":{"line":43,"column":4},"end":{"line":69,"column":5}},{"start":{"line":55,"column":11},"end":{"line":69,"column":5}}],"line":43},"2":{"loc":{"start":{"line":47,"column":6},"end":{"line":54,"column":7}},"type":"if","locations":[{"start":{"line":47,"column":6},"end":{"line":54,"column":7}},{"start":{"line":52,"column":13},"end":{"line":54,"column":7}}],"line":47},"3":{"loc":{"start":{"line":47,"column":10},"end":{"line":47,"column":29}},"type":"binary-expr","locations":[{"start":{"line":47,"column":10},"end":{"line":47,"column":17}},{"start":{"line":47,"column":21},"end":{"line":47,"column":29}}],"line":47},"4":{"loc":{"start":{"line":55,"column":11},"end":{"line":69,"column":5}},"type":"if","locations":[{"start":{"line":55,"column":11},"end":{"line":69,"column":5}},{"start":{"line":67,"column":11},"end":{"line":69,"column":5}}],"line":55},"5":{"loc":{"start":{"line":55,"column":15},"end":{"line":55,"column":53}},"type":"binary-expr","locations":[{"start":{"line":55,"column":15},"end":{"line":55,"column":33}},{"start":{"line":55,"column":37},"end":{"line":55,"column":53}}],"line":55},"6":{"loc":{"start":{"line":58,"column":6},"end":{"line":64,"column":7}},"type":"if","locations":[{"start":{"line":58,"column":6},"end":{"line":64,"column":7}},{"start":{"line":61,"column":13},"end":{"line":64,"column":7}}],"line":58},"7":{"loc":{"start":{"line":61,"column":13},"end":{"line":64,"column":7}},"type":"if","locations":[{"start":{"line":61,"column":13},"end":{"line":64,"column":7}},{"start":{},"end":{}}],"line":61},"8":{"loc":{"start":{"line":93,"column":4},"end":{"line":95,"column":5}},"type":"if","locations":[{"start":{"line":93,"column":4},"end":{"line":95,"column":5}},{"start":{},"end":{}}],"line":93},"9":{"loc":{"start":{"line":99,"column":4},"end":{"line":101,"column":5}},"type":"if","locations":[{"start":{"line":99,"column":4},"end":{"line":101,"column":5}},{"start":{},"end":{}}],"line":99}},"s":{"0":2,"1":2,"2":2,"3":2,"4":5,"5":5,"6":5,"7":1,"8":4,"9":1,"10":1,"11":1,"12":1,"13":1,"14":1,"15":1,"16":0,"17":3,"18":2,"19":2,"20":1,"21":1,"22":1,"23":1,"24":1,"25":2,"26":1,"27":3,"28":0,"29":0,"30":6,"31":6,"32":5,"33":2,"34":3,"35":3,"36":1,"37":2,"38":1,"39":2,"40":2,"41":2},"f":{"0":5,"1":6},"b":{"0":[1,4],"1":[1,3],"2":[1,0],"3":[1,1],"4":[2,1],"5":[3,2],"6":[1,1],"7":[1,0],"8":[2,3],"9":[1,2]},"_coverageSchema":"1a1c01bbd47fc00a2c39e90264f33305004495a9","hash":"f88c9898ef898e18b680494d2100b0898dedfe51"}
,"C:\\Users\\HP\\Desktop\\FinalBackendCode\\Group18\\backend\\Service\\Wishlist.js": {"path":"C:\\Users\\HP\\Desktop\\FinalBackendCode\\Group18\\backend\\Service\\Wishlist.js","statementMap":{"0":{"start":{"line":2,"column":26},"end":{"line":2,"column":61}},"1":{"start":{"line":3,"column":18},"end":{"line":3,"column":45}},"2":{"start":{"line":12,"column":2},"end":{"line":48,"column":3}},"3":{"start":{"line":13,"column":17},"end":{"line":13,"column":25}},"4":{"start":{"line":14,"column":26},"end":{"line":14,"column":67}},"5":{"start":{"line":15,"column":29},"end":{"line":15,"column":79}},"6":{"start":{"line":16,"column":30},"end":{"line":16,"column":86}},"7":{"start":{"line":18,"column":4},"end":{"line":41,"column":5}},"8":{"start":{"line":19,"column":27},"end":{"line":29,"column":9}},"9":{"start":{"line":19,"column":63},"end":{"line":29,"column":7}},"10":{"start":{"line":31,"column":6},"end":{"line":35,"column":9}},"11":{"start":{"line":37,"column":6},"end":{"line":40,"column":9}},"12":{"start":{"line":43,"column":4},"end":{"line":43,"column":25}},"13":{"start":{"line":44,"column":4},"end":{"line":47,"column":7}},"14":{"start":{"line":58,"column":2},"end":{"line":82,"column":3}},"15":{"start":{"line":59,"column":34},"end":{"line":59,"column":42}},"16":{"start":{"line":60,"column":20},"end":{"line":60,"column":31}},"17":{"start":{"line":61,"column":20},"end":{"line":61,"column":62}},"18":{"start":{"line":63,"column":4},"end":{"line":75,"column":5}},"19":{"start":{"line":64,"column":6},"end":{"line":64,"column":69}},"20":{"start":{"line":66,"column":6},"end":{"line":69,"column":9}},"21":{"start":{"line":71,"column":6},"end":{"line":74,"column":9}},"22":{"start":{"line":77,"column":4},"end":{"line":77,"column":35}},"23":{"start":{"line":78,"column":4},"end":{"line":81,"column":7}},"24":{"start":{"line":92,"column":2},"end":{"line":116,"column":3}},"25":{"start":{"line":93,"column":25},"end":{"line":93,"column":33}},"26":{"start":{"line":94,"column":20},"end":{"line":94,"column":31}},"27":{"start":{"line":95,"column":25},"end":{"line":95,"column":77}},"28":{"start":{"line":97,"column":4},"end":{"line":109,"column":5}},"29":{"start":{"line":98,"column":6},"end":{"line":98,"column":61}},"30":{"start":{"line":100,"column":6},"end":{"line":103,"column":9}},"31":{"start":{"line":105,"column":6},"end":{"line":108,"column":9}},"32":{"start":{"line":111,"column":4},"end":{"line":111,"column":35}},"33":{"start":{"line":112,"column":4},"end":{"line":115,"column":7}},"34":{"start":{"line":119,"column":0},"end":{"line":123,"column":2}}},"fnMap":{"0":{"name":"getWishlistedListings","decl":{"start":{"line":11,"column":15},"end":{"line":11,"column":36}},"loc":{"start":{"line":11,"column":47},"end":{"line":49,"column":1}},"line":11},"1":{"name":"(anonymous_1)","decl":{"start":{"line":19,"column":49},"end":{"line":19,"column":50}},"loc":{"start":{"line":19,"column":63},"end":{"line":29,"column":7}},"line":19},"2":{"name":"addWishlistItem","decl":{"start":{"line":57,"column":15},"end":{"line":57,"column":30}},"loc":{"start":{"line":57,"column":41},"end":{"line":83,"column":1}},"line":57},"3":{"name":"removeWishlistItem","decl":{"start":{"line":91,"column":15},"end":{"line":91,"column":33}},"loc":{"start":{"line":91,"column":44},"end":{"line":117,"column":1}},"line":91}},"branchMap":{"0":{"loc":{"start":{"line":18,"column":4},"end":{"line":41,"column":5}},"type":"if","locations":[{"start":{"line":18,"column":4},"end":{"line":41,"column":5}},{"start":{"line":36,"column":11},"end":{"line":41,"column":5}}],"line":18},"1":{"loc":{"start":{"line":28,"column":22},"end":{"line":28,"column":77}},"type":"cond-expr","locations":[{"start":{"line":28,"column":41},"end":{"line":28,"column":70}},{"start":{"line":28,"column":73},"end":{"line":28,"column":77}}],"line":28},"2":{"loc":{"start":{"line":63,"column":4},"end":{"line":75,"column":5}},"type":"if","locations":[{"start":{"line":63,"column":4},"end":{"line":75,"column":5}},{"start":{"line":70,"column":11},"end":{"line":75,"column":5}}],"line":63},"3":{"loc":{"start":{"line":63,"column":8},"end":{"line":63,"column":34}},"type":"binary-expr","locations":[{"start":{"line":63,"column":8},"end":{"line":63,"column":15}},{"start":{"line":63,"column":19},"end":{"line":63,"column":34}}],"line":63},"4":{"loc":{"start":{"line":97,"column":4},"end":{"line":109,"column":5}},"type":"if","locations":[{"start":{"line":97,"column":4},"end":{"line":109,"column":5}},{"start":{"line":104,"column":11},"end":{"line":109,"column":5}}],"line":97}},"s":{"0":2,"1":2,"2":5,"3":5,"4":5,"5":4,"6":3,"7":2,"8":2,"9":3,"10":2,"11":0,"12":3,"13":3,"14":6,"15":6,"16":6,"17":6,"18":6,"19":3,"20":2,"21":3,"22":1,"23":1,"24":7,"25":7,"26":7,"27":7,"28":7,"29":4,"30":2,"31":3,"32":2,"33":2,"34":2},"f":{"0":5,"1":3,"2":6,"3":7},"b":{"0":[2,0],"1":[3,0],"2":[3,3],"3":[6,3],"4":[4,3]},"_coverageSchema":"1a1c01bbd47fc00a2c39e90264f33305004495a9","hash":"470ce1c73d1983e1b69a1f079d86797f412ecf47"}
,"C:\\Users\\HP\\Desktop\\FinalBackendCode\\Group18\\backend\\models\\Applications.js": {"path":"C:\\Users\\HP\\Desktop\\FinalBackendCode\\Group18\\backend\\models\\Applications.js","statementMap":{"0":{"start":{"line":1,"column":0},"end":{"line":45,"column":2}},"1":{"start":{"line":2,"column":25},"end":{"line":41,"column":6}},"2":{"start":{"line":44,"column":4},"end":{"line":44,"column":24}}},"fnMap":{"0":{"name":"(anonymous_0)","decl":{"start":{"line":1,"column":17},"end":{"line":1,"column":18}},"loc":{"start":{"line":1,"column":43},"end":{"line":45,"column":1}},"line":1}},"branchMap":{},"s":{"0":17,"1":17,"2":17},"f":{"0":17},"b":{},"_coverageSchema":"1a1c01bbd47fc00a2c39e90264f33305004495a9","hash":"cc5c16b4f6149d3e2df889ee053676129b8d8475"}
[...]
column":9}},"type":"if","locations":[{"start":{"line":62,"column":8},"end":{"line":73,"column":9}},{"start":{"line":68,"column":15},"end":{"line":73,"column":9}}],"line":62},"8":{"loc":{"start":{"line":99,"column":8},"end":{"line":121,"column":9}},"type":"if","locations":[{"start":{"line":99,"column":8},"end":{"line":121,"column":9}},{"start":{"line":116,"column":15},"end":{"line":121,"column":9}}],"line":99},"9":{"loc":{"start":{"line":104,"column":10},"end":{"line":115,"column":11}},"type":"if","locations":[{"start":{"line":104,"column":10},"end":{"line":115,"column":11}},{"start":{"line":110,"column":17},"end":{"line":115,"column":11}}],"line":104},"10":{"loc":{"start":{"line":144,"column":8},"end":{"line":178,"column":9}},"type":"if","locations":[{"start":{"line":144,"column":8},"end":{"line":178,"column":9}},{"start":{"line":173,"column":13},"end":{"line":178,"column":9}}],"line":144},"11":{"loc":{"start":{"line":148,"column":10},"end":{"line":168,"column":11}},"type":"if","locations":[{"start":{"line":148,"column":10},"end":{"line":168,"column":11}},{"start":{"line":163,"column":14},"end":{"line":168,"column":11}}],"line":148},"12":{"loc":{"start":{"line":148,"column":13},"end":{"line":148,"column":78}},"type":"binary-expr","locations":[{"start":{"line":148,"column":13},"end":{"line":148,"column":43}},{"start":{"line":148,"column":47},"end":{"line":148,"column":60}},{"start":{"line":148,"column":64},"end":{"line":148,"column":78}}],"line":148},"13":{"loc":{"start":{"line":150,"column":12},"end":{"line":161,"column":13}},"type":"if","locations":[{"start":{"line":150,"column":12},"end":{"line":161,"column":13}},{"start":{"line":156,"column":19},"end":{"line":161,"column":13}}],"line":150},"14":{"loc":{"start":{"line":199,"column":2},"end":{"line":224,"column":1}},"type":"if","locations":[{"start":{"line":199,"column":2},"end":{"line":224,"column":1}},{"start":{"line":222,"column":4},"end":{"line":224,"column":1}}],"line":199},"15":{"loc":{"start":{"line":201,"column":2},"end":{"line":220,"column":1}},"type":"if","locations":[{"start":{"line":201,"column":2},"end":{"line":220,"column":1}},{"start":{"line":218,"column":4},"end":{"line":220,"column":1}}],"line":201},"16":{"loc":{"start":{"line":241,"column":2},"end":{"line":259,"column":1}},"type":"if","locations":[{"start":{"line":241,"column":2},"end":{"line":259,"column":1}},{"start":{"line":257,"column":4},"end":{"line":259,"column":1}}],"line":241},"17":{"loc":{"start":{"line":244,"column":2},"end":{"line":255,"column":3}},"type":"if","locations":[{"start":{"line":244,"column":2},"end":{"line":255,"column":3}},{"start":{"line":253,"column":6},"end":{"line":255,"column":3}}],"line":244},"18":{"loc":{"start":{"line":244,"column":5},"end":{"line":244,"column":35}},"type":"binary-expr","locations":[{"start":{"line":244,"column":5},"end":{"line":244,"column":17}},{"start":{"line":244,"column":21},"end":{"line":244,"column":35}}],"line":244},"19":{"loc":{"start":{"line":278,"column":3},"end":{"line":295,"column":3}},"type":"if","locations":[{"start":{"line":278,"column":3},"end":{"line":295,"column":3}},{"start":{"line":293,"column":7},"end":{"line":295,"column":3}}],"line":278},"20":{"loc":{"start":{"line":281,"column":2},"end":{"line":291,"column":3}},"type":"if","locations":[{"start":{"line":281,"column":2},"end":{"line":291,"column":3}},{"start":{"line":289,"column":6},"end":{"line":291,"column":3}}],"line":281},"21":{"loc":{"start":{"line":281,"column":5},"end":{"line":281,"column":35}},"type":"binary-expr","locations":[{"start":{"line":281,"column":5},"end":{"line":281,"column":17}},{"start":{"line":281,"column":21},"end":{"line":281,"column":35}}],"line":281}},"s":{"0":1,"1":1,"2":1,"3":1,"4":1,"5":0,"6":0,"7":0,"8":0,"9":0,"10":0,"11":0,"12":0,"13":0,"14":0,"15":0,"16":0,"17":0,"18":0,"19":0,"20":0,"21":0,"22":0,"23":1,"24":2,"25":2,"26":2,"27":2,"28":1,"29":1,"30":1,"31":1,"32":0,"33":1,"34":0,"35":0,"36":1,"37":3,"38":3,"39":3,"40":3,"41":2,"42":2,"43":1,"44":1,"45":1,"46":0,"47":1,"48":1,"49":1,"50":1,"51":2,"52":2,"53":2,"54":2,"55":2,"56":2,"57":2,"58":2,"59":2,"60":1,"61":1,"62":1,"63":0,"64":1,"65":0,"66":0,"67":0,"68":1,"69":2,"70":2,"71":2,"72":2,"73":1,"74":1,"75":1,"76":1,"77":0,"78":1,"79":1,"80":3,"81":3,"82":3,"83":3,"84":1,"85":1,"86":1,"87":1,"88":1,"89":0,"90":2,"91":1,"92":3,"93":3,"94":3,"95":3,"96":3,"97":3,"98":3,"99":3,"100":1,"101":1,"102":1,"103":1,"104":1,"105":0,"106":2,"107":1},"f":{"0":0,"1":2,"2":3,"3":2,"4":2,"5":3,"6":3},"b":{"0":[0,0],"1":[0,0],"2":[0,0,0],"3":[0,0],"4":[0,0],"5":[0,0,0],"6":[1,1],"7":[1,0],"8":[2,1],"9":[1,0],"10":[2,0],"11":[1,1],"12":[2,1,1],"13":[1,0],"14":[1,1],"15":[1,0],"16":[1,2],"17":[1,0],"18":[1,1],"19":[1,2],"20":[1,0],"21":[1,1]},"_coverageSchema":"1a1c01bbd47fc00a2c39e90264f33305004495a9","hash":"9bd777ddd0e9a0ad6352e64ef406bc6b46ae54e9"}
,"C:\\Users\\HP\\Desktop\\FinalBackendCode\\Group18\\backend\\routes\\Notices.js": {"path":"C:\\Users\\HP\\Desktop\\FinalBackendCode\\Group18\\backend\\routes\\Notices.js","statementMap":{"0":{"start":{"line":6,"column":16},"end":{"line":6,"column":34}},"1":{"start":{"line":7,"column":15},"end":{"line":7,"column":31}},"2":{"start":{"line":8,"column":26},"end":{"line":8,"column":61}},"3":{"start":{"line":9,"column":16},"end":{"line":9,"column":45}},"4":{"start":{"line":21,"column":0},"end":{"line":43,"column":3}},"5":{"start":{"line":22,"column":2},"end":{"line":42,"column":3}},"6":{"start":{"line":23,"column":21},"end":{"line":23,"column":40}},"7":{"start":{"line":24,"column":17},"end":{"line":24,"column":30}},"8":{"start":{"line":25,"column":20},"end":{"line":25,"column":31}},"9":{"start":{"line":28,"column":19},"end":{"line":28,"column":71}},"10":{"start":{"line":31,"column":4},"end":{"line":38,"column":5}},"11":{"start":{"line":32,"column":6},"end":{"line":32,"column":83}},"12":{"start":{"line":34,"column":6},"end":{"line":37,"column":9}},"13":{"start":{"line":40,"column":4},"end":{"line":40,"column":55}},"14":{"start":{"line":41,"column":4},"end":{"line":41,"column":65}},"15":{"start":{"line":55,"column":0},"end":{"line":73,"column":3}},"16":{"start":{"line":56,"column":2},"end":{"line":72,"column":3}},"17":{"start":{"line":57,"column":17},"end":{"line":57,"column":30}},"18":{"start":{"line":58,"column":20},"end":{"line":58,"column":31}},"19":{"start":{"line":61,"column":20},"end":{"line":61,"column":68}},"20":{"start":{"line":64,"column":4},"end":{"line":68,"column":5}},"21":{"start":{"line":65,"column":6},"end":{"line":65,"column":84}},"22":{"start":{"line":67,"column":6},"end":{"line":67,"column":78}},"23":{"start":{"line":70,"column":4},"end":{"line":70,"column":54}},"24":{"start":{"line":71,"column":4},"end":{"line":71,"column":65}},"25":{"start":{"line":85,"column":0},"end":{"line":104,"column":3}},"26":{"start":{"line":86,"column":2},"end":{"line":103,"column":3}},"27":{"start":{"line":87,"column":23},"end":{"line":87,"column":44}},"28":{"start":{"line":88,"column":17},"end":{"line":88,"column":30}},"29":{"start":{"line":89,"column":20},"end":{"line":89,"column":31}},"30":{"start":{"line":92,"column":20},"end":{"line":92,"column":81}},"31":{"start":{"line":95,"column":4},"end":{"line":99,"column":5}},"32":{"start":{"line":96,"column":6},"end":{"line":96,"column":84}},"33":{"start":{"line":98,"column":6},"end":{"line":98,"column":78}},"34":{"start":{"line":101,"column":4},"end":{"line":101,"column":54}},"35":{"start":{"line":102,"column":4},"end":{"line":102,"column":65}},"36":{"start":{"line":116,"column":0},"end":{"line":139,"column":3}},"37":{"start":{"line":117,"column":2},"end":{"line":138,"column":3}},"38":{"start":{"line":118,"column":19},"end":{"line":118,"column":27}},"39":{"start":{"line":119,"column":20},"end":{"line":119,"column":31}},"40":{"start":{"line":120,"column":17},"end":{"line":120,"column":30}},"41":{"start":{"line":121,"column":25},"end":{"line":121,"column":46}},"42":{"start":{"line":124,"column":19},"end":{"line":124,"column":82}},"43":{"start":{"line":127,"column":4},"end":{"line":134,"column":5}},"44":{"start":{"line":128,"column":6},"end":{"line":128,"column":67}},"45":{"start":{"line":130,"column":6},"end":{"line":133,"column":9}},"46":{"start":{"line":136,"column":4},"end":{"line":136,"column":52}},"47":{"start":{"line":137,"column":4},"end":{"line":137,"column":65}},"48":{"start":{"line":151,"column":0},"end":{"line":170,"column":3}},"49":{"start":{"line":152,"column":2},"end":{"line":169,"column":3}},"50":{"start":{"line":153,"column":21},"end":{"line":153,"column":40}},"51":{"start":{"line":154,"column":20},"end":{"line":154,"column":31}},"52":{"start":{"line":155,"column":17},"end":{"line":155,"column":30}},"53":{"start":{"line":158,"column":19},"end":{"line":158,"column":70}},"54":{"start":{"line":161,"column":4},"end":{"line":165,"column":5}},"55":{"start":{"line":162,"column":6},"end":{"line":162,"column":67}},"56":{"start":{"line":164,"column":6},"end":{"line":164,"column":79}},"57":{"start":{"line":167,"column":4},"end":{"line":167,"column":52}},"58":{"start":{"line":168,"column":4},"end":{"line":168,"column":64}},"59":{"start":{"line":182,"column":0},"end":{"line":213,"column":3}},"60":{"start":{"line":183,"column":2},"end":{"line":212,"column":3}},"61":{"start":{"line":184,"column":21},"end":{"line":184,"column":40}},"62":{"start":{"line":185,"column":18},"end":{"line":185,"column":32}},"63":{"start":{"line":186,"column":24},"end":{"line":186,"column":44}},"64":{"start":{"line":187,"column":24},"end":{"line":187,"column":44}},"65":{"start":{"line":188,"column":20},"end":{"line":188,"column":31}},"66":{"start":{"line":189,"column":17},"end":{"line":189,"column":30}},"67":{"start":{"line":190,"column":19},"end":{"line":190,"column":36}},"68":{"start":{"line":193,"column":19},"end":{"line":201,"column":5}},"69":{"start":{"line":204,"column":4},"end":{"line":208,"column":5}},"70":{"start":{"line":205,"column":6},"end":{"line":205,"column":67}},"71":{"start":{"line":207,"column":6},"end":{"line":207,"column":79}},"72":{"start":{"line":210,"column":4},"end":{"line":210,"column":52}},"73":{"start":{"line":211,"column":4},"end":{"line":211,"column":65}},"74":{"start":{"line":216,"column":0},"end":{"line":216,"column":24}}},"fnMap":{"0":{"name":"(anonymous_0)","decl":{"start":{"line":21,"column":40},"end":{"line":21,"column":41}},"loc":{"start":{"line":21,"column":60},"end":{"line":43,"column":1}},"line":21},"1":{"name":"(anonymous_1)","decl":{"start":{"line":55,"column":31},"end":{"line":55,"column":32}},"loc":{"start":{"line":55,"column":51},"end":{"line":73,"column":1}},"line":55},"2":{"name":"(anonymous_2)","decl":{"start":{"line":85,"column":50},"end":{"line":85,"column":51}},"loc":{"start":{"line":85,"column":70},"end":{"line":104,"column":1}},"line":85},"3":{"name":"(anonymous_3)","decl":{"start":{"line":116,"column":32},"end":{"line":116,"column":33}},"loc":{"start":{"line":116,"column":52},"end":{"line":139,"column":1}},"line":116},"4":{"name":"(anonymous_4)","decl":{"start":{"line":151,"column":43},"end":{"line":151,"column":44}},"loc":{"start":{"line":151,"column":63},"end":{"line":170,"column":1}},"line":151},"5":{"name":"(anonymous_5)","decl":{"start":{"line":182,"column":40},"end":{"line":182,"column":41}},"loc":{"start":{"line":182,"column":60},"end":{"line":213,"column":1}},"line":182}},"branchMap":{"0":{"loc":{"start":{"line":31,"column":4},"end":{"line":38,"column":5}},"type":"if","locations":[{"start":{"line":31,"column":4},"end":{"line":38,"column":5}},{"start":{"line":33,"column":11},"end":{"line":38,"column":5}}],"line":31},"1":{"loc":{"start":{"line":64,"column":4},"end":{"line":68,"column":5}},"type":"if","locations":[{"start":{"line":64,"column":4},"end":{"line":68,"column":5}},{"start":{"line":66,"column":11},"end":{"line":68,"column":5}}],"line":64},"2":{"loc":{"start":{"line":95,"column":4},"end":{"line":99,"column":5}},"type":"if","locations":[{"start":{"line":95,"column":4},"end":{"line":99,"column":5}},{"start":{"line":97,"column":11},"end":{"line":99,"column":5}}],"line":95},"3":{"loc":{"start":{"line":127,"column":4},"end":{"line":134,"column":5}},"type":"if","locations":[{"start":{"line":127,"column":4},"end":{"line":134,"column":5}},{"start":{"line":129,"column":11},"end":{"line":134,"column":5}}],"line":127},"4":{"loc":{"start":{"line":161,"column":4},"end":{"line":165,"column":5}},"type":"if","locations":[{"start":{"line":161,"column":4},"end":{"line":165,"column":5}},{"start":{"line":163,"column":11},"end":{"line":165,"column":5}}],"line":161},"5":{"loc":{"start":{"line":204,"column":4},"end":{"line":208,"column":5}},"type":"if","locations":[{"start":{"line":204,"column":4},"end":{"line":208,"column":5}},{"start":{"line":206,"column":11},"end":{"line":208,"column":5}}],"line":204}},"s":{"0":1,"1":1,"2":1,"3":1,"4":1,"5":2,"6":2,"7":2,"8":2,"9":2,"10":2,"11":1,"12":1,"13":0,"14":0,"15":1,"16":2,"17":2,"18":2,"19":2,"20":2,"21":0,"22":2,"23":0,"24":0,"25":1,"26":0,"27":0,"28":0,"29":0,"30":0,"31":0,"32":0,"33":0,"34":0,"35":0,"36":1,"37":3,"38":3,"39":3,"40":3,"41":3,"42":3,"43":3,"44":1,"45":2,"46":0,"47":0,"48":1,"49":3,"50":3,"51":3,"52":3,"53":3,"54":3,"55":1,"56":2,"57":0,"58":0,"59":1,"60":3,"61":3,"62":3,"63":3,"64":3,"65":3,"66":3,"67":3,"68":3,"69":3,"70":1,"71":2,"72":0,"73":0,"74":1},"f":{"0":2,"1":2,"2":0,"3":3,"4":3,"5":3},"b":{"0":[1,1],"1":[0,2],"2":[0,0],"3":[1,2],"4":[1,2],"5":[1,2]},"_coverageSchema":"1a1c01bbd47fc00a2c39e90264f33305004495a9","hash":"6a78cf7febbd3d87c0db9e600acd7b6229610069"}
,"C:\\Users\\HP\\Desktop\\FinalBackendCode\\Group18\\backend\\routes\\WishList.js": {"path":"C:\\Users\\HP\\Desktop\\FinalBackendCode\\Group18\\backend\\routes\\WishList.js","statementMap":{"0":{"start":{"line":2,"column":16},"end":{"line":2,"column":34}},"1":{"start":{"line":3,"column":15},"end":{"line":3,"column":31}},"2":{"start":{"line":4,"column":60},"end":{"line":4,"column":80}},"3":{"start":{"line":5,"column":26},"end":{"line":5,"column":61}},"4":{"start":{"line":6,"column":24},"end":{"line":6,"column":54}},"5":{"start":{"line":8,"column":0},"end":{"line":8,"column":73}},"6":{"start":{"line":10,"column":0},"end":{"line":10,"column":68}},"7":{"start":{"line":12,"column":0},"end":{"line":12,"column":74}},"8":{"start":{"line":14,"column":0},"end":{"line":14,"column":24}}},"fnMap":{},"branchMap":{},"s":{"0":1,"1":1,"2":1,"3":1,"4":1,"5":1,"6":1,"7":1,"8":1},"f":{},"b":{},"_coverageSchema":"1a1c01bbd47fc00a2c39e90264f33305004495a9","hash":"cf5fa4f8c3e07a8bd4a6ec8d13d0117bcee3af31"}
,"C:\\Users\\HP\\Desktop\\FinalBackendCode\\Group18\\backend\\routes\\users.js": {"path":"C:\\Users\\HP\\Desktop\\FinalBackendCode\\Group18\\backend\\routes\\users.js","statementMap":{"0":{"start":{"line":6,"column":16},"end":{"line":6,"column":34}},"1":{"start":{"line":7,"column":15},"end":{"line":7,"column":31}},"2":{"start":{"line":8,"column":20},"end":{"line":8,"column":47}},"3":{"start":{"line":19,"column":0},"end":{"line":30,"column":3}},"4":{"start":{"line":20,"column":2},"end":{"line":29,"column":3}},"5":{"start":{"line":21,"column":19},"end":{"line":21,"column":57}},"6":{"start":{"line":22,"column":4},"end":{"line":22,"column":21}},"7":{"start":{"line":24,"column":4},"end":{"line":24,"column":52}},"8":{"start":{"line":25,"column":4},"end":{"line":28,"column":7}},"9":{"start":{"line":41,"column":0},"end":{"line":52,"column":3}},"10":{"start":{"line":42,"column":2},"end":{"line":51,"column":3}},"11":{"start":{"line":43,"column":19},"end":{"line":43,"column":56}},"12":{"start":{"line":44,"column":4},"end":{"line":44,"column":21}},"13":{"start":{"line":46,"column":4},"end":{"line":46,"column":51}},"14":{"start":{"line":47,"column":4},"end":{"line":50,"column":7}},"15":{"start":{"line":55,"column":0},"end":{"line":55,"column":24}}},"fnMap":{"0":{"name":"(anonymous_0)","decl":{"start":{"line":19,"column":23},"end":{"line":19,"column":24}},"loc":{"start":{"line":19,"column":43},"end":{"line":30,"column":1}},"line":19},"1":{"name":"(anonymous_1)","decl":{"start":{"line":41,"column":22},"end":{"line":41,"column":23}},"loc":{"start":{"line":41,"column":42},"end":{"line":52,"column":1}},"line":41}},"branchMap":{},"s":{"0":1,"1":1,"2":1,"3":1,"4":2,"5":2,"6":1,"7":1,"8":1,"9":1,"10":2,"11":2,"12":1,"13":1,"14":1,"15":1},"f":{"0":2,"1":2},"b":{},"_coverageSchema":"1a1c01bbd47fc00a2c39e90264f33305004495a9","hash":"9ba7cbd7730df53c32faf9affb6eb7d6d4835003"}
,"C:\\Users\\HP\\Desktop\\FinalBackendCode\\Group18\\backend\\tests\\mocks\\dbMock.js": {"path":"C:\\Users\\HP\\Desktop\\FinalBackendCode\\Group18\\backend\\tests\\mocks\\dbMock.js","statementMap":{"0":{"start":{"line":1,"column":17},"end":{"line":1,"column":51}},"1":{"start":{"line":4,"column":22},"end":{"line":11,"column":1}},"2":{"start":{"line":14,"column":21},"end":{"line":21,"column":1}},"3":{"start":{"line":24,"column":21},"end":{"line":31,"column":1}},"4":{"start":{"line":34,"column":18},"end":{"line":38,"column":1}},"5":{"start":{"line":42,"column":20},"end":{"line":49,"column":1}},"6":{"start":{"line":52,"column":20},"end":{"line":59,"column":1}},"7":{"start":{"line":62,"column":22},"end":{"line":69,"column":1}},"8":{"start":{"line":71,"column":22},"end":{"line":78,"column":1}},"9":{"start":{"line":79,"column":25},"end":{"line":86,"column":1}},"10":{"start":{"line":89,"column":0},"end":{"line":99,"column":2}}},"fnMap":{},"branchMap":{},"s":{"0":4,"1":4,"2":4,"3":4,"4":4,"5":4,"6":4,"7":4,"8":4,"9":4,"10":4},"f":{},"b":{},"_coverageSchema":"1a1c01bbd47fc00a2c39e90264f33305004495a9","hash":"9c1d34955636b4af2408dfa314376637df9334a4"}
,"C:\\Users\\HP\\Desktop\\FinalBackendCode\\Group18\\backend\\tests\\mocks\\jwtMock.js": {"path":"C:\\Users\\HP\\Desktop\\FinalBackendCode\\Group18\\backend\\tests\\mocks\\jwtMock.js","statementMap":{"0":{"start":{"line":1,"column":12},"end":{"line":1,"column":46}},"1":{"start":{"line":4,"column":0},"end":{"line":21,"column":3}},"2":{"start":{"line":5,"column":2},"end":{"line":20,"column":1}},"3":{"start":{"line":6,"column":4},"end":{"line":6,"column":38}},"4":{"start":{"line":8,"column":6},"end":{"line":20,"column":1}},"5":{"start":{"line":9,"column":2},"end":{"line":9,"column":35}},"6":{"start":{"line":11,"column":5},"end":{"line":20,"column":1}},"7":{"start":{"line":12,"column":2},"end":{"line":12,"column":50}},"8":{"start":{"line":14,"column":5},"end":{"line":20,"column":1}},"9":{"start":{"line":16,"column":2},"end":{"line":16,"column":30}},"10":{"start":{"line":19,"column":2},"end":{"line":19,"column":35}},"11":{"start":{"line":24,"column":0},"end":{"line":24,"column":51}},"12":{"start":{"line":26,"column":0},"end":{"line":26,"column":21}}},"fnMap":{"0":{"name":"(anonymous_0)","decl":{"start":{"line":4,"column":42},"end":{"line":4,"column":43}},"loc":{"start":{"line":4,"column":61},"end":{"line":21,"column":1}},"line":4}},"branchMap":{"0":{"loc":{"start":{"line":5,"column":2},"end":{"line":20,"column":1}},"type":"if","locations":[{"start":{"line":5,"column":2},"end":{"line":20,"column":1}},{"start":{"line":8,"column":6},"end":{"line":20,"column":1}}],"line":5},"1":{"loc":{"start":{"line":8,"column":6},"end":{"line":20,"column":1}},"type":"if","locations":[{"start":{"line":8,"column":6},"end":{"line":20,"column":1}},{"start":{"line":11,"column":5},"end":{"line":20,"column":1}}],"line":8},"2":{"loc":{"start":{"line":11,"column":5},"end":{"line":20,"column":1}},"type":"if","locations":[{"start":{"line":11,"column":5},"end":{"line":20,"column":1}},{"start":{"line":14,"column":5},"end":{"line":20,"column":1}}],"line":11},"3":{"loc":{"start":{"line":14,"column":5},"end":{"line":20,"column":1}},"type":"if","locations":[{"start":{"line":14,"column":5},"end":{"line":20,"column":1}},{"start":{"line":18,"column":5},"end":{"line":20,"column":1}}],"line":14}},"s":{"0":4,"1":4,"2":42,"3":24,"4":18,"5":8,"6":10,"7":3,"8":7,"9":4,"10":3,"11":4,"12":4},"f":{"0":42},"b":{"0":[24,18],"1":[8,10],"2":[3,7],"3":[4,3]},"_coverageSchema":"1a1c01bbd47fc00a2c39e90264f33305004495a9","hash":"84c72b8f0eb399950996f561eb206932c230e7ad"}
}
