TN:
SF:Data\Applications.js
FN:11,createApplication
FN:51,acceptRejectApplication
FN:94,getAllApplicationsForListing
FN:124,getApplicationById
FN:149,getAllApplications
FN:174,getRoleByUserId
FNF:6
FNH:6
FNDA:1,createApplication
FNDA:2,acceptRejectApplication
FNDA:1,getAllApplicationsForListing
FNDA:1,getApplicationById
FNDA:1,getAllApplications
FNDA:4,getRoleByUserId
DA:3,2
DA:12,1
DA:13,1
DA:14,1
DA:15,1
DA:16,1
DA:17,1
DA:19,1
DA:20,0
DA:23,1
DA:37,1
DA:39,0
DA:40,0
DA:52,2
DA:53,2
DA:54,1
DA:57,1
DA:59,1
DA:60,1
DA:63,0
DA:68,0
DA:69,0
DA:72,0
DA:74,0
DA:81,0
DA:83,0
DA:84,0
DA:95,1
DA:96,1
DA:98,1
DA:99,0
DA:100,0
DA:102,0
DA:103,0
DA:104,0
DA:105,0
DA:107,0
DA:110,1
DA:113,0
DA:114,0
DA:125,1
DA:126,1
DA:128,0
DA:129,0
DA:130,0
DA:132,0
DA:133,0
DA:135,0
DA:139,1
DA:140,1
DA:150,1
DA:151,1
DA:153,1
DA:154,1
DA:155,1
DA:157,0
DA:158,0
DA:160,0
DA:164,1
DA:165,1
DA:175,4
DA:176,3
DA:179,2
LF:63
LH:34
BRDA:19,0,0,0
BRDA:19,0,1,1
BRDA:53,1,0,1
BRDA:53,1,1,1
BRDA:53,2,0,2
BRDA:53,2,1,1
BRDA:59,3,0,1
BRDA:59,3,1,0
BRDA:68,4,0,0
BRDA:68,4,1,0
BRDA:68,5,0,0
BRDA:68,5,1,0
BRDA:74,6,0,0
BRDA:74,6,1,0
BRDA:98,7,0,0
BRDA:98,7,1,1
BRDA:102,8,0,0
BRDA:102,8,1,0
BRDA:102,9,0,0
BRDA:102,9,1,0
BRDA:104,10,0,0
BRDA:104,10,1,0
BRDA:104,11,0,0
BRDA:104,11,1,0
BRDA:128,12,0,0
BRDA:128,12,1,0
BRDA:132,13,0,0
BRDA:132,13,1,0
BRDA:132,14,0,0
BRDA:132,14,1,0
BRDA:153,15,0,1
BRDA:153,15,1,0
BRDA:157,16,0,0
BRDA:157,16,1,0
BRDA:157,17,0,0
BRDA:157,17,1,0
BRDA:176,18,0,3
BRDA:176,18,1,0
BRF:38
BRH:9
end_of_record
TN:
SF:Data\Buildings.js
FN:14,getBuildingById
FN:43,getAllBuildings
FN:74,createBuilding
FN:115,deleteBuilding
FN:158,updateBuilding
FN:194,getAllBuildingsForSignUp
FNF:6
FNH:6
FNDA:7,getBuildingById
FNDA:5,getAllBuildings
FNDA:5,createBuilding
FNDA:6,deleteBuilding
FNDA:6,updateBuilding
FNDA:2,getAllBuildingsForSignUp
DA:1,3
DA:15,7
DA:16,7
DA:17,6
DA:18,5
DA:19,3
DA:20,3
DA:22,2
DA:25,1
DA:28,1
DA:29,1
DA:44,5
DA:45,5
DA:46,4
DA:47,3
DA:48,2
DA:49,2
DA:51,1
DA:54,1
DA:57,1
DA:58,1
DA:75,5
DA:76,5
DA:77,4
DA:78,3
DA:79,2
DA:81,2
DA:82,1
DA:88,1
DA:90,1
DA:93,1
DA:96,1
DA:99,1
DA:100,1
DA:116,6
DA:117,6
DA:118,5
DA:119,4
DA:120,2
DA:122,2
DA:123,2
DA:128,2
DA:130,0
DA:133,2
DA:136,1
DA:139,1
DA:140,1
DA:159,6
DA:160,6
DA:161,5
DA:162,4
DA:163,2
DA:165,2
DA:166,2
DA:170,2
DA:172,0
DA:175,2
DA:178,1
DA:181,1
DA:182,1
DA:195,2
DA:197,2
DA:200,1
DA:202,1
DA:203,1
DA:208,3
LF:66
LH:64
BRDA:16,0,0,6
BRDA:16,0,1,1
BRDA:18,1,0,3
BRDA:18,1,1,2
BRDA:20,2,0,2
BRDA:20,2,1,1
BRDA:45,3,0,4
BRDA:45,3,1,1
BRDA:47,4,0,2
BRDA:47,4,1,1
BRDA:49,5,0,2
BRDA:49,5,1,0
BRDA:76,6,0,4
BRDA:76,6,1,1
BRDA:78,7,0,2
BRDA:78,7,1,1
BRDA:81,8,0,1
BRDA:81,8,1,1
BRDA:117,9,0,5
BRDA:117,9,1,1
BRDA:119,10,0,2
BRDA:119,10,1,2
BRDA:122,11,0,2
BRDA:122,11,1,0
BRDA:160,12,0,5
BRDA:160,12,1,1
BRDA:162,13,0,2
BRDA:162,13,1,2
BRDA:165,14,0,2
BRDA:165,14,1,0
BRDA:200,15,0,1
BRDA:200,15,1,0
BRF:32
BRH:28
end_of_record
TN:
SF:Data\Listings.js
FN:15,createListing
FN:58,getAllListingsForBuilding
FN:87,getAllListingsForPublicView
FN:95,(anonymous_3)
FN:127,getListingById
FN:160,updateListing
FN:204,deleteListing
FNF:7
FNH:7
FNDA:5,createListing
FNDA:5,getAllListingsForBuilding
FNDA:4,getAllListingsForPublicView
FNDA:2,(anonymous_3)
FNDA:4,getListingById
FNDA:5,updateListing
FNDA:5,deleteListing
DA:1,3
DA:16,5
DA:17,5
DA:18,4
DA:19,4
DA:22,4
DA:23,4
DA:34,3
DA:36,0
DA:39,1
DA:42,1
DA:43,1
DA:59,5
DA:60,5
DA:61,4
DA:62,4
DA:65,3
DA:66,3
DA:68,0
DA:71,1
DA:74,1
DA:75,1
DA:88,4
DA:89,4
DA:94,3
DA:95,2
DA:106,1
DA:108,2
DA:111,1
DA:112,1
DA:128,4
DA:129,4
DA:130,3
DA:131,2
DA:134,2
DA:135,2
DA:137,0
DA:140,1
DA:143,1
DA:144,1
DA:161,5
DA:162,5
DA:163,3
DA:164,3
DA:167,3
DA:168,3
DA:180,3
DA:182,0
DA:185,2
DA:188,0
DA:189,0
DA:205,5
DA:206,5
DA:207,3
DA:208,3
DA:211,3
DA:212,3
DA:217,2
DA:219,0
DA:222,2
DA:225,1
DA:226,1
DA:230,3
LF:63
LH:56
BRDA:17,0,0,4
BRDA:17,0,1,1
BRDA:22,1,0,4
BRDA:22,1,1,0
BRDA:22,2,0,4
BRDA:22,2,1,4
BRDA:60,3,0,4
BRDA:60,3,1,1
BRDA:65,4,0,3
BRDA:65,4,1,0
BRDA:65,5,0,3
BRDA:65,5,1,3
BRDA:94,6,0,1
BRDA:94,6,1,2
BRDA:104,7,0,2
BRDA:104,7,1,0
BRDA:129,8,0,3
BRDA:129,8,1,1
BRDA:134,9,0,2
BRDA:134,9,1,0
BRDA:134,10,0,2
BRDA:134,10,1,2
BRDA:162,11,0,3
BRDA:162,11,1,2
BRDA:167,12,0,3
BRDA:167,12,1,0
BRDA:167,13,0,3
BRDA:167,13,1,3
BRDA:206,14,0,3
BRDA:206,14,1,2
BRDA:211,15,0,3
BRDA:211,15,1,0
BRDA:211,16,0,3
BRDA:211,16,1,3
BRF:34
BRH:28
end_of_record
TN:
SF:Data\Notices.js
FN:15,getNoticeById
FN:65,getAllNoticesTenant
FN:102,getAllNoticesManager
FN:139,createNotice
FN:183,deleteNotice
FN:227,updateNotice
FNF:6
FNH:6
FNDA:11,getNoticeById
FNDA:7,getAllNoticesTenant
FNDA:5,getAllNoticesManager
FNDA:8,createNotice
FNDA:8,deleteNotice
FNDA:8,updateNotice
DA:2,3
DA:16,11
DA:17,11
DA:18,5
DA:20,4
DA:21,2
DA:23,2
DA:24,2
DA:26,0
DA:29,2
DA:31,6
DA:32,5
DA:34,4
DA:35,2
DA:36,2
DA:38,2
DA:39,1
DA:41,1
DA:44,2
DA:47,1
DA:50,2
DA:51,2
DA:66,7
DA:67,7
DA:68,5
DA:70,4
DA:71,2
DA:72,2
DA:74,2
DA:75,1
DA:77,1
DA:80,2
DA:83,2
DA:86,1
DA:87,1
DA:103,5
DA:104,5
DA:105,4
DA:107,3
DA:108,2
DA:110,2
DA:111,1
DA:113,1
DA:116,1
DA:119,1
DA:122,1
DA:123,1
DA:140,8
DA:141,8
DA:142,6
DA:144,5
DA:145,3
DA:147,3
DA:148,2
DA:156,2
DA:158,1
DA:161,2
DA:164,2
DA:167,1
DA:168,1
DA:184,8
DA:185,8
DA:186,6
DA:188,5
DA:189,3
DA:191,3
DA:192,2
DA:197,2
DA:199,1
DA:202,2
DA:205,2
DA:208,1
DA:209,1
DA:228,8
DA:229,8
DA:230,6
DA:232,5
DA:233,3
DA:235,3
DA:236,2
DA:240,2
DA:242,1
DA:245,2
DA:248,2
DA:251,1
DA:252,1
DA:257,3
LF:87
LH:86
BRDA:17,0,0,5
BRDA:17,0,1,6
BRDA:20,1,0,2
BRDA:20,1,1,2
BRDA:23,2,0,2
BRDA:23,2,1,0
BRDA:31,3,0,5
BRDA:31,3,1,1
BRDA:34,4,0,2
BRDA:34,4,1,2
BRDA:38,5,0,1
BRDA:38,5,1,1
BRDA:67,6,0,5
BRDA:67,6,1,2
BRDA:70,7,0,2
BRDA:70,7,1,2
BRDA:74,8,0,1
BRDA:74,8,1,1
BRDA:74,9,0,2
BRDA:74,9,1,2
BRDA:104,10,0,4
BRDA:104,10,1,1
BRDA:107,11,0,2
BRDA:107,11,1,1
BRDA:110,12,0,1
BRDA:110,12,1,1
BRDA:110,13,0,2
BRDA:110,13,1,2
BRDA:141,14,0,6
BRDA:141,14,1,2
BRDA:144,15,0,3
BRDA:144,15,1,2
BRDA:147,16,0,2
BRDA:147,16,1,1
BRDA:147,17,0,3
BRDA:147,17,1,3
BRDA:185,18,0,6
BRDA:185,18,1,2
BRDA:188,19,0,3
BRDA:188,19,1,2
BRDA:191,20,0,2
BRDA:191,20,1,1
BRDA:229,21,0,6
BRDA:229,21,1,2
BRDA:232,22,0,3
BRDA:232,22,1,2
BRDA:235,23,0,2
BRDA:235,23,1,1
BRF:48
BRH:47
end_of_record
TN:
SF:Data\Users.js
FN:13,getUserByEmail
FN:36,createUser
FNF:2
FNH:2
FNDA:3,getUserByEmail
FNDA:2,createUser
DA:1,3
DA:2,3
DA:14,3
DA:15,3
DA:16,2
DA:18,1
DA:19,1
DA:37,2
DA:39,2
DA:42,2
DA:49,1
DA:51,1
DA:52,1
DA:57,3
LF:14
LH:14
BRF:0
BRH:0
end_of_record
TN:
SF:Data\WishList.js
FN:9,getUserWishlists
FN:21,getUniqueListingIds
FN:22,(anonymous_2)
FN:30,getListingsByUniqueIds
FN:44,createWishlistItem
FN:57,findListingById
FN:67,findWishlistItem
FN:77,removeWishlistItem
FNF:8
FNH:8
FNDA:3,getUserWishlists
FNDA:1,getUniqueListingIds
FNDA:2,(anonymous_2)
FNDA:2,getListingsByUniqueIds
FNDA:4,createWishlistItem
FNDA:5,findListingById
FNDA:4,findWishlistItem
FNDA:2,removeWishlistItem
DA:2,3
DA:10,3
DA:22,2
DA:31,2
DA:45,4
DA:58,5
DA:68,4
DA:78,2
DA:81,3
LF:9
LH:9
BRF:0
BRH:0
end_of_record
TN:
SF:Middleware\middleware.js
FN:3,(anonymous_0)
FNF:1
FNH:1
FNDA:53,(anonymous_0)
DA:1,7
DA:3,7
DA:4,53
DA:6,53
DA:8,52
DA:9,52
DA:10,47
DA:11,47
DA:12,47
DA:15,5
DA:19,7
LF:11
LH:11
BRDA:6,0,0,1
BRDA:6,0,1,52
BRDA:11,1,0,47
BRDA:11,1,1,0
BRF:4
BRH:3
end_of_record
TN:
SF:Service\Applications.js
FN:11,createApplication
FN:22,acceptRejectApplication
FN:32,getAllApplicationsForListing
FN:42,getApplicationById
FN:51,getAllApplications
FNF:5
FNH:5
FNDA:1,createApplication
FNDA:1,acceptRejectApplication
FNDA:1,getAllApplicationsForListing
FNDA:1,getApplicationById
FNDA:1,getAllApplications
DA:3,1
DA:12,1
DA:23,1
DA:33,1
DA:43,1
DA:52,1
DA:55,1
LF:7
LH:7
BRF:0
BRH:0
end_of_record
TN:
SF:Service\Buildings.js
FN:14,getBuildingById
FN:33,getAllBuildings
FN:54,createBuilding
FN:74,deleteBuilding
FN:97,updateBuilding
FN:114,getAllBuildingsForSignUp
FNF:6
FNH:6
FNDA:4,getBuildingById
FNDA:3,getAllBuildings
FNDA:3,createBuilding
FNDA:3,deleteBuilding
FNDA:3,updateBuilding
FNDA:2,getAllBuildingsForSignUp
DA:1,2
DA:15,4
DA:16,4
DA:18,1
DA:19,1
DA:34,3
DA:35,3
DA:37,1
DA:38,1
DA:55,3
DA:56,3
DA:58,1
DA:59,1
DA:75,3
DA:76,3
DA:78,1
DA:79,1
DA:98,3
DA:99,3
DA:101,1
DA:102,1
DA:115,2
DA:116,2
DA:118,1
DA:119,1
DA:124,2
LF:26
LH:26
BRF:0
BRH:0
end_of_record
TN:
SF:Service\Listings.js
FN:15,createListing
FN:30,getAllListingsForBuilding
FN:43,getAllListingsForPublicView
FN:58,getListingById
FN:74,updateListing
FN:89,deleteListing
FNF:6
FNH:6
FNDA:3,createListing
FNDA:1,getAllListingsForBuilding
FNDA:1,getAllListingsForPublicView
FNDA:2,getListingById
FNDA:2,updateListing
FNDA:3,deleteListing
DA:1,2
DA:16,3
DA:32,1
DA:44,1
DA:59,2
DA:75,2
DA:90,3
DA:93,2
LF:8
LH:8
BRF:0
BRH:0
end_of_record
TN:
SF:Service\Notices.js
FN:14,getNoticeById
FN:33,getAllNoticesTenant
FN:53,getAllNoticesManager
FN:74,createNotice
FN:94,deleteNotice
FN:117,updateNotice
FNF:6
FNH:6
FNDA:4,getNoticeById
FNDA:4,getAllNoticesTenant
FNDA:2,getAllNoticesManager
FNDA:5,createNotice
FNDA:5,deleteNotice
FNDA:5,updateNotice
DA:1,2
DA:15,4
DA:16,4
DA:18,1
DA:19,1
DA:34,4
DA:35,4
DA:37,1
DA:38,1
DA:54,2
DA:55,2
DA:57,1
DA:58,1
DA:75,5
DA:76,5
DA:78,1
DA:79,1
DA:95,5
DA:96,5
DA:98,1
DA:99,1
DA:118,5
DA:119,5
DA:121,1
DA:122,1
DA:127,2
LF:26
LH:26
BRF:0
BRH:0
end_of_record
TN:
SF:Service\Users.js
FN:24,signUpUser
FN:89,loginUser
FNF:2
FNH:2
FNDA:5,signUpUser
FNDA:6,loginUser
DA:1,2
DA:2,2
DA:3,2
DA:4,2
DA:35,5
DA:36,5
DA:38,5
DA:39,1
DA:43,4
DA:44,1
DA:45,1
DA:47,1
DA:48,1
DA:49,1
DA:50,1
DA:51,1
DA:53,0
DA:55,3
DA:56,2
DA:58,2
DA:59,1
DA:60,1
DA:61,1
DA:62,1
DA:63,1
DA:66,2
DA:68,1
DA:71,3
DA:73,0
DA:74,0
DA:90,6
DA:91,6
DA:93,5
DA:94,2
DA:97,3
DA:99,3
DA:100,1
DA:103,2
DA:108,1
DA:117,2
DA:118,2
DA:122,2
LF:42
LH:39
BRDA:38,0,0,1
BRDA:38,0,1,4
BRDA:43,1,0,1
BRDA:43,1,1,3
BRDA:47,2,0,1
BRDA:47,2,1,0
BRDA:47,3,0,1
BRDA:47,3,1,1
BRDA:55,4,0,2
BRDA:55,4,1,1
BRDA:55,5,0,3
BRDA:55,5,1,2
BRDA:58,6,0,1
BRDA:58,6,1,1
BRDA:61,7,0,1
BRDA:61,7,1,0
BRDA:93,8,0,2
BRDA:93,8,1,3
BRDA:99,9,0,1
BRDA:99,9,1,2
BRF:20
BRH:18
end_of_record
TN:
SF:Service\Wishlist.js
FN:11,getWishlistedListings
FN:19,(anonymous_1)
FN:57,addWishlistItem
FN:91,removeWishlistItem
FNF:4
FNH:4
FNDA:3,getWishlistedListings
FNDA:3,(anonymous_1)
FNDA:5,addWishlistItem
FNDA:5,removeWishlistItem
DA:2,2
DA:3,2
DA:12,3
DA:13,3
DA:14,3
DA:15,2
DA:16,2
DA:18,2
DA:19,3
DA:31,2
DA:37,0
DA:43,1
DA:44,1
DA:58,5
DA:59,5
DA:60,5
DA:61,5
DA:63,4
DA:64,2
DA:66,2
DA:71,2
DA:77,1
DA:78,1
DA:92,5
DA:93,5
DA:94,5
DA:95,5
DA:97,4
DA:98,2
DA:100,2
DA:105,2
DA:111,1
DA:112,1
DA:119,2
LF:34
LH:33
BRDA:18,0,0,2
BRDA:18,0,1,0
BRDA:28,1,0,2
BRDA:28,1,1,1
BRDA:63,2,0,2
BRDA:63,2,1,2
BRDA:63,3,0,4
BRDA:63,3,1,2
BRDA:97,4,0,2
BRDA:97,4,1,2
BRF:10
BRH:9
end_of_record
TN:
SF:models\Applications.js
FN:1,(anonymous_0)
FNF:1
FNH:1
FNDA:18,(anonymous_0)
DA:1,18
DA:2,18
DA:44,18
LF:3
LH:3
BRF:0
BRH:0
end_of_record
TN:
SF:models\Buildings.js
FN:1,(anonymous_0)
FN:18,(anonymous_1)
FNF:2
FNH:2
FNDA:18,(anonymous_0)
FNDA:18,(anonymous_1)
DA:1,18
DA:2,18
DA:18,18
DA:19,18
DA:24,18
DA:27,18
DA:30,18
DA:36,18
LF:8
LH:8
BRF:0
BRH:0
end_of_record
TN:
SF:models\Guests.js
FN:1,(anonymous_0)
FN:14,(anonymous_1)
FNF:2
FNH:2
FNDA:18,(anonymous_0)
FNDA:18,(anonymous_1)
DA:1,18
DA:2,18
DA:14,18
DA:15,18
DA:19,18
LF:5
LH:5
BRF:0
BRH:0
end_of_record
TN:
SF:models\Listings.js
FN:3,(anonymous_0)
FN:34,(anonymous_1)
FNF:2
FNH:2
FNDA:18,(anonymous_0)
FNDA:18,(anonymous_1)
DA:1,18
DA:2,18
DA:3,18
DA:4,18
DA:34,18
DA:35,18
DA:38,18
DA:39,18
DA:44,18
LF:9
LH:9
BRF:0
BRH:0
end_of_record
TN:
SF:models\Manager.js
FN:1,(anonymous_0)
FN:15,(anonymous_1)
FNF:2
FNH:2
FNDA:18,(anonymous_0)
FNDA:18,(anonymous_1)
DA:1,18
DA:2,18
DA:15,18
DA:16,18
DA:19,18
DA:22,18
DA:25,18
DA:28,18
DA:33,18
LF:9
LH:9
BRF:0
BRH:0
end_of_record
TN:
SF:models\NewsFeed.js
FN:1,(anonymous_0)
FN:23,(anonymous_1)
FNF:2
FNH:2
FNDA:18,(anonymous_0)
FNDA:18,(anonymous_1)
DA:1,18
DA:2,18
DA:23,18
DA:25,18
DA:26,18
DA:29,18
LF:6
LH:6
BRF:0
BRH:0
end_of_record
TN:
SF:models\Notices.js
FN:1,(anonymous_0)
FNF:1
FNH:1
FNDA:18,(anonymous_0)
DA:1,18
DA:2,18
DA:23,18
LF:3
LH:3
BRF:0
BRH:0
end_of_record
TN:
SF:models\Tenants.js
FN:1,(anonymous_0)
FN:18,(anonymous_1)
FNF:2
FNH:2
FNDA:18,(anonymous_0)
FNDA:18,(anonymous_1)
DA:1,18
DA:2,18
DA:18,18
DA:19,18
DA:20,18
DA:26,18
LF:6
LH:6
BRF:0
BRH:0
end_of_record
TN:
SF:models\WishList.js
FN:1,(anonymous_0)
FN:8,(anonymous_1)
FNF:2
FNH:2
FNDA:18,(anonymous_0)
FNDA:18,(anonymous_1)
DA:1,18
DA:2,18
DA:8,18
DA:9,18
DA:10,18
DA:13,18
LF:6
LH:6
BRF:0
BRH:0
end_of_record
TN:
SF:models\index.js
FN:21,(anonymous_0)
FN:29,(anonymous_1)
FN:34,(anonymous_2)
FNF:3
FNH:3
FNDA:216,(anonymous_0)
FNDA:180,(anonymous_1)
FNDA:180,(anonymous_2)
DA:3,18
DA:4,18
DA:5,18
DA:6,18
DA:7,18
DA:8,18
DA:9,18
DA:10,18
DA:13,18
DA:14,0
DA:16,18
DA:19,18
DA:22,216
DA:30,180
DA:31,180
DA:34,18
DA:35,180
DA:36,144
DA:40,18
DA:41,18
DA:43,18
LF:21
LH:20
BRDA:8,0,0,18
BRDA:8,0,1,0
BRDA:13,1,0,0
BRDA:13,1,1,18
BRDA:23,2,0,216
BRDA:23,2,1,216
BRDA:23,2,2,198
BRDA:23,2,3,180
BRDA:35,3,0,144
BRDA:35,3,1,36
BRF:10
BRH:8
end_of_record
TN:
SF:models\users.js
FN:1,(anonymous_0)
FN:23,(anonymous_1)
FNF:2
FNH:2
FNDA:18,(anonymous_0)
FNDA:18,(anonymous_1)
DA:1,18
DA:2,18
DA:23,18
DA:24,18
DA:25,18
DA:26,18
DA:27,18
DA:30,18
DA:36,18
LF:9
LH:9
BRF:0
BRH:0
end_of_record
TN:
SF:routes\Applications.js
FN:21,(anonymous_0)
FN:52,(anonymous_1)
FN:84,(anonymous_2)
FN:115,(anonymous_3)
FN:146,(anonymous_4)
FNF:5
FNH:5
FNDA:1,(anonymous_0)
FNDA:1,(anonymous_1)
FNDA:1,(anonymous_2)
FNDA:1,(anonymous_3)
FNDA:1,(anonymous_4)
DA:6,1
DA:7,1
DA:8,1
DA:9,1
DA:21,1
DA:22,1
DA:24,1
DA:25,1
DA:28,1
DA:31,1
DA:32,1
DA:34,0
DA:37,0
DA:38,0
DA:52,1
DA:53,1
DA:55,1
DA:56,1
DA:57,1
DA:60,1
DA:63,1
DA:64,1
DA:66,0
DA:69,0
DA:70,0
DA:84,1
DA:85,1
DA:87,1
DA:88,1
DA:91,1
DA:94,1
DA:95,1
DA:97,0
DA:100,0
DA:101,0
DA:115,1
DA:116,1
DA:118,1
DA:119,1
DA:122,1
DA:125,1
DA:126,1
DA:128,0
DA:131,0
DA:132,0
DA:146,1
DA:147,1
DA:149,1
DA:152,1
DA:155,1
DA:156,1
DA:158,0
DA:161,0
DA:162,0
DA:166,1
LF:55
LH:40
BRDA:31,0,0,1
BRDA:31,0,1,0
BRDA:63,1,0,1
BRDA:63,1,1,0
BRDA:94,2,0,1
BRDA:94,2,1,0
BRDA:125,3,0,1
BRDA:125,3,1,0
BRDA:155,4,0,1
BRDA:155,4,1,0
BRF:10
BRH:5
end_of_record
TN:
SF:routes\Buildings.js
FN:21,(anonymous_0)
FN:53,(anonymous_1)
FN:85,(anonymous_2)
FN:118,(anonymous_3)
FN:150,(anonymous_4)
FN:184,(anonymous_5)
FNF:6
FNH:5
FNDA:2,(anonymous_0)
FNDA:1,(anonymous_1)
FNDA:1,(anonymous_2)
FNDA:1,(anonymous_3)
FNDA:1,(anonymous_4)
FNDA:0,(anonymous_5)
DA:6,1
DA:7,1
DA:8,1
DA:9,1
DA:21,1
DA:22,2
DA:24,2
DA:25,2
DA:26,2
DA:29,2
DA:32,2
DA:33,1
DA:35,1
DA:38,0
DA:39,0
DA:53,1
DA:54,1
DA:55,1
DA:57,1
DA:58,1
DA:61,1
DA:64,1
DA:65,1
DA:67,0
DA:70,0
DA:71,0
DA:85,1
DA:86,1
DA:88,1
DA:89,1
DA:90,1
DA:91,1
DA:94,1
DA:97,1
DA:98,1
DA:100,0
DA:103,0
DA:104,0
DA:118,1
DA:119,1
DA:121,1
DA:122,1
DA:123,1
DA:126,1
DA:129,1
DA:130,1
DA:132,0
DA:135,0
DA:136,0
DA:150,1
DA:151,1
DA:153,1
DA:154,1
DA:155,1
DA:156,1
DA:157,1
DA:158,1
DA:161,1
DA:164,1
DA:165,1
DA:167,0
DA:170,0
DA:171,0
DA:184,1
DA:185,0
DA:187,0
DA:190,0
DA:191,0
DA:193,0
DA:196,0
DA:197,0
DA:201,1
LF:72
LH:51
BRDA:32,0,0,1
BRDA:32,0,1,1
BRDA:64,1,0,1
BRDA:64,1,1,0
BRDA:97,2,0,1
BRDA:97,2,1,0
BRDA:129,3,0,1
BRDA:129,3,1,0
BRDA:164,4,0,1
BRDA:164,4,1,0
BRDA:190,5,0,0
BRDA:190,5,1,0
BRF:12
BRH:6
end_of_record
TN:
SF:routes\Listings.js
FN:21,(anonymous_0)
FN:54,(anonymous_1)
FN:85,(anonymous_2)
FN:112,(anonymous_3)
FN:144,(anonymous_4)
FN:177,(anonymous_5)
FNF:6
FNH:4
FNDA:2,(anonymous_0)
FNDA:0,(anonymous_1)
FNDA:0,(anonymous_2)
FNDA:1,(anonymous_3)
FNDA:1,(anonymous_4)
FNDA:2,(anonymous_5)
DA:6,1
DA:7,1
DA:8,1
DA:9,1
DA:21,1
DA:22,2
DA:24,2
DA:25,2
DA:26,2
DA:27,2
DA:30,2
DA:33,2
DA:34,2
DA:36,0
DA:39,0
DA:40,0
DA:54,1
DA:55,0
DA:57,0
DA:58,0
DA:59,0
DA:62,0
DA:65,0
DA:66,0
DA:68,0
DA:71,0
DA:72,0
DA:85,1
DA:86,0
DA:88,0
DA:91,0
DA:92,0
DA:94,0
DA:97,0
DA:98,0
DA:112,1
DA:113,1
DA:115,1
DA:116,1
DA:117,1
DA:120,1
DA:123,1
DA:124,1
DA:126,0
DA:129,0
DA:130,0
DA:144,1
DA:145,1
DA:147,1
DA:148,1
DA:149,1
DA:150,1
DA:153,1
DA:156,1
DA:157,1
DA:159,0
DA:162,0
DA:163,0
DA:177,1
DA:178,2
DA:180,2
DA:181,2
DA:182,2
DA:185,2
DA:188,2
DA:189,1
DA:191,1
DA:194,0
DA:195,0
DA:199,1
LF:70
LH:42
BRDA:33,0,0,2
BRDA:33,0,1,0
BRDA:65,1,0,0
BRDA:65,1,1,0
BRDA:91,2,0,0
BRDA:91,2,1,0
BRDA:123,3,0,1
BRDA:123,3,1,0
BRDA:156,4,0,1
BRDA:156,4,1,0
BRDA:188,5,0,1
BRDA:188,5,1,1
BRF:12
BRH:5
end_of_record
TN:
SF:routes\NewsFeed.js
FN:9,(anonymous_0)
FN:46,(anonymous_1)
FN:87,(anonymous_2)
FN:126,(anonymous_3)
FN:177,(anonymous_4)
FN:214,(anonymous_5)
FN:241,(anonymous_6)
FNF:7
FNH:7
FNDA:1,(anonymous_0)
FNDA:2,(anonymous_1)
FNDA:3,(anonymous_2)
FNDA:2,(anonymous_3)
FNDA:2,(anonymous_4)
FNDA:3,(anonymous_5)
FNDA:3,(anonymous_6)
DA:2,1
DA:3,1
DA:4,1
DA:5,1
DA:9,1
DA:10,1
DA:11,1
DA:12,1
DA:13,1
DA:14,0
DA:15,0
DA:16,0
DA:17,0
DA:18,0
DA:22,0
DA:25,1
DA:26,1
DA:27,1
DA:28,1
DA:29,1
DA:30,0
DA:34,1
DA:38,0
DA:46,1
DA:47,2
DA:48,2
DA:49,2
DA:50,2
DA:51,1
DA:52,1
DA:54,1
DA:55,1
DA:61,0
DA:67,1
DA:73,0
DA:74,0
DA:87,1
DA:88,3
DA:89,3
DA:90,3
DA:91,3
DA:92,2
DA:93,2
DA:94,1
DA:96,1
DA:97,1
DA:103,0
DA:109,1
DA:115,1
DA:116,1
DA:126,1
DA:127,2
DA:128,2
DA:129,2
DA:130,2
DA:131,2
DA:132,2
DA:133,2
DA:134,2
DA:135,2
DA:136,1
DA:137,1
DA:138,1
DA:144,0
DA:151,1
DA:161,0
DA:168,0
DA:169,0
DA:177,1
DA:178,2
DA:179,2
DA:180,2
DA:181,2
DA:182,1
DA:183,1
DA:186,1
DA:194,1
DA:201,0
DA:205,1
DA:214,1
DA:215,3
DA:216,3
DA:217,3
DA:218,3
DA:219,1
DA:220,1
DA:221,1
DA:222,1
DA:227,1
DA:231,0
DA:235,2
DA:241,1
DA:242,3
DA:243,3
DA:244,3
DA:245,3
DA:246,3
DA:247,3
DA:248,3
DA:249,3
DA:250,1
DA:251,1
DA:252,1
DA:253,1
DA:257,1
DA:261,0
DA:265,2
DA:271,1
LF:108
LH:89
BRDA:13,0,0,0
BRDA:13,0,1,1
BRDA:17,1,0,0
BRDA:17,1,1,0
BRDA:17,2,0,0
BRDA:17,2,1,0
BRDA:17,2,2,0
BRDA:25,3,0,1
BRDA:25,3,1,0
BRDA:29,4,0,0
BRDA:29,4,1,1
BRDA:29,5,0,1
BRDA:29,5,1,1
BRDA:29,5,2,1
BRDA:50,6,0,1
BRDA:50,6,1,1
BRDA:54,7,0,1
BRDA:54,7,1,0
BRDA:91,8,0,2
BRDA:91,8,1,1
BRDA:96,9,0,1
BRDA:96,9,1,0
BRDA:131,10,0,2
BRDA:131,10,1,0
BRDA:135,11,0,1
BRDA:135,11,1,1
BRDA:135,12,0,2
BRDA:135,12,1,1
BRDA:135,12,2,1
BRDA:137,13,0,1
BRDA:137,13,1,0
BRDA:181,14,0,1
BRDA:181,14,1,1
BRDA:183,15,0,1
BRDA:183,15,1,0
BRDA:218,16,0,1
BRDA:218,16,1,2
BRDA:221,17,0,1
BRDA:221,17,1,0
BRDA:221,18,0,1
BRDA:221,18,1,1
BRDA:249,19,0,1
BRDA:249,19,1,2
BRDA:252,20,0,1
BRDA:252,20,1,0
BRDA:252,21,0,1
BRDA:252,21,1,1
BRF:47
BRH:32
end_of_record
TN:
SF:routes\Notices.js
FN:21,(anonymous_0)
FN:55,(anonymous_1)
FN:85,(anonymous_2)
FN:116,(anonymous_3)
FN:151,(anonymous_4)
FN:182,(anonymous_5)
FNF:6
FNH:5
FNDA:2,(anonymous_0)
FNDA:2,(anonymous_1)
FNDA:0,(anonymous_2)
FNDA:3,(anonymous_3)
FNDA:3,(anonymous_4)
FNDA:3,(anonymous_5)
DA:6,1
DA:7,1
DA:8,1
DA:9,1
DA:21,1
DA:22,2
DA:23,2
DA:24,2
DA:25,2
DA:28,2
DA:31,2
DA:32,1
DA:34,1
DA:40,0
DA:41,0
DA:55,1
DA:56,2
DA:57,2
DA:58,2
DA:61,2
DA:64,2
DA:65,0
DA:67,2
DA:70,0
DA:71,0
DA:85,1
DA:86,0
DA:87,0
DA:88,0
DA:89,0
DA:92,0
DA:95,0
DA:96,0
DA:98,0
DA:101,0
DA:102,0
DA:116,1
DA:117,3
DA:118,3
DA:119,3
DA:120,3
DA:121,3
DA:124,3
DA:127,3
DA:128,1
DA:130,2
DA:136,0
DA:137,0
DA:151,1
DA:152,3
DA:153,3
DA:154,3
DA:155,3
DA:158,3
DA:161,3
DA:162,1
DA:164,2
DA:167,0
DA:168,0
DA:182,1
DA:183,3
DA:184,3
DA:185,3
DA:186,3
DA:187,3
DA:188,3
DA:189,3
DA:190,3
DA:193,3
DA:204,3
DA:205,1
DA:207,2
DA:210,0
DA:211,0
DA:216,1
LF:75
LH:54
BRDA:31,0,0,1
BRDA:31,0,1,1
BRDA:64,1,0,0
BRDA:64,1,1,2
BRDA:95,2,0,0
BRDA:95,2,1,0
BRDA:127,3,0,1
BRDA:127,3,1,2
BRDA:161,4,0,1
BRDA:161,4,1,2
BRDA:204,5,0,1
BRDA:204,5,1,2
BRF:12
BRH:9
end_of_record
TN:
SF:routes\WishList.js
FNF:0
FNH:0
DA:2,1
DA:3,1
DA:4,1
DA:5,1
DA:6,1
DA:8,1
DA:10,1
DA:12,1
DA:14,1
LF:9
LH:9
BRF:0
BRH:0
end_of_record
TN:
SF:routes\users.js
FN:19,(anonymous_0)
FN:41,(anonymous_1)
FNF:2
FNH:2
FNDA:2,(anonymous_0)
FNDA:2,(anonymous_1)
DA:6,1
DA:7,1
DA:8,1
DA:19,1
DA:20,2
DA:21,2
DA:22,1
DA:24,1
DA:25,1
DA:41,1
DA:42,2
DA:43,2
DA:44,1
DA:46,1
DA:47,1
DA:55,1
LF:16
LH:16
BRF:0
BRH:0
end_of_record
TN:
SF:tests\mocks\dbMock.js
FNF:0
FNH:0
DA:1,5
DA:4,5
DA:14,5
DA:24,5
DA:34,5
DA:42,5
DA:52,5
DA:62,5
DA:71,5
DA:79,5
DA:89,5
LF:11
LH:11
BRF:0
BRH:0
end_of_record
TN:
SF:tests\mocks\jwtMock.js
FN:4,(anonymous_0)
FNF:1
FNH:1
FNDA:49,(anonymous_0)
DA:1,5
DA:4,5
DA:5,49
DA:6,30
DA:8,19
DA:9,9
DA:11,10
DA:12,3
DA:14,7
DA:16,4
DA:19,3
DA:24,5
DA:26,5
LF:13
LH:13
BRDA:5,0,0,30
BRDA:5,0,1,19
BRDA:8,1,0,9
BRDA:8,1,1,10
BRDA:11,2,0,3
BRDA:11,2,1,7
BRDA:14,3,0,4
BRDA:14,3,1,3
BRF:8
BRH:8
end_of_record
