TN:
SF:Data\Applications.js
FN:11,createApplication
FN:48,updateStatusApplication
FN:112,getAllApplicationsForListing
FN:142,getApplicationById
FN:167,getAllApplications
FN:192,getRoleByUserId
FNF:6
FNH:6
FNDA:2,createApplication
FNDA:2,updateStatusApplication
FNDA:5,getAllApplicationsForListing
FNDA:2,getApplicationById
FNDA:1,getAllApplications
FNDA:9,getRoleByUserId
DA:3,1
DA:12,2
DA:13,2
DA:14,2
DA:16,2
DA:17,1
DA:20,1
DA:34,1
DA:36,0
DA:37,0
DA:49,2
DA:50,2
DA:52,0
DA:53,0
DA:54,0
DA:55,0
DA:56,0
DA:57,0
DA:62,0
DA:63,0
DA:65,0
DA:66,0
DA:71,0
DA:72,0
DA:81,0
DA:82,0
DA:86,0
DA:90,0
DA:93,0
DA:94,0
DA:97,2
DA:98,2
DA:101,0
DA:102,0
DA:113,5
DA:114,5
DA:116,5
DA:117,3
DA:118,3
DA:120,1
DA:121,1
DA:122,0
DA:123,0
DA:125,0
DA:128,2
DA:131,2
DA:132,2
DA:143,2
DA:144,2
DA:146,0
DA:147,0
DA:148,0
DA:150,0
DA:151,0
DA:153,0
DA:157,2
DA:158,2
DA:168,1
DA:169,1
DA:171,1
DA:172,1
DA:173,1
DA:175,0
DA:176,0
DA:178,0
DA:182,1
DA:183,1
DA:193,9
DA:194,7
DA:197,1
LF:70
LH:36
BRDA:16,0,0,1
BRDA:16,0,1,1
BRDA:50,1,0,0
BRDA:50,1,1,2
BRDA:50,2,0,2
BRDA:50,2,1,2
BRDA:50,2,2,2
BRDA:53,3,0,0
BRDA:53,3,1,0
BRDA:53,4,0,0
BRDA:53,4,1,0
BRDA:56,5,0,0
BRDA:56,5,1,0
BRDA:56,6,0,0
BRDA:56,6,1,0
BRDA:62,7,0,0
BRDA:62,7,1,0
BRDA:65,8,0,0
BRDA:65,8,1,0
BRDA:116,9,0,3
BRDA:116,9,1,2
BRDA:120,10,0,1
BRDA:120,10,1,0
BRDA:120,11,0,1
BRDA:120,11,1,1
BRDA:122,12,0,0
BRDA:122,12,1,0
BRDA:122,13,0,0
BRDA:122,13,1,0
BRDA:146,14,0,0
BRDA:146,14,1,0
BRDA:150,15,0,0
BRDA:150,15,1,0
BRDA:150,16,0,0
BRDA:150,16,1,0
BRDA:171,17,0,1
BRDA:171,17,1,0
BRDA:175,18,0,0
BRDA:175,18,1,0
BRDA:175,19,0,0
BRDA:175,19,1,0
BRDA:194,20,0,5
BRDA:194,20,1,2
BRF:43
BRH:14
end_of_record
TN:
SF:Data\Buildings.js
FN:14,getBuildingById
FN:43,getAllBuildings
FN:74,createBuilding
FN:115,deleteBuilding
FN:158,updateBuilding
FN:194,getAllBuildingsForSignUp
FN:207,getBuildingInfo
FN:254,getRoleByUserId
FNF:8
FNH:6
FNDA:5,getBuildingById
FNDA:4,getAllBuildings
FNDA:4,createBuilding
FNDA:5,deleteBuilding
FNDA:5,updateBuilding
FNDA:2,getAllBuildingsForSignUp
FNDA:0,getBuildingInfo
FNDA:0,getRoleByUserId
DA:1,2
DA:15,5
DA:16,5
DA:17,4
DA:18,3
DA:19,1
DA:20,1
DA:22,2
DA:25,1
DA:28,1
DA:29,1
DA:44,4
DA:45,4
DA:46,3
DA:47,2
DA:48,1
DA:49,1
DA:51,1
DA:54,1
DA:57,1
DA:58,1
DA:75,4
DA:76,4
DA:77,3
DA:78,2
DA:79,1
DA:81,1
DA:82,0
DA:88,0
DA:90,1
DA:93,1
DA:96,1
DA:99,1
DA:100,1
DA:116,5
DA:117,5
DA:118,4
DA:119,3
DA:120,1
DA:122,1
DA:123,1
DA:128,1
DA:130,0
DA:133,2
DA:136,1
DA:139,1
DA:140,1
DA:159,5
DA:160,5
DA:161,4
DA:162,3
DA:163,1
DA:165,1
DA:166,1
DA:170,1
DA:172,0
DA:175,2
DA:178,1
DA:181,1
DA:182,1
DA:195,2
DA:197,2
DA:200,1
DA:202,1
DA:203,1
DA:208,0
DA:209,0
DA:210,0
DA:211,0
DA:212,0
DA:214,0
DA:215,0
DA:217,0
DA:218,0
DA:219,0
DA:220,0
DA:221,0
DA:222,0
DA:223,0
DA:224,0
DA:225,0
DA:226,0
DA:227,0
DA:228,0
DA:229,0
DA:230,0
DA:231,0
DA:238,0
DA:244,0
DA:245,0
DA:255,0
DA:256,0
DA:260,2
LF:93
LH:62
BRDA:16,0,0,4
BRDA:16,0,1,1
BRDA:18,1,0,1
BRDA:18,1,1,2
BRDA:20,2,0,1
BRDA:20,2,1,0
BRDA:45,3,0,3
BRDA:45,3,1,1
BRDA:47,4,0,1
BRDA:47,4,1,1
BRDA:49,5,0,1
BRDA:49,5,1,0
BRDA:76,6,0,3
BRDA:76,6,1,1
BRDA:78,7,0,1
BRDA:78,7,1,1
BRDA:81,8,0,0
BRDA:81,8,1,1
BRDA:117,9,0,4
BRDA:117,9,1,1
BRDA:119,10,0,1
BRDA:119,10,1,2
BRDA:122,11,0,1
BRDA:122,11,1,0
BRDA:160,12,0,4
BRDA:160,12,1,1
BRDA:162,13,0,1
BRDA:162,13,1,2
BRDA:165,14,0,1
BRDA:165,14,1,0
BRDA:200,15,0,1
BRDA:200,15,1,0
BRDA:211,16,0,0
BRDA:211,16,1,0
BRDA:256,17,0,0
BRDA:256,17,1,0
BRF:36
BRH:26
end_of_record
TN:
SF:Data\Listings.js
FN:15,createListing
FN:58,getAllListingsForBuilding
FN:87,getAllListingsForPublicView
FN:95,(anonymous_3)
FN:127,getListingById
FN:160,updateListing
FN:204,deleteListing
FNF:7
FNH:7
FNDA:5,createListing
FNDA:5,getAllListingsForBuilding
FNDA:4,getAllListingsForPublicView
FNDA:2,(anonymous_3)
FNDA:4,getListingById
FNDA:5,updateListing
FNDA:5,deleteListing
DA:1,3
DA:16,5
DA:17,5
DA:18,4
DA:19,4
DA:22,4
DA:23,4
DA:34,3
DA:36,0
DA:39,1
DA:42,1
DA:43,1
DA:59,5
DA:60,5
DA:61,4
DA:62,4
DA:65,3
DA:66,3
DA:68,0
DA:71,1
DA:74,1
DA:75,1
DA:88,4
DA:89,4
DA:94,3
DA:95,2
DA:106,1
DA:108,2
DA:111,1
DA:112,1
DA:128,4
DA:129,4
DA:130,3
DA:131,2
DA:134,2
DA:135,2
DA:137,0
DA:140,1
DA:143,1
DA:144,1
DA:161,5
DA:162,5
DA:163,3
DA:164,3
DA:167,3
DA:168,3
DA:180,3
DA:182,0
DA:185,2
DA:188,0
DA:189,0
DA:205,5
DA:206,5
DA:207,3
DA:208,3
DA:211,3
DA:212,3
DA:217,2
DA:219,0
DA:222,2
DA:225,1
DA:226,1
DA:230,3
LF:63
LH:56
BRDA:17,0,0,4
BRDA:17,0,1,1
BRDA:22,1,0,4
BRDA:22,1,1,0
BRDA:22,2,0,4
BRDA:22,2,1,4
BRDA:60,3,0,4
BRDA:60,3,1,1
BRDA:65,4,0,3
BRDA:65,4,1,0
BRDA:65,5,0,3
BRDA:65,5,1,3
BRDA:94,6,0,1
BRDA:94,6,1,2
BRDA:104,7,0,2
BRDA:104,7,1,0
BRDA:129,8,0,3
BRDA:129,8,1,1
BRDA:134,9,0,2
BRDA:134,9,1,0
BRDA:134,10,0,2
BRDA:134,10,1,2
BRDA:162,11,0,3
BRDA:162,11,1,2
BRDA:167,12,0,3
BRDA:167,12,1,0
BRDA:167,13,0,3
BRDA:167,13,1,3
BRDA:206,14,0,3
BRDA:206,14,1,2
BRDA:211,15,0,3
BRDA:211,15,1,0
BRDA:211,16,0,3
BRDA:211,16,1,3
BRF:34
BRH:28
end_of_record
TN:
SF:Data\Notices.js
FN:15,getNoticeById
FN:65,getAllNoticesTenant
FN:102,getAllNoticesManager
FN:139,createNotice
FN:183,deleteNotice
FN:227,updateNotice
FNF:6
FNH:6
FNDA:11,getNoticeById
FNDA:7,getAllNoticesTenant
FNDA:5,getAllNoticesManager
FNDA:8,createNotice
FNDA:8,deleteNotice
FNDA:8,updateNotice
DA:2,3
DA:16,11
DA:17,11
DA:18,5
DA:20,4
DA:21,2
DA:23,2
DA:24,2
DA:26,0
DA:29,2
DA:31,6
DA:32,5
DA:34,4
DA:35,2
DA:36,2
DA:38,2
DA:39,1
DA:41,1
DA:44,2
DA:47,1
DA:50,2
DA:51,2
DA:66,7
DA:67,7
DA:68,5
DA:70,4
DA:71,2
DA:72,2
DA:74,2
DA:75,1
DA:77,1
DA:80,2
DA:83,2
DA:86,1
DA:87,1
DA:103,5
DA:104,5
DA:105,4
DA:107,3
DA:108,2
DA:110,2
DA:111,1
DA:113,1
DA:116,1
DA:119,1
DA:122,1
DA:123,1
DA:140,8
DA:141,8
DA:142,6
DA:144,5
DA:145,3
DA:147,3
DA:148,2
DA:156,2
DA:158,1
DA:161,2
DA:164,2
DA:167,1
DA:168,1
DA:184,8
DA:185,8
DA:186,6
DA:188,5
DA:189,3
DA:191,3
DA:192,2
DA:197,2
DA:199,1
DA:202,2
DA:205,2
DA:208,1
DA:209,1
DA:228,8
DA:229,8
DA:230,6
DA:232,5
DA:233,3
DA:235,3
DA:236,2
DA:240,2
DA:242,1
DA:245,2
DA:248,2
DA:251,1
DA:252,1
DA:257,3
LF:87
LH:86
BRDA:17,0,0,5
BRDA:17,0,1,6
BRDA:20,1,0,2
BRDA:20,1,1,2
BRDA:23,2,0,2
BRDA:23,2,1,0
BRDA:31,3,0,5
BRDA:31,3,1,1
BRDA:34,4,0,2
BRDA:34,4,1,2
BRDA:38,5,0,1
BRDA:38,5,1,1
BRDA:67,6,0,5
BRDA:67,6,1,2
BRDA:70,7,0,2
BRDA:70,7,1,2
BRDA:74,8,0,1
BRDA:74,8,1,1
BRDA:74,9,0,2
BRDA:74,9,1,2
BRDA:104,10,0,4
BRDA:104,10,1,1
BRDA:107,11,0,2
BRDA:107,11,1,1
BRDA:110,12,0,1
BRDA:110,12,1,1
BRDA:110,13,0,2
BRDA:110,13,1,2
BRDA:141,14,0,6
BRDA:141,14,1,2
BRDA:144,15,0,3
BRDA:144,15,1,2
BRDA:147,16,0,2
BRDA:147,16,1,1
BRDA:147,17,0,3
BRDA:147,17,1,3
BRDA:185,18,0,6
BRDA:185,18,1,2
BRDA:188,19,0,3
BRDA:188,19,1,2
BRDA:191,20,0,2
BRDA:191,20,1,1
BRDA:229,21,0,6
BRDA:229,21,1,2
BRDA:232,22,0,3
BRDA:232,22,1,2
BRDA:235,23,0,2
BRDA:235,23,1,1
BRF:48
BRH:47
end_of_record
TN:
SF:Data\Users.js
FN:13,getUserByEmail
FN:36,createUser
FNF:2
FNH:2
FNDA:3,getUserByEmail
FNDA:2,createUser
DA:1,3
DA:2,3
DA:14,3
DA:15,3
DA:16,2
DA:18,1
DA:19,1
DA:37,2
DA:39,2
DA:42,2
DA:49,1
DA:51,1
DA:52,1
DA:57,3
LF:14
LH:14
BRF:0
BRH:0
end_of_record
TN:
SF:Data\WishList.js
FN:9,getUserWishlists
FN:21,getUniqueListingIds
FN:22,(anonymous_2)
FN:30,getListingsByUniqueIds
FN:44,createWishlistItem
FN:57,findListingById
FN:67,findWishlistItem
FN:77,removeWishlistItem
FNF:8
FNH:8
FNDA:3,getUserWishlists
FNDA:1,getUniqueListingIds
FNDA:2,(anonymous_2)
FNDA:2,getListingsByUniqueIds
FNDA:3,createWishlistItem
FNDA:5,findListingById
FNDA:4,findWishlistItem
FNDA:2,removeWishlistItem
DA:2,3
DA:10,3
DA:22,2
DA:31,2
DA:45,3
DA:58,5
DA:68,4
DA:78,2
DA:81,3
LF:9
LH:9
BRF:0
BRH:0
end_of_record
TN:
SF:Middleware\middleware.js
FN:3,(anonymous_0)
FNF:1
FNH:1
FNDA:46,(anonymous_0)
DA:1,6
DA:3,6
DA:4,46
DA:6,46
DA:8,45
DA:9,45
DA:10,40
DA:11,40
DA:12,40
DA:15,5
DA:19,6
LF:11
LH:11
BRDA:6,0,0,1
BRDA:6,0,1,45
BRDA:11,1,0,40
BRDA:11,1,1,0
BRF:4
BRH:3
end_of_record
TN:
SF:Service\Applications.js
FN:11,createApplication
FN:22,updateStatusApplication
FN:34,getAllApplicationsForListing
FN:44,getApplicationById
FN:53,getAllApplications
FNF:5
FNH:5
FNDA:1,createApplication
FNDA:1,updateStatusApplication
FNDA:1,getAllApplicationsForListing
FNDA:1,getApplicationById
FNDA:1,getAllApplications
DA:3,1
DA:12,1
DA:23,1
DA:24,1
DA:25,1
DA:35,1
DA:45,1
DA:54,1
DA:57,1
LF:9
LH:9
BRF:0
BRH:0
end_of_record
TN:
SF:Service\Buildings.js
FN:14,getBuildingById
FN:33,getAllBuildings
FN:54,createBuilding
FN:74,deleteBuilding
FN:97,updateBuilding
FN:114,getAllBuildingsForSignUp
FN:123,getBuildingInfo
FNF:7
FNH:7
FNDA:2,getBuildingById
FNDA:2,getAllBuildings
FNDA:2,createBuilding
FNDA:2,deleteBuilding
FNDA:2,updateBuilding
FNDA:2,getAllBuildingsForSignUp
FNDA:2,getBuildingInfo
DA:1,1
DA:15,2
DA:16,2
DA:18,1
DA:19,1
DA:34,2
DA:35,2
DA:37,1
DA:38,1
DA:55,2
DA:56,2
DA:58,1
DA:59,1
DA:75,2
DA:76,2
DA:78,1
DA:79,1
DA:98,2
DA:99,2
DA:101,1
DA:102,1
DA:115,2
DA:116,2
DA:118,1
DA:119,1
DA:124,2
DA:125,1
DA:126,1
DA:130,1
LF:29
LH:29
BRF:0
BRH:0
end_of_record
TN:
SF:Service\Listings.js
FN:15,createListing
FN:30,getAllListingsForBuilding
FN:43,getAllListingsForPublicView
FN:58,getListingById
FN:74,updateListing
FN:89,deleteListing
FNF:6
FNH:6
FNDA:3,createListing
FNDA:1,getAllListingsForBuilding
FNDA:1,getAllListingsForPublicView
FNDA:2,getListingById
FNDA:2,updateListing
FNDA:3,deleteListing
DA:1,2
DA:16,3
DA:32,1
DA:44,1
DA:59,2
DA:75,2
DA:90,3
DA:93,2
LF:8
LH:8
BRF:0
BRH:0
end_of_record
TN:
SF:Service\Notices.js
FN:14,getNoticeById
FN:33,getAllNoticesTenant
FN:53,getAllNoticesManager
FN:74,createNotice
FN:94,deleteNotice
FN:117,updateNotice
FNF:6
FNH:6
FNDA:4,getNoticeById
FNDA:4,getAllNoticesTenant
FNDA:2,getAllNoticesManager
FNDA:5,createNotice
FNDA:5,deleteNotice
FNDA:5,updateNotice
DA:1,2
DA:15,4
DA:16,4
DA:18,1
DA:19,1
DA:34,4
DA:35,4
DA:37,1
DA:38,1
DA:54,2
DA:55,2
DA:57,1
DA:58,1
DA:75,5
DA:76,5
DA:78,1
DA:79,1
DA:95,5
DA:96,5
DA:98,1
DA:99,1
DA:118,5
DA:119,5
DA:121,1
DA:122,1
DA:127,2
LF:26
LH:26
BRF:0
BRH:0
end_of_record
TN:
SF:Service\Users.js
FN:24,signUpUser
FN:89,loginUser
FNF:2
FNH:2
FNDA:5,signUpUser
FNDA:6,loginUser
DA:1,2
DA:2,2
DA:3,2
DA:4,2
DA:35,5
DA:36,5
DA:38,5
DA:39,1
DA:43,4
DA:44,1
DA:45,1
DA:47,1
DA:48,1
DA:49,1
DA:50,1
DA:51,1
DA:53,0
DA:55,3
DA:56,2
DA:58,2
DA:59,1
DA:60,1
DA:61,1
DA:62,1
DA:63,1
DA:66,2
DA:68,1
DA:71,3
DA:73,0
DA:74,0
DA:90,6
DA:91,6
DA:93,5
DA:94,2
DA:97,3
DA:99,3
DA:100,1
DA:103,2
DA:108,1
DA:117,2
DA:118,2
DA:122,2
LF:42
LH:39
BRDA:38,0,0,1
BRDA:38,0,1,4
BRDA:43,1,0,1
BRDA:43,1,1,3
BRDA:47,2,0,1
BRDA:47,2,1,0
BRDA:47,3,0,1
BRDA:47,3,1,1
BRDA:55,4,0,2
BRDA:55,4,1,1
BRDA:55,5,0,3
BRDA:55,5,1,2
BRDA:58,6,0,1
BRDA:58,6,1,1
BRDA:61,7,0,1
BRDA:61,7,1,0
BRDA:93,8,0,2
BRDA:93,8,1,3
BRDA:99,9,0,1
BRDA:99,9,1,2
BRF:20
BRH:18
end_of_record
TN:
SF:Service\Wishlist.js
FN:11,getWishlistedListings
FN:19,(anonymous_1)
FN:57,addWishlistItem
FN:91,removeWishlistItem
FNF:4
FNH:4
FNDA:5,getWishlistedListings
FNDA:3,(anonymous_1)
FNDA:6,addWishlistItem
FNDA:7,removeWishlistItem
DA:2,2
DA:3,2
DA:12,5
DA:13,5
DA:14,5
DA:15,4
DA:16,3
DA:18,2
DA:19,3
DA:31,2
DA:37,0
DA:43,3
DA:44,3
DA:58,6
DA:59,6
DA:60,6
DA:61,6
DA:63,6
DA:64,3
DA:66,2
DA:71,3
DA:77,1
DA:78,1
DA:92,7
DA:93,7
DA:94,7
DA:95,7
DA:97,7
DA:98,4
DA:100,2
DA:105,3
DA:111,2
DA:112,2
DA:119,2
LF:34
LH:33
BRDA:18,0,0,2
BRDA:18,0,1,0
BRDA:28,1,0,3
BRDA:28,1,1,0
BRDA:63,2,0,3
BRDA:63,2,1,3
BRDA:63,3,0,6
BRDA:63,3,1,3
BRDA:97,4,0,4
BRDA:97,4,1,3
BRF:10
BRH:8
end_of_record
TN:
SF:models\Applications.js
FN:1,(anonymous_0)
FNF:1
FNH:1
FNDA:17,(anonymous_0)
DA:1,17
DA:2,17
DA:44,17
LF:3
LH:3
BRF:0
BRH:0
end_of_record
TN:
SF:models\Buildings.js
FN:1,(anonymous_0)
FN:18,(anonymous_1)
FNF:2
FNH:2
FNDA:17,(anonymous_0)
FNDA:17,(anonymous_1)
DA:1,17
DA:2,17
DA:18,17
DA:19,17
DA:23,17
DA:26,17
DA:29,17
DA:35,17
LF:8
LH:8
BRF:0
BRH:0
end_of_record
TN:
SF:models\Guests.js
FN:1,(anonymous_0)
FN:14,(anonymous_1)
FNF:2
FNH:2
FNDA:17,(anonymous_0)
FNDA:17,(anonymous_1)
DA:1,17
DA:2,17
DA:14,17
DA:15,17
DA:19,17
LF:5
LH:5
BRF:0
BRH:0
end_of_record
TN:
SF:models\Listings.js
FN:3,(anonymous_0)
FN:38,(anonymous_1)
FNF:2
FNH:2
FNDA:17,(anonymous_0)
FNDA:17,(anonymous_1)
DA:1,17
DA:2,17
DA:3,17
DA:4,17
DA:38,17
DA:39,17
DA:44,17
DA:47,17
DA:48,17
DA:53,17
LF:10
LH:10
BRF:0
BRH:0
end_of_record
TN:
SF:models\Manager.js
FN:1,(anonymous_0)
FN:15,(anonymous_1)
FNF:2
FNH:2
FNDA:17,(anonymous_0)
FNDA:17,(anonymous_1)
DA:1,17
DA:2,17
DA:15,17
DA:16,17
DA:19,17
DA:22,17
DA:25,17
DA:28,17
DA:33,17
LF:9
LH:9
BRF:0
BRH:0
end_of_record
TN:
SF:models\NewsFeeds.js
FN:2,(anonymous_0)
FN:24,(anonymous_1)
FN:33,(anonymous_2)
FN:55,(anonymous_3)
FNF:4
FNH:2
FNDA:0,(anonymous_0)
FNDA:0,(anonymous_1)
FNDA:17,(anonymous_2)
FNDA:17,(anonymous_3)
DA:2,17
DA:3,0
DA:24,0
DA:26,0
DA:27,0
DA:30,0
DA:33,17
DA:34,17
DA:55,17
DA:57,17
DA:58,17
DA:61,17
LF:12
LH:7
BRF:0
BRH:0
end_of_record
TN:
SF:models\Notices.js
FN:1,(anonymous_0)
FNF:1
FNH:1
FNDA:17,(anonymous_0)
DA:1,17
DA:2,17
DA:23,17
LF:3
LH:3
BRF:0
BRH:0
end_of_record
TN:
SF:models\Payments.js
FN:1,(anonymous_0)
FNF:1
FNH:1
FNDA:17,(anonymous_0)
DA:1,17
DA:2,17
DA:21,17
LF:3
LH:3
BRF:0
BRH:0
end_of_record
TN:
SF:models\Tenants.js
FN:1,(anonymous_0)
FN:18,(anonymous_1)
FNF:2
FNH:2
FNDA:17,(anonymous_0)
FNDA:17,(anonymous_1)
DA:1,17
DA:2,17
DA:18,17
DA:19,17
DA:20,17
DA:23,17
DA:30,17
LF:7
LH:7
BRF:0
BRH:0
end_of_record
TN:
SF:models\WishList.js
FN:1,(anonymous_0)
FN:8,(anonymous_1)
FNF:2
FNH:2
FNDA:17,(anonymous_0)
FNDA:17,(anonymous_1)
DA:1,17
DA:2,17
DA:8,17
DA:9,17
DA:10,17
DA:13,17
LF:6
LH:6
BRF:0
BRH:0
end_of_record
TN:
SF:models\index.js
FN:21,(anonymous_0)
FN:29,(anonymous_1)
FN:34,(anonymous_2)
FNF:3
FNH:3
FNDA:221,(anonymous_0)
FNDA:187,(anonymous_1)
FNDA:187,(anonymous_2)
DA:3,17
DA:4,17
DA:5,17
DA:6,17
DA:7,17
DA:8,17
DA:9,17
DA:10,17
DA:13,17
DA:14,0
DA:16,17
DA:19,17
DA:22,221
DA:30,187
DA:31,187
DA:34,17
DA:35,187
DA:36,136
DA:40,17
DA:41,17
DA:43,17
LF:21
LH:20
BRDA:8,0,0,17
BRDA:8,0,1,0
BRDA:13,1,0,0
BRDA:13,1,1,17
BRDA:23,2,0,221
BRDA:23,2,1,221
BRDA:23,2,2,204
BRDA:23,2,3,187
BRDA:35,3,0,136
BRDA:35,3,1,51
BRF:10
BRH:8
end_of_record
TN:
SF:models\users.js
FN:1,(anonymous_0)
FN:23,(anonymous_1)
FNF:2
FNH:2
FNDA:17,(anonymous_0)
FNDA:17,(anonymous_1)
DA:1,17
DA:2,17
DA:23,17
DA:24,17
DA:25,17
DA:26,17
DA:27,17
DA:30,17
DA:36,17
LF:9
LH:9
BRF:0
BRH:0
end_of_record
TN:
SF:routes\Applications.js
FN:21,(anonymous_0)
FN:53,(anonymous_1)
FN:85,(anonymous_2)
FN:117,(anonymous_3)
FN:148,(anonymous_4)
FNF:5
FNH:5
FNDA:2,(anonymous_0)
FNDA:2,(anonymous_1)
FNDA:2,(anonymous_2)
FNDA:2,(anonymous_3)
FNDA:2,(anonymous_4)
DA:6,2
DA:7,2
DA:8,2
DA:9,2
DA:21,2
DA:22,2
DA:24,2
DA:25,2
DA:26,2
DA:27,2
DA:29,2
DA:32,2
DA:33,2
DA:35,0
DA:38,0
DA:39,0
DA:53,2
DA:54,2
DA:56,2
DA:57,2
DA:58,2
DA:61,2
DA:64,1
DA:65,1
DA:67,0
DA:70,1
DA:71,1
DA:85,2
DA:86,2
DA:88,2
DA:89,2
DA:90,2
DA:93,2
DA:96,2
DA:97,2
DA:99,0
DA:102,0
DA:103,0
DA:117,2
DA:118,2
DA:120,2
DA:121,2
DA:124,2
DA:127,2
DA:128,2
DA:130,0
DA:133,0
DA:134,0
DA:148,2
DA:149,2
DA:151,2
DA:154,2
DA:157,2
DA:158,2
DA:160,0
DA:163,0
DA:164,0
DA:168,2
LF:58
LH:45
BRDA:32,0,0,2
BRDA:32,0,1,0
BRDA:64,1,0,1
BRDA:64,1,1,0
BRDA:96,2,0,2
BRDA:96,2,1,0
BRDA:127,3,0,2
BRDA:127,3,1,0
BRDA:157,4,0,2
BRDA:157,4,1,0
BRF:10
BRH:5
end_of_record
TN:
SF:routes\Buildings.js
FN:22,(anonymous_0)
FN:41,(anonymous_1)
FN:70,(anonymous_2)
FN:101,(anonymous_3)
FN:134,(anonymous_4)
FN:166,(anonymous_5)
FN:200,(anonymous_6)
FNF:7
FNH:5
FNDA:0,(anonymous_0)
FNDA:1,(anonymous_1)
FNDA:0,(anonymous_2)
FNDA:1,(anonymous_3)
FNDA:5,(anonymous_4)
FNDA:5,(anonymous_5)
FNDA:5,(anonymous_6)
DA:6,1
DA:7,1
DA:8,1
DA:9,1
DA:10,1
DA:22,1
DA:23,0
DA:24,0
DA:25,0
DA:26,0
DA:27,0
DA:28,0
DA:29,0
DA:33,0
DA:37,0
DA:41,1
DA:42,1
DA:43,1
DA:45,1
DA:46,1
DA:49,1
DA:50,1
DA:52,0
DA:55,0
DA:56,0
DA:70,1
DA:71,0
DA:73,0
DA:74,0
DA:77,0
DA:80,0
DA:81,0
DA:83,0
DA:86,0
DA:87,0
DA:101,1
DA:102,1
DA:104,1
DA:105,1
DA:106,1
DA:107,1
DA:110,1
DA:113,1
DA:114,1
DA:116,0
DA:119,0
DA:120,0
DA:134,1
DA:135,5
DA:137,5
DA:138,5
DA:139,5
DA:142,5
DA:145,5
DA:146,5
DA:148,0
DA:151,0
DA:152,0
DA:166,1
DA:167,5
DA:169,5
DA:170,5
DA:171,5
DA:172,5
DA:173,5
DA:174,5
DA:177,5
DA:180,5
DA:181,5
DA:183,0
DA:186,0
DA:187,0
DA:200,1
DA:201,5
DA:203,5
DA:206,5
DA:207,5
DA:209,0
DA:212,0
DA:213,0
DA:217,1
LF:81
LH:48
BRDA:25,0,0,0
BRDA:25,0,1,0
BRDA:28,1,0,0
BRDA:28,1,1,0
BRDA:28,2,0,0
BRDA:28,2,1,0
BRDA:49,3,0,1
BRDA:49,3,1,0
BRDA:80,4,0,0
BRDA:80,4,1,0
BRDA:113,5,0,1
BRDA:113,5,1,0
BRDA:145,6,0,5
BRDA:145,6,1,0
BRDA:180,7,0,5
BRDA:180,7,1,0
BRDA:206,8,0,5
BRDA:206,8,1,0
BRF:18
BRH:5
end_of_record
TN:
SF:routes\Listings.js
FN:21,(anonymous_0)
FN:48,(anonymous_1)
FN:66,(anonymous_2)
FN:150,(anonymous_3)
FN:181,(anonymous_4)
FN:208,(anonymous_5)
FN:240,(anonymous_6)
FN:273,(anonymous_7)
FNF:8
FNH:4
FNDA:2,(anonymous_0)
FNDA:0,(anonymous_1)
FNDA:0,(anonymous_2)
FNDA:0,(anonymous_3)
FNDA:0,(anonymous_4)
FNDA:1,(anonymous_5)
FNDA:1,(anonymous_6)
FNDA:2,(anonymous_7)
DA:6,1
DA:7,1
DA:8,1
DA:9,1
DA:21,1
DA:22,2
DA:24,2
DA:25,2
DA:26,2
DA:27,2
DA:30,2
DA:33,2
DA:34,2
DA:36,0
DA:39,0
DA:40,0
DA:48,1
DA:49,0
DA:50,0
DA:51,0
DA:52,0
DA:53,0
DA:54,0
DA:55,0
DA:59,0
DA:66,1
DA:67,0
DA:68,0
DA:69,0
DA:70,0
DA:71,0
DA:72,0
DA:73,0
DA:74,0
DA:75,0
DA:79,0
DA:150,1
DA:151,0
DA:153,0
DA:154,0
DA:155,0
DA:158,0
DA:161,0
DA:162,0
DA:164,0
DA:167,0
DA:168,0
DA:181,1
DA:182,0
DA:184,0
DA:187,0
DA:188,0
DA:190,0
DA:193,0
DA:194,0
DA:208,1
DA:209,1
DA:211,1
DA:212,1
DA:213,1
DA:216,1
DA:219,1
DA:220,1
DA:222,0
DA:225,0
DA:226,0
DA:240,1
DA:241,1
DA:243,1
DA:244,1
DA:245,1
DA:246,1
DA:249,1
DA:252,1
DA:253,1
DA:255,0
DA:258,0
DA:259,0
DA:273,1
DA:274,2
DA:276,2
DA:277,2
DA:278,2
DA:281,2
DA:284,2
DA:285,1
DA:287,1
DA:290,0
DA:291,0
DA:295,1
LF:90
LH:44
BRDA:33,0,0,2
BRDA:33,0,1,0
BRDA:51,1,0,0
BRDA:51,1,1,0
BRDA:54,2,0,0
BRDA:54,2,1,0
BRDA:54,3,0,0
BRDA:54,3,1,0
BRDA:70,4,0,0
BRDA:70,4,1,0
BRDA:74,5,0,0
BRDA:74,5,1,0
BRDA:74,6,0,0
BRDA:74,6,1,0
BRDA:74,6,2,0
BRDA:161,7,0,0
BRDA:161,7,1,0
BRDA:187,8,0,0
BRDA:187,8,1,0
BRDA:219,9,0,1
BRDA:219,9,1,0
BRDA:252,10,0,1
BRDA:252,10,1,0
BRDA:284,11,0,1
BRDA:284,11,1,1
BRF:25
BRH:5
end_of_record
TN:
SF:routes\Newsfeeds.js
FN:14,(anonymous_0)
FN:54,(anonymous_1)
FN:95,(anonymous_2)
FN:139,(anonymous_3)
FN:195,(anonymous_4)
FN:237,(anonymous_5)
FN:270,(anonymous_6)
FNF:7
FNH:6
FNDA:0,(anonymous_0)
FNDA:2,(anonymous_1)
FNDA:3,(anonymous_2)
FNDA:2,(anonymous_3)
FNDA:2,(anonymous_4)
FNDA:3,(anonymous_5)
FNDA:3,(anonymous_6)
DA:1,1
DA:2,1
DA:3,1
DA:4,1
DA:14,1
DA:15,0
DA:16,0
DA:17,0
DA:18,0
DA:19,0
DA:20,0
DA:21,0
DA:22,0
DA:23,0
DA:27,0
DA:30,0
DA:31,0
DA:32,0
DA:33,0
DA:34,0
DA:35,0
DA:39,0
DA:43,0
DA:54,1
DA:55,2
DA:56,2
DA:57,2
DA:58,2
DA:59,1
DA:60,1
DA:62,1
DA:63,1
DA:69,0
DA:75,1
DA:81,0
DA:82,0
DA:95,1
DA:96,3
DA:97,3
DA:98,3
DA:99,3
DA:100,2
DA:101,2
DA:102,1
DA:104,1
DA:105,1
DA:111,0
DA:117,1
DA:123,1
DA:124,1
DA:139,1
DA:140,2
DA:141,2
DA:142,2
DA:143,2
DA:144,2
DA:145,2
DA:146,2
DA:147,2
DA:148,2
DA:149,1
DA:150,1
DA:151,1
DA:157,0
DA:164,1
DA:174,0
DA:181,0
DA:182,0
DA:195,1
DA:196,2
DA:197,2
DA:198,2
DA:199,2
DA:200,1
DA:201,1
DA:204,1
DA:212,1
DA:219,0
DA:223,1
DA:237,1
DA:238,3
DA:239,3
DA:240,3
DA:241,3
DA:242,1
DA:243,1
DA:244,1
DA:245,1
DA:250,1
DA:254,0
DA:258,2
DA:270,1
DA:271,3
DA:272,3
DA:273,3
DA:274,3
DA:275,3
DA:276,3
DA:277,3
DA:278,3
DA:279,1
DA:280,1
DA:281,1
DA:282,1
DA:286,1
DA:290,0
DA:294,2
DA:300,1
LF:108
LH:79
BRDA:18,0,0,0
BRDA:18,0,1,0
BRDA:22,1,0,0
BRDA:22,1,1,0
BRDA:22,2,0,0
BRDA:22,2,1,0
BRDA:22,2,2,0
BRDA:30,3,0,0
BRDA:30,3,1,0
BRDA:34,4,0,0
BRDA:34,4,1,0
BRDA:34,5,0,0
BRDA:34,5,1,0
BRDA:34,5,2,0
BRDA:58,6,0,1
BRDA:58,6,1,1
BRDA:62,7,0,1
BRDA:62,7,1,0
BRDA:99,8,0,2
BRDA:99,8,1,1
BRDA:104,9,0,1
BRDA:104,9,1,0
BRDA:144,10,0,2
BRDA:144,10,1,0
BRDA:148,11,0,1
BRDA:148,11,1,1
BRDA:148,12,0,2
BRDA:148,12,1,1
BRDA:148,12,2,1
BRDA:150,13,0,1
BRDA:150,13,1,0
BRDA:199,14,0,1
BRDA:199,14,1,1
BRDA:201,15,0,1
BRDA:201,15,1,0
BRDA:241,16,0,1
BRDA:241,16,1,2
BRDA:244,17,0,1
BRDA:244,17,1,0
BRDA:244,18,0,1
BRDA:244,18,1,1
BRDA:278,19,0,1
BRDA:278,19,1,2
BRDA:281,20,0,1
BRDA:281,20,1,0
BRDA:281,21,0,1
BRDA:281,21,1,1
BRF:47
BRH:26
end_of_record
TN:
SF:routes\Notices.js
FN:21,(anonymous_0)
FN:55,(anonymous_1)
FN:85,(anonymous_2)
FN:116,(anonymous_3)
FN:151,(anonymous_4)
FN:182,(anonymous_5)
FNF:6
FNH:5
FNDA:2,(anonymous_0)
FNDA:2,(anonymous_1)
FNDA:0,(anonymous_2)
FNDA:3,(anonymous_3)
FNDA:3,(anonymous_4)
FNDA:3,(anonymous_5)
DA:6,1
DA:7,1
DA:8,1
DA:9,1
DA:21,1
DA:22,2
DA:23,2
DA:24,2
DA:25,2
DA:28,2
DA:31,2
DA:32,1
DA:34,1
DA:40,0
DA:41,0
DA:55,1
DA:56,2
DA:57,2
DA:58,2
DA:61,2
DA:64,2
DA:65,0
DA:67,2
DA:70,0
DA:71,0
DA:85,1
DA:86,0
DA:87,0
DA:88,0
DA:89,0
DA:92,0
DA:95,0
DA:96,0
DA:98,0
DA:101,0
DA:102,0
DA:116,1
DA:117,3
DA:118,3
DA:119,3
DA:120,3
DA:121,3
DA:124,3
DA:127,3
DA:128,1
DA:130,2
DA:136,0
DA:137,0
DA:151,1
DA:152,3
DA:153,3
DA:154,3
DA:155,3
DA:158,3
DA:161,3
DA:162,1
DA:164,2
DA:167,0
DA:168,0
DA:182,1
DA:183,3
DA:184,3
DA:185,3
DA:186,3
DA:187,3
DA:188,3
DA:189,3
DA:190,3
DA:193,3
DA:204,3
DA:205,1
DA:207,2
DA:210,0
DA:211,0
DA:216,1
LF:75
LH:54
BRDA:31,0,0,1
BRDA:31,0,1,1
BRDA:64,1,0,0
BRDA:64,1,1,2
BRDA:95,2,0,0
BRDA:95,2,1,0
BRDA:127,3,0,1
BRDA:127,3,1,2
BRDA:161,4,0,1
BRDA:161,4,1,2
BRDA:204,5,0,1
BRDA:204,5,1,2
BRF:12
BRH:9
end_of_record
TN:
SF:routes\WishList.js
FNF:0
FNH:0
DA:2,1
DA:3,1
DA:4,1
DA:5,1
DA:6,1
DA:8,1
DA:10,1
DA:12,1
DA:14,1
LF:9
LH:9
BRF:0
BRH:0
end_of_record
TN:
SF:routes\users.js
FN:19,(anonymous_0)
FN:41,(anonymous_1)
FNF:2
FNH:2
FNDA:2,(anonymous_0)
FNDA:2,(anonymous_1)
DA:6,1
DA:7,1
DA:8,1
DA:19,1
DA:20,2
DA:21,2
DA:22,1
DA:24,1
DA:25,1
DA:41,1
DA:42,2
DA:43,2
DA:44,1
DA:46,1
DA:47,1
DA:55,1
LF:16
LH:16
BRF:0
BRH:0
end_of_record
TN:
SF:tests\mocks\dbMock.js
FNF:0
FNH:0
DA:1,4
DA:4,4
DA:14,4
DA:24,4
DA:34,4
DA:42,4
DA:52,4
DA:62,4
DA:71,4
DA:79,4
DA:89,4
LF:11
LH:11
BRF:0
BRH:0
end_of_record
TN:
SF:tests\mocks\jwtMock.js
FN:4,(anonymous_0)
FNF:1
FNH:1
FNDA:42,(anonymous_0)
DA:1,4
DA:4,4
DA:5,42
DA:6,24
DA:8,18
DA:9,8
DA:11,10
DA:12,3
DA:14,7
DA:16,4
DA:19,3
DA:24,4
DA:26,4
LF:13
LH:13
BRDA:5,0,0,24
BRDA:5,0,1,18
BRDA:8,1,0,8
BRDA:8,1,1,10
BRDA:11,2,0,3
BRDA:11,2,1,7
BRDA:14,3,0,4
BRDA:14,3,1,3
BRF:8
BRH:8
end_of_record
